[0mGET /organizations/register [32m200[0m 56.702 ms - 5304[0m
[0mPOST /organizations/instituteDetails [36m302[0m 68.597 ms - 132[0m
[0mGET /organizations/register [32m200[0m 25.502 ms - 5557[0m
[0mGET /organizations/register [32m200[0m 36.351 ms - 5304[0m
[0mPOST /organizations/instituteDetails [36m302[0m 60.972 ms - 132[0m
[0mGET /organizations/register [32m200[0m 18.275 ms - 5557[0m
[0mGET /organizations/register [32m200[0m 75.428 ms - 5304[0m
[0mPOST /organizations/instituteDetails [36m302[0m 52.451 ms - 132[0m
[0mGET /organizations/register [32m200[0m 17.803 ms - 5557[0m
[0mGET / [36m304[0m 87.699 ms - -[0m
[0mGET /users/signIn [32m200[0m 23.654 ms - 9307[0m
[0mPOST /users/create_session [36m302[0m 53.136 ms - 70[0m
[0mGET /users/signIn [32m200[0m 7.079 ms - 9523[0m
[0mPOST /users/create_session [36m302[0m 10.088 ms - 70[0m
[0mGET /users/signIn [36m304[0m 5.625 ms - -[0m
[0mGET / [32m200[0m 150.789 ms - 19296[0m
[0mGET /users/signIn [32m200[0m 18.680 ms - 9307[0m
[0mGET /users/signUp [32m200[0m 6.137 ms - 9308[0m
[0mGET /users/auth/google [36m302[0m 8.435 ms - 0[0m
[0mGET /users/signUp [36m304[0m 6.991 ms - -[0m
[0mGET /users/auth/google [36m302[0m 10.470 ms - 0[0m
[0mGET /users/auth/google/callback?code=4/4QGr3wIBvrsDbcKPhlzcGYZdpa0worIMDVvoS1rhxvJNyMLpzlQd7-ORl2w0-aqc3CpX2B3tlPnGpH9E5QiugRc&scope=email%20profile%20https://www.googleapis.com/auth/user.organization.read%20https://apps-apis.google.com/a/feeds/domain/%20https://www.googleapis.com/auth/calendar%20https://www.googleapis.com/auth/userinfo.profile%20https://www.googleapis.com/auth/userinfo.email%20openid&authuser=1&hd=iiitkota.ac.in&prompt=consent [32m200[0m 2059.585 ms - 9313[0m
[0mGET /users/auth/google/callback?code=4/4QEy6RIQUNsdI84Q9nfthD9E-jIxz9PNR_oo3aSqXwNPniHw2lmKxl3G8NQiWduHvFsCyiTOhWD8klNVpQ5BVWc&scope=email%20profile%20https://www.googleapis.com/auth/user.organization.read%20https://apps-apis.google.com/a/feeds/domain/%20https://www.googleapis.com/auth/calendar%20https://www.googleapis.com/auth/userinfo.profile%20https://www.googleapis.com/auth/userinfo.email%20openid&authuser=1&hd=iiitkota.ac.in&prompt=consent [32m200[0m 1286.460 ms - 12785[0m
[0mGET / [36m304[0m 73.169 ms - -[0m
[0mGET / [36m304[0m 29.543 ms - -[0m
[0mGET /users/signIn [36m304[0m 7.937 ms - -[0m
[0mGET /users/signUp [36m304[0m 7.293 ms - -[0m
[0mGET /users/auth/google [36m302[0m 4.340 ms - 0[0m
[0mGET /users/auth/google/callback?code=4/4QGttmfxn63K565nrlbJpTtDdLcJ60spl0DFA3h685bWq_qSGC7dfjIbPy2LM0p04drLAvkIvUPwNHWbhX6EBgc&scope=email%20profile%20https://www.googleapis.com/auth/user.organization.read%20https://apps-apis.google.com/a/feeds/domain/%20https://www.googleapis.com/auth/calendar%20https://www.googleapis.com/auth/userinfo.profile%20https://www.googleapis.com/auth/userinfo.email%20openid&authuser=1&hd=iiitkota.ac.in&prompt=consent [32m200[0m 1448.147 ms - 9313[0m
[0mGET /users/auth/google/callback?code=4/4QGttmfxn63K565nrlbJpTtDdLcJ60spl0DFA3h685bWq_qSGC7dfjIbPy2LM0p04drLAvkIvUPwNHWbhX6EBgc&scope=email%20profile%20https://www.googleapis.com/auth/user.organization.read%20https://apps-apis.google.com/a/feeds/domain/%20https://www.googleapis.com/auth/calendar%20https://www.googleapis.com/auth/userinfo.profile%20https://www.googleapis.com/auth/userinfo.email%20openid&authuser=1&hd=iiitkota.ac.in&prompt=consent [31m500[0m 414.788 ms - 1089[0m
[0mGET /users/auth/google/callback?code=4/4QGttmfxn63K565nrlbJpTtDdLcJ60spl0DFA3h685bWq_qSGC7dfjIbPy2LM0p04drLAvkIvUPwNHWbhX6EBgc&scope=email%20profile%20https://www.googleapis.com/auth/user.organization.read%20https://apps-apis.google.com/a/feeds/domain/%20https://www.googleapis.com/auth/calendar%20https://www.googleapis.com/auth/userinfo.profile%20https://www.googleapis.com/auth/userinfo.email%20openid&authuser=1&hd=iiitkota.ac.in&prompt=consent [31m500[0m 435.306 ms - 1089[0m
[0mGET /users/auth/google/callback?code=4/4QFlMAoY97rm-Ija1ARzG1VLAf1t8ng96k8OK8rbOhGYa4MrkGFbZyF6XbZ-X5E4zwwxgcQwyz_FQ5_0qpBgEjo&scope=email%20profile%20https://www.googleapis.com/auth/user.organization.read%20https://apps-apis.google.com/a/feeds/domain/%20https://www.googleapis.com/auth/calendar%20https://www.googleapis.com/auth/userinfo.profile%20https://www.googleapis.com/auth/userinfo.email%20openid&authuser=1&hd=iiitkota.ac.in&prompt=consent [32m200[0m 1468.749 ms - 12785[0m
[0mGET /users/auth/google/callback?code=4/4QFlMAoY97rm-Ija1ARzG1VLAf1t8ng96k8OK8rbOhGYa4MrkGFbZyF6XbZ-X5E4zwwxgcQwyz_FQ5_0qpBgEjo&scope=email%20profile%20https://www.googleapis.com/auth/user.organization.read%20https://apps-apis.google.com/a/feeds/domain/%20https://www.googleapis.com/auth/calendar%20https://www.googleapis.com/auth/userinfo.profile%20https://www.googleapis.com/auth/userinfo.email%20openid&authuser=1&hd=iiitkota.ac.in&prompt=consent [31m500[0m 797.264 ms - 1089[0m
[0mGET /users/auth/google/callback?code=4/4QFlMAoY97rm-Ija1ARzG1VLAf1t8ng96k8OK8rbOhGYa4MrkGFbZyF6XbZ-X5E4zwwxgcQwyz_FQ5_0qpBgEjo&scope=email%20profile%20https://www.googleapis.com/auth/user.organization.read%20https://apps-apis.google.com/a/feeds/domain/%20https://www.googleapis.com/auth/calendar%20https://www.googleapis.com/auth/userinfo.profile%20https://www.googleapis.com/auth/userinfo.email%20openid&authuser=1&hd=iiitkota.ac.in&prompt=consent [31m500[0m 637.751 ms - 1089[0m
[0mGET /users/auth/google/callback?code=4/4QFlMAoY97rm-Ija1ARzG1VLAf1t8ng96k8OK8rbOhGYa4MrkGFbZyF6XbZ-X5E4zwwxgcQwyz_FQ5_0qpBgEjo&scope=email%20profile%20https://www.googleapis.com/auth/user.organization.read%20https://apps-apis.google.com/a/feeds/domain/%20https://www.googleapis.com/auth/calendar%20https://www.googleapis.com/auth/userinfo.profile%20https://www.googleapis.com/auth/userinfo.email%20openid&authuser=1&hd=iiitkota.ac.in&prompt=consent [31m500[0m 1075.351 ms - 1089[0m
[0mGET / [36m304[0m 29.570 ms - -[0m
[0mGET /users/signIn [32m200[0m 17.344 ms - 13173[0m
[0mGET /users/signIn [32m200[0m 11.806 ms - 13133[0m
[0mGET /users/signIn [32m200[0m 13.347 ms - 13039[0m
[0mGET /users/signIn [32m200[0m 6.119 ms - 13108[0m
[0mGET /users/signIn [36m304[0m 14.599 ms - -[0m
[0mPOST /users/create_user [36m302[0m 65.152 ms - 46[0m
[0mGET / [32m200[0m 60.996 ms - 19505[0m
[0mGET /dashboard/student [36m304[0m 9.050 ms - -[0m
[0mPOST /users/create_user [36m302[0m 47.238 ms - 46[0m
[0mGET / [36m304[0m 37.380 ms - -[0m
[0mPOST /users/create_user [36m302[0m 41.928 ms - 46[0m
[0mGET / [36m304[0m 31.685 ms - -[0m
[0mPOST /users/create_user [36m302[0m 16.248 ms - 46[0m
[0mGET / [36m304[0m 27.701 ms - -[0m
[0mGET /users/SignOut [36m302[0m 5.944 ms - 46[0m
[0mGET / [32m200[0m 15.310 ms - 19507[0m
[0mGET /users/signIn [32m200[0m 7.382 ms - 9307[0m
[0mPOST /users/create_session [36m302[0m 9.561 ms - 70[0m
[0mGET /users/signIn [32m200[0m 9.739 ms - 9523[0m
[0mPOST /users/create_session [36m302[0m 6.334 ms - 46[0m
[0mGET / [32m200[0m 22.471 ms - 19283[0m
[0mGET /dashboard/student [36m304[0m 11.589 ms - -[0m
[0mGET / [36m304[0m 18.094 ms - -[0m
[0mGET /users/SignOut [36m302[0m 4.224 ms - 46[0m
[0mGET / [32m200[0m 14.016 ms - 19507[0m
[0mGET /users/signUp [36m304[0m 8.828 ms - -[0m
[0mGET /users/auth/google [36m302[0m 4.117 ms - 0[0m
[0mGET /users/auth/google/callback?code=4/4gGN5ttVnBhBTf1TjgMKBPn4_GpfiHsGVpbjo29ucWpnr5eJjPH0WnZqKbFiiMs3hEhx7jshITWJAT4ux8AOpR8&scope=email%20profile%20https://www.googleapis.com/auth/userinfo.profile%20https://www.googleapis.com/auth/userinfo.email%20https://www.googleapis.com/auth/calendar%20https://apps-apis.google.com/a/feeds/domain/%20https://www.googleapis.com/auth/user.organization.read%20openid&authuser=0&prompt=consent [32m200[0m 1399.805 ms - 9313[0m
[0mGET /users/auth/google/callback?code=4/4gGN5ttVnBhBTf1TjgMKBPn4_GpfiHsGVpbjo29ucWpnr5eJjPH0WnZqKbFiiMs3hEhx7jshITWJAT4ux8AOpR8&scope=email%20profile%20https://www.googleapis.com/auth/userinfo.profile%20https://www.googleapis.com/auth/userinfo.email%20https://www.googleapis.com/auth/calendar%20https://apps-apis.google.com/a/feeds/domain/%20https://www.googleapis.com/auth/user.organization.read%20openid&authuser=0&prompt=consent [31m500[0m 805.163 ms - 1089[0m
[0mGET /users/auth/google/callback?code=4/4QGL_zTo0ESjVnVtyK8rlkFac_qo4rtKeC-oUYApZkIHArsQk5QTWpsPMX6ZyyI-1QW_iBI9st9xvI_h7pl3BHc&scope=email%20profile%20https://www.googleapis.com/auth/userinfo.profile%20https://www.googleapis.com/auth/userinfo.email%20https://www.googleapis.com/auth/calendar%20https://apps-apis.google.com/a/feeds/domain/%20https://www.googleapis.com/auth/user.organization.read%20openid&authuser=0&prompt=consent [32m200[0m 1061.735 ms - 13109[0m
[0mGET /users/auth/google/callback?code=4/4QGL_zTo0ESjVnVtyK8rlkFac_qo4rtKeC-oUYApZkIHArsQk5QTWpsPMX6ZyyI-1QW_iBI9st9xvI_h7pl3BHc&scope=email%20profile%20https://www.googleapis.com/auth/userinfo.profile%20https://www.googleapis.com/auth/userinfo.email%20https://www.googleapis.com/auth/calendar%20https://apps-apis.google.com/a/feeds/domain/%20https://www.googleapis.com/auth/user.organization.read%20openid&authuser=0&prompt=consent [31m500[0m 814.777 ms - 1089[0m
[0mGET / [32m200[0m 21.153 ms - 19296[0m
[0mGET /users/signIn [32m200[0m 8.365 ms - 13121[0m
[0mGET /users/signIn [32m200[0m 9.577 ms - 13159[0m
[0mGET /users/signIn [32m200[0m 13.003 ms - 13159[0m
[0mGET /users/signIn [32m200[0m 12.375 ms - 13159[0m
[0mGET /users/signIn [32m200[0m 9.724 ms - 13155[0m
[0mGET /users/signIn [32m200[0m 14.490 ms - 13128[0m
[0mGET /users/signIn [32m200[0m 13.274 ms - 13146[0m
[0mGET /users/signIn [32m200[0m 6.526 ms - 13158[0m
[0mGET /users/signIn [32m200[0m 5.924 ms - 13165[0m
[0mGET /users/signIn [32m200[0m 13.521 ms - 13188[0m
[0mGET /users/signIn [32m200[0m 9.767 ms - 13179[0m
[0mGET /users/signIn [32m200[0m 12.057 ms - 13178[0m
[0mGET /users/signIn [32m200[0m 13.407 ms - 13192[0m
[0mGET /users/signIn [32m200[0m 6.295 ms - 13197[0m
[0mGET /users/signIn [32m200[0m 10.379 ms - 13202[0m
[0mGET /users/signIn [32m200[0m 10.833 ms - 13197[0m
[0mGET /users/signIn [32m200[0m 12.681 ms - 13482[0m
[0mGET /users/signIn [32m200[0m 5.949 ms - 13486[0m
[0mGET /users/signIn [32m200[0m 6.201 ms - 13466[0m
[0mGET /users/signIn [32m200[0m 12.756 ms - 13482[0m
[0mGET /users/signIn [32m200[0m 15.283 ms - 13569[0m
[0mGET /users/signIn [32m200[0m 9.715 ms - 13565[0m
[0mPOST /users/create_user [36m302[0m 41.043 ms - 112[0m
[0mGET /users/signIn [36m304[0m 20.459 ms - -[0m
[0mGET /users/signIn [32m200[0m 66.001 ms - 13557[0m
[0mPOST /users/create_user [36m302[0m 46.481 ms - 112[0m
[0mGET /users/signIn [36m302[0m 6.621 ms - 72[0m
[0mGET /users/profile [33m404[0m 13.313 ms - 152[0m
[0mGET /users/profile [33m404[0m 28.329 ms - 152[0m
[0mGET /users/signIn [36m302[0m 16.733 ms - 72[0m
[0mGET /users/profile [33m404[0m 4.027 ms - 152[0m
[0mGET / [32m200[0m 34.986 ms - 19312[0m
[0mGET /dashboard/student [32m200[0m 9.290 ms - 7615[0m
[0mGET /dashboard/student [36m304[0m 8.015 ms - -[0m
[0mGET / [32m200[0m 20.558 ms - 19296[0m
[0mGET /users/signIn [32m200[0m 5.201 ms - 9307[0m
[0mGET /users/signIn [36m304[0m 4.181 ms - -[0m
[0mGET /users/signUp [36m304[0m 5.285 ms - -[0m
[0mGET /users/auth/google [36m302[0m 3.566 ms - 0[0m
[0mGET /users/auth/google/callback?code=4/4QELBqft7DD48N7f5b5kYCODhIarI6wCGuHmDq2ZfhBbgyE-spYLk6LrYIGJuhr8jgmTdCif5MtJqyUsNzkGySU&scope=email%20profile%20https://www.googleapis.com/auth/userinfo.profile%20https://www.googleapis.com/auth/userinfo.email%20https://www.googleapis.com/auth/calendar%20https://apps-apis.google.com/a/feeds/domain/%20https://www.googleapis.com/auth/user.organization.read%20openid&authuser=0&prompt=consent [32m200[0m 1316.642 ms - 9313[0m
[0mGET /users/auth/google/callback?code=4/4QELBqft7DD48N7f5b5kYCODhIarI6wCGuHmDq2ZfhBbgyE-spYLk6LrYIGJuhr8jgmTdCif5MtJqyUsNzkGySU&scope=email%20profile%20https://www.googleapis.com/auth/userinfo.profile%20https://www.googleapis.com/auth/userinfo.email%20https://www.googleapis.com/auth/calendar%20https://apps-apis.google.com/a/feeds/domain/%20https://www.googleapis.com/auth/user.organization.read%20openid&authuser=0&prompt=consent [31m500[0m 1183.726 ms - 1089[0m
[0mGET / [36m304[0m 20.523 ms - -[0m
[0mGET /users/signIn [32m200[0m 10.935 ms - 13557[0m
[0mPOST /users/create_user [36m302[0m 4.955 ms - 112[0m
[0mGET /users/signIn [32m200[0m 4.932 ms - 13773[0m
[0mPOST /users/create_user [36m302[0m 5.191 ms - 112[0m
[0mGET /users/signIn [36m304[0m 8.623 ms - -[0m
[0mPOST /users/create_user [36m302[0m 9.274 ms - 46[0m
[0mGET / [32m200[0m 15.202 ms - 19731[0m
[0mGET / [32m200[0m 138.201 ms - 19296[0m
[0mGET /users/signIn [32m200[0m 14.728 ms - 13557[0m
[0mPOST /users/create_user [36m302[0m 17.641 ms - 112[0m
[0mGET /users/signIn [32m200[0m 6.789 ms - 13770[0m
[0mGET /users/signIn [32m200[0m 17.396 ms - 13557[0m
[0mGET / [36m304[0m 34.507 ms - -[0m
[0mGET /organizations/register [32m200[0m 13.077 ms - 5304[0m
[0mPOST /organizations/instituteDetails [36m302[0m 67.789 ms - 132[0m
[0mGET /organizations/register [32m200[0m 17.892 ms - 5557[0m
[0mPOST /organizations/instituteDetails [36m302[0m 17.644 ms - 132[0m
[0mGET /organizations/register [36m304[0m 15.443 ms - -[0m
[0mPOST /organizations/instituteDetails [36m302[0m 24.433 ms - 132[0m
[0mGET /organizations/register [36m304[0m 14.587 ms - -[0m
[0mPOST /organizations/instituteDetails [36m302[0m 64.028 ms - 132[0m
[0mGET /organizations/register [36m304[0m 61.539 ms - -[0m
[0mGET / [36m304[0m 42.739 ms - -[0m
[0mGET /users/signIn [36m304[0m 6.939 ms - -[0m
[0mPOST /users/create_user [0m-[0m - ms - -[0m
[0mPOST /users/create_user [36m302[0m 42.739 ms - 46[0m
[0mGET / [32m200[0m 35.941 ms - 19534[0m
[0mPOST /users/create_user [0m-[0m - ms - -[0m
[0mGET / [32m200[0m 223.506 ms - 19296[0m
[0mGET /users/signIn [32m200[0m 18.835 ms - 9307[0m
[0mGET /organizations/register [32m200[0m 18.972 ms - 5304[0m
[0mPOST /organizations/instituteDetails [36m302[0m 105.476 ms - 132[0m
[0mGET /organizations/register [32m200[0m 18.280 ms - 5557[0m
[0mGET /users/signIn [36m304[0m 5.268 ms - -[0m
[0mGET /users/signUp [36m304[0m 5.403 ms - -[0m
[0mGET /users/auth/google [36m302[0m 9.445 ms - 0[0m
[0mGET /users/auth/google/callback?code=4/4QFp6M7_hV-Z8VvokCiUAK0w_zA6B-PU_8cTC9334n735xsUu_VclcxEKE6M3L5nB78HiVEXC7bxksRnaauUmtg&scope=email%20profile%20https://www.googleapis.com/auth/userinfo.profile%20https://www.googleapis.com/auth/userinfo.email%20https://www.googleapis.com/auth/calendar%20https://apps-apis.google.com/a/feeds/domain/%20https://www.googleapis.com/auth/user.organization.read%20openid&authuser=0&prompt=consent [32m200[0m 1335.553 ms - 9313[0m
[0mGET / [36m304[0m 88.042 ms - -[0m
[0mGET /users/signIn [32m200[0m 8.214 ms - 13557[0m
[0mPOST /users/create_user [36m302[0m 49.359 ms - 112[0m
[0mGET /users/signIn [36m302[0m 13.199 ms - 72[0m
[0mGET /users/profile [33m404[0m 16.253 ms - 152[0m
[0mGET /users/signIn [36m302[0m 54.978 ms - 72[0m
[0mGET /users/profile [33m404[0m 9.490 ms - 152[0m
[0mGET /users/profile [33m404[0m 7.554 ms - 152[0m
[0mGET /users/signIn [36m302[0m 5.789 ms - 72[0m
[0mGET /users/profile [33m404[0m 3.923 ms - 152[0m
[0mGET / [32m200[0m 48.022 ms - 19312[0m
[0mGET / [36m304[0m 18.276 ms - -[0m
[0mGET / [36m304[0m 17.197 ms - -[0m
[0mGET / [36m304[0m 13.647 ms - -[0m
[0mGET /dashboard/student [36m304[0m 10.183 ms - -[0m
[0mGET /users/SignOut [36m302[0m 10.999 ms - 46[0m
[0mGET / [32m200[0m 10.908 ms - 19507[0m
[0mGET /users/signIn [32m200[0m 4.148 ms - 9307[0m
[0mGET /users/signUp [36m304[0m 5.800 ms - -[0m
[0mGET /users/auth/google [36m302[0m 5.409 ms - 0[0m
[0mGET /users/auth/google/callback?code=4/4QHnq1esVgRwCKLTy9CntFOtENqNmdzqXISTWa4NQqPRG5XVIaojkR2UW76xWyzsefa1lC3XjPp86UBq8QSqPX0&scope=email%20profile%20https://www.googleapis.com/auth/user.organization.read%20https://apps-apis.google.com/a/feeds/domain/%20https://www.googleapis.com/auth/calendar%20https://www.googleapis.com/auth/userinfo.profile%20https://www.googleapis.com/auth/userinfo.email%20openid&authuser=1&hd=iiitkota.ac.in&prompt=consent [32m200[0m 1387.413 ms - 9313[0m
[0mGET / [32m200[0m 19.398 ms - 19296[0m
[0mGET /users/signIn [32m200[0m 9.832 ms - 13556[0m
[0mPOST /users/create_user [36m302[0m 21.074 ms - 46[0m
[0mGET / [32m200[0m 16.546 ms - 19534[0m
[0mPOST /users/create_user [36m302[0m 59.723 ms - 46[0m
[0mGET / [36m304[0m 36.668 ms - -[0m
[0mGET /users/SignOut [36m302[0m 74.207 ms - 46[0m
[0mGET / [32m200[0m 32.217 ms - 19507[0m
[0mGET /users/signUp [36m304[0m 5.157 ms - -[0m
[0mGET /users/auth/google [36m302[0m 5.083 ms - 0[0m
[0mGET /users/auth/google/callback?code=4/4QFy6GZwqXYHxwkpY7WeY8rQH4jHMb61xFkEb6N2BDAme9d7AVtUB3_8JUD-PwZvd5fnG062fTvz1miAAVeq8rQ&scope=email%20profile%20https://www.googleapis.com/auth/user.organization.read%20https://apps-apis.google.com/a/feeds/domain/%20https://www.googleapis.com/auth/calendar%20https://www.googleapis.com/auth/userinfo.profile%20https://www.googleapis.com/auth/userinfo.email%20openid&authuser=1&hd=iiitkota.ac.in&prompt=consent [36m302[0m 1549.652 ms - 46[0m
[0mGET / [32m200[0m 29.591 ms - 19312[0m
[0mGET /dashboard/student [32m200[0m 10.921 ms - 7647[0m
[0mGET /users/SignOut [36m302[0m 4.287 ms - 46[0m
[0mGET / [32m200[0m 18.826 ms - 19507[0m
[0mGET /users/signIn [32m200[0m 11.453 ms - 9307[0m
[0mGET /users/signUp [36m304[0m 7.134 ms - -[0m
[0mGET /users/auth/google [36m302[0m 2.789 ms - 0[0m
[0mGET /users/auth/google/callback?code=4/4QHcFEZz4v99ks2PzsWByX70JQpnV7C3Fv51C6W1is528oqUWYUX2jcWRrJRq9S69n7SWUhK3UqVJJ8y-kQC0xA&scope=email%20profile%20https://www.googleapis.com/auth/userinfo.profile%20https://www.googleapis.com/auth/userinfo.email%20https://www.googleapis.com/auth/calendar%20https://apps-apis.google.com/a/feeds/domain/%20https://www.googleapis.com/auth/user.organization.read%20openid&authuser=2&prompt=consent [32m200[0m 1465.208 ms - 9313[0m
[0mGET / [32m200[0m 26.439 ms - 19296[0m
[0mGET /users/signIn [32m200[0m 10.893 ms - 13556[0m
[0mPOST /users/create_user [36m302[0m 65.750 ms - 46[0m
[0mGET / [32m200[0m 36.860 ms - 19556[0m
[0mGET / [32m200[0m 54.243 ms - 19312[0m
[0mPOST /users/create_user [36m302[0m 31.842 ms - 46[0m
[0mGET / [32m200[0m 22.844 ms - 19633[0m
[0mPOST /users/create_user [36m302[0m 18.908 ms - 46[0m
[0mGET / [32m200[0m 17.811 ms - 19633[0m
[0mPOST /users/create_user [36m302[0m 66.541 ms - 46[0m
[0mGET / [32m200[0m 42.996 ms - 19613[0m
[0mPOST /users/create_user [36m302[0m 28.177 ms - 44[0m
[0mGET /favicon.ico [33m404[0m 9.096 ms - 150[0m
[0mGET /users/create_user [33m404[0m 9.110 ms - 156[0m
[0mGET /users/create_user [33m404[0m 5.326 ms - 156[0m
[0mPOST /users/create_user [36m302[0m 26.309 ms - 44[0m
[0mPOST /users/create_user [36m302[0m 29.725 ms - 44[0m
[0mPOST /users/create_user [36m302[0m 26.910 ms - 46[0m
[0mGET / [32m200[0m 40.255 ms - 19541[0m
[0mPOST /users/create_user [36m302[0m 32.641 ms - 58[0m
[0mGET /signIn [33m404[0m 5.353 ms - 145[0m
[0mGET / [32m200[0m 80.785 ms - 19312[0m
[0mGET /dashboard/student [32m200[0m 38.070 ms - 7614[0m
[0mGET /dashboard/student [36m304[0m 15.199 ms - -[0m
[0mGET / [36m304[0m 26.574 ms - -[0m
[0mGET /dashboard/student [36m304[0m 12.685 ms - -[0m
[0mGET /dashboard/student [36m304[0m 11.838 ms - -[0m
[0mGET / [32m200[0m 20.584 ms - 19312[0m
[0mGET /dashboard/teacher [32m200[0m 9.076 ms - 7661[0m
[0mGET /dashboard/images/logo.png [33m404[0m 25.398 ms - 164[0m
[0mGET /dashboard/images/discussion_logo.png [33m404[0m 31.365 ms - 175[0m
[0mGET /dashboard/teacher [36m304[0m 12.496 ms - -[0m
[0mGET /dashboard/images/logo.png [33m404[0m 21.622 ms - 164[0m
[0mGET /dashboard/images/discussion_logo.png [33m404[0m 22.915 ms - 175[0m
[0mGET /dashboard/teacher [36m304[0m 4.691 ms - -[0m
[0mGET /dashboard/images/logo.png [33m404[0m 14.204 ms - 164[0m
[0mGET /dashboard/images/discussion_logo.png [33m404[0m 19.837 ms - 175[0m
[0mGET /dashboard/teacher [32m200[0m 13.408 ms - 7662[0m
[0mGET /dashboard/images/discussion_logo.png [33m404[0m 8.178 ms - 175[0m
[0mGET /dashboard/teacher [36m304[0m 9.004 ms - -[0m
[0mGET /dashboard/images/discussion_logo.png [33m404[0m 16.490 ms - 175[0m
[0mGET /dashboard/teacher [31m500[0m 14.917 ms - 1932[0m
[0mGET /dashboard/teacher [31m500[0m 4.184 ms - 1932[0m
[0mGET /dashboard/teacher [32m200[0m 10.680 ms - 7662[0m
[0mGET /dashboard/images/discussion_logo.png [33m404[0m 26.869 ms - 175[0m
[0mGET /dashboard/teacher [32m200[0m 8.998 ms - 7663[0m
[0mGET /dashboard/teacher [32m200[0m 11.192 ms - 7717[0m
[0mGET /dashboard/teacher [36m304[0m 13.860 ms - -[0m
[0mGET /dashboard/teacher [32m200[0m 13.122 ms - 7725[0m
[0mGET /dashboard/teacher [36m304[0m 5.995 ms - -[0m
