[0mGET / [32m200[0m 108.016 ms - 20820[0m
[0mGET /css/styles.css [33m404[0m 14.337 ms - 153[0m
[0mGET /css/styles.css [33m404[0m 3.475 ms - 153[0m
[0mGET /public/js/jquery-3.5.1.min.js [33m404[0m 4.277 ms - 168[0m
[0mGET /images/logo.png [33m404[0m 73.760 ms - 154[0m
[0mGET /images/meeting_logo.png [33m404[0m 25.572 ms - 162[0m
[0mGET /images/student_image.jpg [33m404[0m 81.144 ms - 163[0m
[0mGET /images/discussion_logo.png [33m404[0m 36.550 ms - 165[0m
[0mGET /images/online_image.png [33m404[0m 34.931 ms - 162[0m
[0mGET /images/doubt_image2.png [33m404[0m 49.644 ms - 162[0m
[0mGET /images/meeting_image.jpg [33m404[0m 60.451 ms - 163[0m
[0mGET /images/about-image.jpg [33m404[0m 80.722 ms - 161[0m
[0mGET /images/main_info.jpg [33m404[0m 46.213 ms - 159[0m
[0mGET /images/upkar_image.jpg [33m404[0m 51.991 ms - 161[0m
[0mGET /images/sumit_image.jpeg [33m404[0m 49.119 ms - 162[0m
[0mGET /css/styles.css [33m404[0m 5.231 ms - 153[0m
[0mGET /public/js/jquery-3.5.1.min.js [33m404[0m 2.911 ms - 168[0m
[0mGET /images/logo.png [33m404[0m 3.570 ms - 154[0m
[0mGET /images/student_image.jpg [33m404[0m 3.162 ms - 163[0m
[0mGET /images/meeting_logo.png [33m404[0m 4.875 ms - 162[0m
[0mGET /images/discussion_logo.png [33m404[0m 4.033 ms - 165[0m
[0mGET /images/online_image.png [33m404[0m 10.583 ms - 162[0m
[0mGET /images/doubt_image2.png [33m404[0m 3.971 ms - 162[0m
[0mGET /images/meeting_image.jpg [33m404[0m 5.321 ms - 163[0m
[0mGET /images/about-image.jpg [33m404[0m 6.662 ms - 161[0m
[0mGET /images/main_info.jpg [33m404[0m 4.806 ms - 159[0m
[0mGET /images/upkar_image.jpg [33m404[0m 6.809 ms - 161[0m
[0mGET /images/sumit_image.jpeg [33m404[0m 3.158 ms - 162[0m
[0mGET /public/js/jquery-3.5.1.min.js [33m404[0m 3.950 ms - 168[0m
[0mGET / [32m200[0m 19.773 ms - 20838[0m
[0mGET /images/logo.png [33m404[0m 2.356 ms - 154[0m
[0mGET /css/styles.css [33m404[0m 5.386 ms - 153[0m
[0mGET /public/js/jquery-3.5.1.min.js [33m404[0m 3.505 ms - 168[0m
[0mGET / [36m304[0m 29.730 ms - -[0m
[0mGET /css/styles.css [33m404[0m 5.360 ms - 153[0m
[0mGET /public/js/jquery-3.5.1.min.js [33m404[0m 4.870 ms - 168[0m
[0mGET /images/logo.png [33m404[0m 3.047 ms - 154[0m
[0mGET /images/student_image.jpg [33m404[0m 3.190 ms - 163[0m
[0mGET /images/meeting_logo.png [33m404[0m 7.443 ms - 162[0m
[0mGET /images/discussion_logo.png [33m404[0m 26.674 ms - 165[0m
[0mGET /images/online_image.png [33m404[0m 26.928 ms - 162[0m
[0mGET /images/doubt_image2.png [33m404[0m 26.701 ms - 162[0m
[0mGET /images/about-image.jpg [33m404[0m 24.099 ms - 161[0m
[0mGET /css/styles.css [33m404[0m 14.464 ms - 153[0m
[0mGET /images/meeting_image.jpg [33m404[0m 23.368 ms - 163[0m
[0mGET /images/main_info.jpg [33m404[0m 4.625 ms - 159[0m
[0mGET /images/upkar_image.jpg [33m404[0m 7.942 ms - 161[0m
[0mGET /images/sumit_image.jpeg [33m404[0m 11.952 ms - 162[0m
[0mGET /public/js/jquery-3.5.1.min.js [33m404[0m 4.560 ms - 168[0m
[0mGET / [32m200[0m 30.774 ms - 19047[0m
[0mGET /css/styles.css [33m404[0m 3.371 ms - 153[0m
[0mGET /public/js/jquery-3.5.1.min.js [33m404[0m 6.994 ms - 168[0m
[0mGET /images/logo.png [33m404[0m 4.184 ms - 154[0m
[0mGET /images/online_image.png [33m404[0m 16.180 ms - 162[0m
[0mGET /images/student_image.jpg [33m404[0m 15.778 ms - 163[0m
[0mGET /images/meeting_logo.png [33m404[0m 15.449 ms - 162[0m
[0mGET /images/discussion_logo.png [33m404[0m 15.388 ms - 165[0m
[0mGET /css/styles.css [33m404[0m 20.172 ms - 153[0m
[0mGET /images/doubt_image2.png [33m404[0m 18.714 ms - 162[0m
[0mGET /images/about-image.jpg [33m404[0m 18.233 ms - 161[0m
[0mGET /images/meeting_image.jpg [33m404[0m 18.958 ms - 163[0m
[0mGET /images/main_info.jpg [33m404[0m 20.336 ms - 159[0m
[0mGET /images/sumit_image.jpeg [33m404[0m 31.837 ms - 162[0m
[0mGET /images/upkar_image.jpg [33m404[0m 17.711 ms - 161[0m
[0mGET /public/js/jquery-3.5.1.min.js [33m404[0m 3.075 ms - 168[0m
[0mGET / [36m304[0m 26.966 ms - -[0m
[0mGET /css/styles.css [33m404[0m 4.604 ms - 153[0m
[0mGET /public/js/jquery-3.5.1.min.js [33m404[0m 8.675 ms - 168[0m
[0mGET /images/logo.png [33m404[0m 6.532 ms - 154[0m
[0mGET /images/student_image.jpg [33m404[0m 3.894 ms - 163[0m
[0mGET /images/meeting_logo.png [33m404[0m 12.916 ms - 162[0m
[0mGET /images/doubt_image2.png [33m404[0m 16.900 ms - 162[0m
[0mGET /images/discussion_logo.png [33m404[0m 26.630 ms - 165[0m
[0mGET /images/online_image.png [33m404[0m 16.560 ms - 162[0m
[0mGET /images/meeting_image.jpg [33m404[0m 20.137 ms - 163[0m
[0mGET /images/about-image.jpg [33m404[0m 16.123 ms - 161[0m
[0mGET /css/styles.css [33m404[0m 17.191 ms - 153[0m
[0mGET /images/main_info.jpg [33m404[0m 15.800 ms - 159[0m
[0mGET /images/upkar_image.jpg [33m404[0m 13.572 ms - 161[0m
[0mGET /images/sumit_image.jpeg [33m404[0m 12.561 ms - 162[0m
[0mGET /public/js/jquery-3.5.1.min.js [33m404[0m 2.398 ms - 168[0m
[0mGET / [36m304[0m 80.952 ms - -[0m
[0mGET /images/online_image.png [33m404[0m 34.142 ms - 162[0m
[0mGET /images/discussion_logo.png [33m404[0m 33.286 ms - 165[0m
[0mGET /public/js/jquery-3.5.1.min.js [33m404[0m 43.439 ms - 168[0m
[0mGET /images/student_image.jpg [33m404[0m 48.468 ms - 163[0m
[0mGET /images/logo.png [33m404[0m 34.698 ms - 154[0m
[0mGET /images/meeting_logo.png [33m404[0m 48.355 ms - 162[0m
[0mGET /images/meeting_image.jpg [33m404[0m 105.470 ms - 163[0m
[0mGET /images/doubt_image2.png [33m404[0m 109.950 ms - 162[0m
[0mGET /images/sumit_image.jpeg [33m404[0m 15.385 ms - 162[0m
[0mGET /images/about-image.jpg [33m404[0m 42.907 ms - 161[0m
[0mGET /images/main_info.jpg [33m404[0m 38.172 ms - 159[0m
[0mGET /images/upkar_image.jpg [33m404[0m 43.403 ms - 161[0m
[0mGET /images/contact_bg2.jpg [33m404[0m 2.849 ms - 161[0m
[0mGET / [36m304[0m 30.348 ms - -[0m
[0mGET /public/js/jquery-3.5.1.min.js [33m404[0m 12.450 ms - 168[0m
[0mGET /images/student_image.jpg [33m404[0m 12.881 ms - 163[0m
[0mGET /images/meeting_logo.png [33m404[0m 13.369 ms - 162[0m
[0mGET /images/online_image.png [33m404[0m 17.512 ms - 162[0m
[0mGET /images/discussion_logo.png [33m404[0m 14.831 ms - 165[0m
[0mGET /images/logo.png [33m404[0m 12.389 ms - 154[0m
[0mGET /images/main_info.jpg [33m404[0m 15.274 ms - 159[0m
[0mGET /images/doubt_image2.png [33m404[0m 19.555 ms - 162[0m
[0mGET /images/meeting_image.jpg [33m404[0m 15.260 ms - 163[0m
[0mGET /images/about-image.jpg [33m404[0m 14.588 ms - 161[0m
[0mGET /images/sumit_image.jpeg [33m404[0m 12.643 ms - 162[0m
[0mGET /images/upkar_image.jpg [33m404[0m 11.729 ms - 161[0m
[0mGET /images/contact_bg2.jpg [33m404[0m 2.452 ms - 161[0m
[0mGET / [36m304[0m 25.453 ms - -[0m
[0mGET /public/js/jquery-3.5.1.min.js [33m404[0m 10.414 ms - 168[0m
[0mGET /images/logo.png [33m404[0m 17.989 ms - 154[0m
[0mGET /images/student_image.jpg [33m404[0m 19.937 ms - 163[0m
[0mGET /images/meeting_logo.png [33m404[0m 20.148 ms - 162[0m
[0mGET /images/discussion_logo.png [33m404[0m 20.134 ms - 165[0m
[0mGET /images/online_image.png [33m404[0m 26.678 ms - 162[0m
[0mGET /images/doubt_image2.png [33m404[0m 12.495 ms - 162[0m
[0mGET /images/meeting_image.jpg [33m404[0m 13.093 ms - 163[0m
[0mGET /images/about-image.jpg [33m404[0m 14.367 ms - 161[0m
[0mGET /images/upkar_image.jpg [33m404[0m 12.033 ms - 161[0m
[0mGET /images/main_info.jpg [33m404[0m 12.359 ms - 159[0m
[0mGET /images/sumit_image.jpeg [33m404[0m 12.984 ms - 162[0m
[0mGET /images/contact_bg2.jpg [33m404[0m 2.475 ms - 161[0m
[0mGET / [36m304[0m 17.977 ms - -[0m
[0mGET /public/js/jquery-3.5.1.min.js [33m404[0m 38.925 ms - 168[0m
[0mGET /images/logo.png [33m404[0m 17.971 ms - 154[0m
[0mGET /images/student_image.jpg [33m404[0m 19.421 ms - 163[0m
[0mGET /images/meeting_logo.png [33m404[0m 18.056 ms - 162[0m
[0mGET /images/discussion_logo.png [33m404[0m 14.947 ms - 165[0m
[0mGET /images/online_image.png [33m404[0m 14.604 ms - 162[0m
[0mGET /images/doubt_image2.png [33m404[0m 2.870 ms - 162[0m
[0mGET /images/meeting_image.jpg [33m404[0m 9.700 ms - 163[0m
[0mGET /images/about-image.jpg [33m404[0m 9.829 ms - 161[0m
[0mGET /images/main_info.jpg [33m404[0m 14.118 ms - 159[0m
[0mGET /images/upkar_image.jpg [33m404[0m 11.165 ms - 161[0m
[0mGET /images/sumit_image.jpeg [33m404[0m 4.797 ms - 162[0m
[0mGET /images/contact_bg2.jpg [33m404[0m 2.202 ms - 161[0m
[0mGET /public/js/jquery-3.5.1.min.js [33m404[0m 2.752 ms - 168[0m
[0mGET / [36m304[0m 278.230 ms - -[0m
[0mGET /public/js/jquery-3.5.1.min.js [33m404[0m 19.340 ms - 168[0m
[0mGET /images/logo.png [33m404[0m 82.116 ms - 154[0m
[0mGET /images/student_image.jpg [33m404[0m 120.230 ms - 163[0m
[0mGET /images/meeting_logo.png [33m404[0m 121.995 ms - 162[0m
[0mGET /images/discussion_logo.png [33m404[0m 125.534 ms - 165[0m
[0mGET /images/online_image.png [33m404[0m 27.314 ms - 162[0m
[0mGET /images/doubt_image2.png [33m404[0m 46.787 ms - 162[0m
[0mGET /public/js/jquery-3.5.1.min.js [33m404[0m 26.995 ms - 168[0m
[0mGET /images/meeting_image.jpg [33m404[0m 42.926 ms - 163[0m
[0mGET /images/about-image.jpg [33m404[0m 15.066 ms - 161[0m
[0mGET /images/main_info.jpg [33m404[0m 15.709 ms - 159[0m
[0mGET /images/upkar_image.jpg [33m404[0m 52.995 ms - 161[0m
[0mGET /images/sumit_image.jpeg [33m404[0m 13.912 ms - 162[0m
[0mGET /images/contact_bg2.jpg [33m404[0m 7.015 ms - 161[0m
[0mGET / [36m304[0m 26.352 ms - -[0m
[0mGET /public/js/jquery-3.5.1.min.js [33m404[0m 5.148 ms - 168[0m
[0mGET /public/js/jquery-3.5.1.min.js [33m404[0m 3.695 ms - 168[0m
[0mGET / [36m304[0m 23.840 ms - -[0m
[0mGET /public/js/jquery-3.5.1.min.js [33m404[0m 17.299 ms - 168[0m
[0mGET /public/js/jquery-3.5.1.min.js [33m404[0m 2.253 ms - 168[0m
[0mGET / [36m304[0m 27.386 ms - -[0m
[0mGET /public/js/jquery-3.5.1.min.js [33m404[0m 21.223 ms - 168[0m
[0mGET /public/js/jquery-3.5.1.min.js [33m404[0m 2.332 ms - 168[0m
[0mGET / [36m304[0m 20.829 ms - -[0m
[0mGET /public/js/jquery-3.5.1.min.js [33m404[0m 2.322 ms - 168[0m
[0mGET /public/js/jquery-3.5.1.min.js [33m404[0m 3.114 ms - 168[0m
[0mGET / [36m304[0m 14.215 ms - -[0m
[0mGET /public/js/jquery-3.5.1.min.js [33m404[0m 13.759 ms - 168[0m
[0mGET / [36m304[0m 16.090 ms - -[0m
[0mGET /public/js/jquery-3.5.1.min.js [33m404[0m 10.556 ms - 168[0m
[0mGET / [36m304[0m 16.145 ms - -[0m
[0mGET /public/js/jquery-3.5.1.min.js [33m404[0m 4.183 ms - 168[0m
[0mGET /public/js/jquery-3.5.1.min.js [33m404[0m 2.531 ms - 168[0m
[0mGET / [32m200[0m 19.223 ms - 19040[0m
[0mGET / [36m304[0m 15.877 ms - -[0m
[0mGET / [36m304[0m 16.974 ms - -[0m
[0mGET / [36m304[0m 17.851 ms - -[0m
[0mGET / [36m304[0m 64.128 ms - -[0m
[0mGET / [32m200[0m 26.994 ms - 19058[0m
[0mGET / [36m304[0m 32.597 ms - -[0m
[0mGET / [36m304[0m 16.546 ms - -[0m
[0mGET / [32m200[0m 24.223 ms - 19050[0m
[0mGET / [32m200[0m 26.388 ms - 19065[0m
[0mGET / [36m304[0m 31.227 ms - -[0m
[0mGET / [36m304[0m 16.890 ms - -[0m
[0mGET / [36m304[0m 17.481 ms - -[0m
[0mGET / [36m304[0m 15.814 ms - -[0m
[0mGET / [36m304[0m 21.138 ms - -[0m
[0mGET / [36m304[0m 18.293 ms - -[0m
[0mGET / [36m304[0m 34.893 ms - -[0m
[0mGET / [36m304[0m 19.099 ms - -[0m
[0mGET / [32m200[0m 17.858 ms - 19049[0m
[0mGET / [36m304[0m 18.496 ms - -[0m
[0mGET / [36m304[0m 31.059 ms - -[0m
[0mGET / [32m200[0m 15.589 ms - 19040[0m
[0mGET / [32m200[0m 24.198 ms - 19049[0m
[0mGET / [36m304[0m 14.842 ms - -[0m
[0mGET / [32m200[0m 24.048 ms - 19040[0m
[0mGET / [32m200[0m 15.514 ms - 19046[0m
[0mGET /signUp [33m404[0m 5.226 ms - 145[0m
[0mGET / [32m200[0m 17.362 ms - 19051[0m
[0mGET /users/signUp [32m200[0m 8.814 ms - 5566[0m
[0mGET /users/signUp [36m304[0m 8.613 ms - -[0m
[0mGET /users/signUp [32m200[0m 34.908 ms - 9596[0m
[0mGET /users/signUp [36m304[0m 15.034 ms - -[0m
[0mGET /users/signUp [36m304[0m 9.106 ms - -[0m
[0mGET /users/signUp [32m200[0m 80.413 ms - 9597[0m
[0mGET /users/signUp [32m200[0m 26.331 ms - 9656[0m
[0mGET /users/signUp [32m200[0m 24.025 ms - 9755[0m
[0mGET /users/signUp [32m200[0m 13.326 ms - 9706[0m
[0mGET /users/signUp [32m200[0m 14.365 ms - 9733[0m
[0mGET /users/signUp [36m304[0m 10.859 ms - -[0m
[0mGET /users/signUp [32m200[0m 12.410 ms - 9734[0m
[0mGET /users/signUp [32m200[0m 11.967 ms - 9735[0m
[0mGET /users/signUp [36m304[0m 10.000 ms - -[0m
[0mGET /users/signUp [32m200[0m 11.055 ms - 9835[0m
[0mGET /users/signUp [32m200[0m 14.029 ms - 9834[0m
[0mGET /users/signUp [36m304[0m 5.880 ms - -[0m
[0mGET /users/signUp [32m200[0m 10.087 ms - 9835[0m
[0mGET /users/signUp [32m200[0m 20.174 ms - 9825[0m
[0mGET /users/signUp [32m200[0m 14.972 ms - 9856[0m
[0mGET /users/signUp [32m200[0m 12.689 ms - 9839[0m
[0mGET /users/signUp [32m200[0m 12.088 ms - 9847[0m
[0mGET /users/signUp [32m200[0m 12.812 ms - 9825[0m
[0mGET /users/signUp [36m304[0m 10.113 ms - -[0m
[0mGET /users/signUp [32m200[0m 7.132 ms - 9835[0m
[0mGET /users/auth/google [36m302[0m 9.745 ms - 0[0m
[0mGET /users/auth/google/callback?code=4/4QFSsqtvtu36aAGZmviTyaBs-xxRwb1pIsUTHLco3zOWzKWftgO4dCtmQQPJKjJu6bEQ3PQkUA_3epmE96_oK3c&scope=email%20profile%20https://www.googleapis.com/auth/userinfo.profile%20https://www.googleapis.com/auth/userinfo.email%20https://www.googleapis.com/auth/calendar%20openid&authuser=0&prompt=consent [32m200[0m 972.162 ms - 9840[0m
[0mGET /users/auth/images/form_main.jpg [33m404[0m 64.905 ms - 170[0m
[0mGET /users/auth/images/thank_you.jpg [33m404[0m 64.023 ms - 170[0m
[0mGET /users/auth/images/logo2.png [33m404[0m 68.824 ms - 166[0m
[0mGET /users/auth/google/callback?code=4/4QFSsqtvtu36aAGZmviTyaBs-xxRwb1pIsUTHLco3zOWzKWftgO4dCtmQQPJKjJu6bEQ3PQkUA_3epmE96_oK3c&scope=email%20profile%20https://www.googleapis.com/auth/userinfo.profile%20https://www.googleapis.com/auth/userinfo.email%20https://www.googleapis.com/auth/calendar%20openid&authuser=0&prompt=consent [31m500[0m 358.955 ms - 1089[0m
[0mGET /users/auth/google/callback?code=4/4QHtqf73gFID5wgyavgy7cicyGQpF0h0sX9ZtQE-e0ni_qwSsgkoSkgi1ozG4gPt7QB_zv0WYCsRGS2FP5LF3x8&scope=email%20profile%20https://www.googleapis.com/auth/userinfo.profile%20https://www.googleapis.com/auth/userinfo.email%20https://www.googleapis.com/auth/calendar%20openid&authuser=0&prompt=consent [32m200[0m 918.926 ms - 9840[0m
[0mGET /users/auth/images/form_main.jpg [33m404[0m 19.527 ms - 170[0m
[0mGET /users/auth/images/logo2.png [33m404[0m 16.228 ms - 166[0m
[0mGET /users/auth/images/thank_you.jpg [33m404[0m 16.457 ms - 170[0m
[0mGET / [36m304[0m 50.421 ms - -[0m
[0mGET /users/signUp [36m302[0m 12.694 ms - 72[0m
[0mGET /users/profile [33m404[0m 5.673 ms - 152[0m
[0mGET /users/signUp [36m302[0m 8.118 ms - 72[0m
[0mGET /users/profile [33m404[0m 12.557 ms - 152[0m
[0mGET / [36m304[0m 18.669 ms - -[0m
[0mGET /users/signUp [36m302[0m 8.603 ms - 72[0m
[0mGET /users/profile [33m404[0m 7.115 ms - 152[0m
[0mGET / [36m304[0m 59.796 ms - -[0m
[0mGET /users/signUp [36m302[0m 5.586 ms - 72[0m
[0mGET /users/profile [33m404[0m 10.287 ms - 152[0m
[0mGET /users/signUp [36m302[0m 10.098 ms - 72[0m
[0mGET /users/profile [33m404[0m 7.909 ms - 152[0m
[0mGET / [36m304[0m 68.170 ms - -[0m
[0mGET / [36m304[0m 27.163 ms - -[0m
[0mGET /users/signUp [36m302[0m 20.938 ms - 46[0m
[0mGET / [36m304[0m 30.224 ms - -[0m
[0mGET / [36m304[0m 60.806 ms - -[0m
[0mGET /users/signUp [32m200[0m 16.678 ms - 11493[0m
[0mGET /users/signUp [32m200[0m 13.723 ms - 11491[0m
[0mGET /users/signUp [32m200[0m 14.373 ms - 11493[0m
[0mGET /users/signUp [36m304[0m 25.813 ms - -[0m
[0mGET /users/auth/google [36m302[0m 6.448 ms - 0[0m
[0mGET /users/auth/google [36m302[0m 3.610 ms - 0[0m
[0mGET /users/auth/google/callback?code=4/4QG9uVu-y-QNlhCbnAYYP5KQz6Z9uBu7LB4cmQy00_161JN-dEecyGV522W4sPnL5ufyZsLAeXyLbD5B187wPv8&scope=email%20profile%20https://www.googleapis.com/auth/calendar%20https://www.googleapis.com/auth/userinfo.profile%20https://www.googleapis.com/auth/userinfo.email%20openid&authuser=1&hd=iiitkota.ac.in&prompt=consent [32m200[0m 1182.971 ms - 11498[0m
[0mGET /users/auth/images/doubt_image.jpg [33m404[0m 53.461 ms - 172[0m
[0mGET /users/auth/images/form_main.jpg [33m404[0m 66.518 ms - 170[0m
[0mGET /users/auth/images/logo2.png [33m404[0m 67.347 ms - 166[0m
[0mGET /users/auth/images/thank_you.jpg [33m404[0m 87.533 ms - 170[0m
[0mGET /users/auth/images/doubt_image.jpg [33m404[0m 7.904 ms - 172[0m
[0mGET /users/auth/images/doubt_image.jpg [33m404[0m 7.616 ms - 172[0m
[0mGET /users/auth/google/callback?code=4/4QH88c30MzpDXpU0zXRC3mZenX3D75WfVMkyfrqVlE9ZXyZkGFF1vxENfbCbBWuEsRqEK6_-oVCmix9vUKHN5c0&scope=email%20profile%20https://www.googleapis.com/auth/calendar%20https://www.googleapis.com/auth/userinfo.profile%20https://www.googleapis.com/auth/userinfo.email%20openid&authuser=1&hd=iiitkota.ac.in&prompt=consent [32m200[0m 888.041 ms - 11482[0m
[0mGET /users/auth/google/images/form_main.jpg [33m404[0m 6.770 ms - 177[0m
[0mGET /users/auth/google/images/logo2.png [33m404[0m 21.741 ms - 173[0m
[0mGET /users/auth/google/images/thank_you.jpg [33m404[0m 22.196 ms - 177[0m
[0mGET /users/auth/google/images/doubt_image.jpg [33m404[0m 21.605 ms - 179[0m
[0mGET /users/auth/google/images/logo.png [33m404[0m 11.167 ms - 172[0m
[0mGET /users/auth/google/callback?code=4/4QFsgeFRbSQaegs3qM0FTWLprFyQpreQNJcbRMmk4y4-SzAcauA_H-kp9UUJeOTH-6oBcoyqZgjNdUUVobl4qLI&scope=email%20profile%20https://www.googleapis.com/auth/calendar%20https://www.googleapis.com/auth/userinfo.profile%20https://www.googleapis.com/auth/userinfo.email%20openid&authuser=1&hd=iiitkota.ac.in&prompt=consent [32m200[0m 850.653 ms - 11482[0m
[0mGET /users/auth/google/images/form_main.jpg [33m404[0m 34.050 ms - 177[0m
[0mGET /users/auth/google/images/logo2.png [33m404[0m 34.046 ms - 173[0m
[0mGET /users/auth/google/images/thank_you.jpg [33m404[0m 35.994 ms - 177[0m
[0mGET /users/auth/google/images/doubt_image.jpg [33m404[0m 34.011 ms - 179[0m
[0mGET /users/auth/google/callback?code=4/4QFsgeFRbSQaegs3qM0FTWLprFyQpreQNJcbRMmk4y4-SzAcauA_H-kp9UUJeOTH-6oBcoyqZgjNdUUVobl4qLI&scope=email%20profile%20https://www.googleapis.com/auth/calendar%20https://www.googleapis.com/auth/userinfo.profile%20https://www.googleapis.com/auth/userinfo.email%20openid&authuser=1&hd=iiitkota.ac.in&prompt=consent [31m500[0m 384.299 ms - 1089[0m
[0mGET /users/auth/google/callback?code=4/4QE4dJ3PbjZB3T_1_HaT8BU9NsL692eUGy5mv18roP1PFeTZKbwOU74Wi6d-PGtyQabAgB52863d643cBRc7GE0&scope=email%20profile%20https://www.googleapis.com/auth/calendar%20https://www.googleapis.com/auth/userinfo.profile%20https://www.googleapis.com/auth/userinfo.email%20openid&authuser=1&hd=iiitkota.ac.in&prompt=consent [32m200[0m 919.856 ms - 11487[0m
[0mGET /users/auth/google/images/logo2.png [33m404[0m 7.747 ms - 173[0m
[0mGET / [36m304[0m 37.390 ms - -[0m
[0mGET /users/signUp [36m302[0m 16.044 ms - 72[0m
[0mGET /users/profile [33m404[0m 10.382 ms - 152[0m
[0mGET / [36m304[0m 68.699 ms - -[0m
[0mGET /users/signUp [36m302[0m 15.870 ms - 72[0m
[0mGET /users/profile [33m404[0m 11.562 ms - 152[0m
[0mGET / [36m304[0m 18.135 ms - -[0m
[0mGET /users/signUp [32m200[0m 14.812 ms - 11492[0m
[0mGET /users/images/logo2.png [33m404[0m 9.278 ms - 161[0m
[0mGET /users/auth/google [36m302[0m 5.285 ms - 0[0m
[0mGET /users/auth/google/callback?code=4/4QFAbiM1Ht8VvI8bDiF_uB0vi4SLxF5Frz4BylKtwb95OsvhjPe2gfOnM41IKNWXlT0j6RRqn5kS9k9TBxnW8Iw&scope=email%20profile%20https://www.googleapis.com/auth/calendar%20https://www.googleapis.com/auth/userinfo.profile%20https://www.googleapis.com/auth/userinfo.email%20openid&authuser=1&hd=iiitkota.ac.in&prompt=consent [32m200[0m 1071.863 ms - 11497[0m
[0mGET /users/auth/google/images/logo2.png [33m404[0m 8.672 ms - 173[0m
[0mGET /users/auth/google/callback?code=4/4QFAbiM1Ht8VvI8bDiF_uB0vi4SLxF5Frz4BylKtwb95OsvhjPe2gfOnM41IKNWXlT0j6RRqn5kS9k9TBxnW8Iw&scope=email%20profile%20https://www.googleapis.com/auth/calendar%20https://www.googleapis.com/auth/userinfo.profile%20https://www.googleapis.com/auth/userinfo.email%20openid&authuser=1&hd=iiitkota.ac.in&prompt=consent [31m500[0m 411.245 ms - 1089[0m
[0mGET / [36m304[0m 57.925 ms - -[0m
[0mGET /users/signUp [36m302[0m 17.797 ms - 72[0m
[0mGET /users/profile [33m404[0m 15.872 ms - 152[0m
[0mGET /users/signUp [36m302[0m 11.537 ms - 72[0m
[0mGET /users/profile [33m404[0m 12.791 ms - 152[0m
[0mGET / [36m304[0m 72.623 ms - -[0m
[0mGET /users/signUp [36m302[0m 16.613 ms - 72[0m
[0mGET /users/profile [33m404[0m 15.622 ms - 152[0m
[0mGET /users/signUp [36m302[0m 8.823 ms - 72[0m
[0mGET /users/profile [33m404[0m 4.195 ms - 152[0m
[0mGET / [36m304[0m 25.411 ms - -[0m
[0mGET /users/signUp [36m302[0m 39.317 ms - 72[0m
[0mGET /users/profile [33m404[0m 4.296 ms - 152[0m
[0mGET /users/profile [33m404[0m 9.827 ms - 152[0m
[0mGET / [36m304[0m 41.296 ms - -[0m
[0mGET /users/signUp [36m302[0m 8.446 ms - 72[0m
[0mGET /users/profile [33m404[0m 9.406 ms - 152[0m
[0mGET / [32m200[0m 227.952 ms - 19051[0m
[0mGET /users/signUp [36m302[0m 10.633 ms - 72[0m
[0mGET /users/profile [33m404[0m 10.913 ms - 152[0m
[0mGET / [32m200[0m 62.740 ms - 19051[0m
[0mGET /users/signUp [36m302[0m 17.056 ms - 72[0m
[0mGET /users/profile [33m404[0m 13.714 ms - 152[0m
[0mGET / [36m304[0m 59.615 ms - -[0m
[0mGET /users/signUp [36m302[0m 13.816 ms - 46[0m
[0mGET / [36m304[0m 35.395 ms - -[0m
[0mGET /users/signUp [36m302[0m 5.733 ms - 46[0m
[0mGET / [36m304[0m 31.353 ms - -[0m
[0mGET /users/signUp [36m302[0m 9.284 ms - 46[0m
[0mGET / [36m304[0m 29.300 ms - -[0m
[0mGET / [36m304[0m 65.845 ms - -[0m
[0mGET /users/signUp [32m200[0m 23.675 ms - 11492[0m
[0mGET /users/images/logo2.png [33m404[0m 16.739 ms - 161[0m
[0mGET / [36m304[0m 18.652 ms - -[0m
[0mGET /users/signUp [36m304[0m 14.853 ms - -[0m
[0mGET /users/images/logo2.png [33m404[0m 12.091 ms - 161[0m
[0mGET / [36m304[0m 66.490 ms - -[0m
[0mGET /users/signUp [36m304[0m 13.757 ms - -[0m
[0mGET /users/images/logo2.png [33m404[0m 18.702 ms - 161[0m
[0mGET /users/signUp [36m304[0m 20.417 ms - -[0m
[0mGET /users/images/logo2.png [33m404[0m 13.059 ms - 161[0m
[0mGET / [36m304[0m 42.047 ms - -[0m
[0mGET /users/signUp [31m500[0m 11.256 ms - 2048[0m
[0mGET / [36m304[0m 102.749 ms - -[0m
[0mGET /users/signUp [31m500[0m 7.853 ms - 2019[0m
[0mGET / [36m304[0m 83.738 ms - -[0m
[0mGET /users/signUp [32m200[0m 16.963 ms - 11492[0m
[0mGET /users/images/logo2.png [33m404[0m 16.423 ms - 161[0m
[0mGET /users/signUp [32m200[0m 13.463 ms - 11816[0m
[0mGET /users/images/logo2.png [33m404[0m 3.620 ms - 161[0m
[0mGET /users/signUp [36m304[0m 13.189 ms - -[0m
[0mGET /users/images/logo2.png [33m404[0m 10.901 ms - 161[0m
[0mGET /users/auth/google [36m302[0m 4.489 ms - 0[0m
[0mGET /users/auth/google/callback?code=4/4QGumCSLbhL_0dGn7jka45RZ0qIOCCNvRl90OklzGlVXvFhlYSTZ69El5o9dFLsot8UQYwz3X9UEDXK1CrTF5Po&scope=email%20profile%20https://www.googleapis.com/auth/calendar%20https://www.googleapis.com/auth/userinfo.profile%20https://www.googleapis.com/auth/userinfo.email%20openid&authuser=1&hd=iiitkota.ac.in&prompt=consent [32m200[0m 1416.327 ms - 11821[0m
[0mGET /users/auth/google/images/logo2.png [33m404[0m 12.559 ms - 173[0m
[0mGET / [36m304[0m 43.874 ms - -[0m
[0mGET /users/signUp [32m200[0m 12.294 ms - 11821[0m
[0mGET /users/images/logo2.png [33m404[0m 10.798 ms - 161[0m
[0mGET / [36m304[0m 27.051 ms - -[0m
[0mGET /users/signUp [36m304[0m 14.189 ms - -[0m
[0mGET /users/images/logo2.png [33m404[0m 9.914 ms - 161[0m
[0mGET / [32m200[0m 16.410 ms - 19062[0m
[0mGET /users/signIn [36m302[0m 17.677 ms - 72[0m
[0mGET /users/profile [33m404[0m 13.080 ms - 152[0m
[0mGET / [36m304[0m 60.834 ms - -[0m
[0mGET /users/signIn [32m200[0m 19.299 ms - 11821[0m
[0mGET /users/images/logo2.png [33m404[0m 24.532 ms - 161[0m
[0mGET /users/signUp [36m304[0m 17.352 ms - -[0m
[0mGET /users/images/logo2.png [33m404[0m 15.644 ms - 161[0m
[0mGET / [36m304[0m 25.856 ms - -[0m
[0mGET /users/signIn [32m200[0m 13.311 ms - 4860[0m
[0mGET /users/signIn [36m304[0m 11.201 ms - -[0m
[0mGET /users/signIn [36m304[0m 12.649 ms - -[0m
[0mGET /users/signIn [36m304[0m 10.845 ms - -[0m
[0mGET /users/signIn [36m304[0m 11.308 ms - -[0m
[0mGET / [36m304[0m 52.790 ms - -[0m
[0mGET /users/signIn [32m200[0m 13.823 ms - 11815[0m
[0mGET /users/images/logo2.png [33m404[0m 14.170 ms - 161[0m
[0mGET /users/signIn [36m304[0m 11.733 ms - -[0m
[0mGET /users/images/logo2.png [33m404[0m 9.442 ms - 161[0m
[0mGET /users/signIn [32m200[0m 13.271 ms - 11841[0m
[0mGET /users/images/logo2.png [33m404[0m 3.442 ms - 161[0m
[0mGET /users/signIn [32m200[0m 15.843 ms - 11842[0m
[0mGET /users/auth/google [36m302[0m 8.387 ms - 0[0m
[0mGET /users/signIn [32m200[0m 7.443 ms - 11853[0m
[0mGET /users/users/signUp [33m404[0m 2.266 ms - 157[0m
[0mGET /users/users/signUp [33m404[0m 4.847 ms - 157[0m
[0mGET /users/users/signUp [33m404[0m 4.311 ms - 157[0m
[0mGET /users/signIn [32m200[0m 6.233 ms - 11854[0m
[0mGET /users/signUp [32m200[0m 11.564 ms - 11855[0m
[0mGET /users/signUp [36m304[0m 11.362 ms - -[0m
[0mGET /users/auth/google [36m302[0m 4.033 ms - 0[0m
[0mGET /users/auth/google/callback?code=4/4QEtqtLmU7ZNayruVmBUqWIwiAarUSa_-APakTw24BOsQLT3DloigloVcNu7RPl7-TXKNhi8EQdFHyLSJ3h_Gmc&scope=email%20profile%20https://www.googleapis.com/auth/calendar%20https://www.googleapis.com/auth/userinfo.profile%20https://www.googleapis.com/auth/userinfo.email%20openid&authuser=1&hd=iiitkota.ac.in&prompt=consent [32m200[0m 950.342 ms - 11860[0m
[0mGET /users/auth/google/callback?code=4/4QEtqtLmU7ZNayruVmBUqWIwiAarUSa_-APakTw24BOsQLT3DloigloVcNu7RPl7-TXKNhi8EQdFHyLSJ3h_Gmc&scope=email%20profile%20https://www.googleapis.com/auth/calendar%20https://www.googleapis.com/auth/userinfo.profile%20https://www.googleapis.com/auth/userinfo.email%20openid&authuser=1&hd=iiitkota.ac.in&prompt=consent [31m500[0m 349.268 ms - 1089[0m
[0mGET /users/auth/google/callback?code=4/4QFqfe7X3gw1y5k1B3CoxxKxiNGQuszMWm_Rjc8MC11rNyz9OIK_7G5e6KaEiXLcAuIzV-58Zdn2o1q1mEESq38&scope=email%20profile%20https://www.googleapis.com/auth/calendar%20https://www.googleapis.com/auth/userinfo.profile%20https://www.googleapis.com/auth/userinfo.email%20openid&authuser=1&hd=iiitkota.ac.in&prompt=consent [32m200[0m 900.848 ms - 11896[0m
[0mGET /users/auth/google/callback?code=4/4QHxypgfQ9YHmsUqzl98mUAxu9BTQ4BLJDLIWyzXMzag5mB0bKhr1qiQhxm5NHlqFVvVZj9YWGB3UqLHT0-osIw&scope=email%20profile%20https://www.googleapis.com/auth/calendar%20https://www.googleapis.com/auth/userinfo.profile%20https://www.googleapis.com/auth/userinfo.email%20openid&authuser=1&hd=iiitkota.ac.in&prompt=consent [32m200[0m 982.111 ms - 11896[0m
[0mGET /users/signIn [31m500[0m 14.577 ms - 2965[0m
[0mGET /users/signIn [31m500[0m 8.279 ms - 2965[0m
[0mGET /users/signIn [31m500[0m 6.002 ms - 2965[0m
[0mGET / [36m304[0m 24.907 ms - -[0m
[0mGET /users/signIn [31m500[0m 10.875 ms - 2965[0m
[0mGET /users/signIn [31m500[0m 7.496 ms - 2965[0m
[0mGET /users/signIn [31m500[0m 5.300 ms - 2965[0m
[0mGET / [32m200[0m 25.272 ms - 19062[0m
[0mGET /users/signUn [33m404[0m 8.775 ms - 151[0m
[0mGET /users/signUn [33m404[0m 2.397 ms - 151[0m
[0mGET / [32m200[0m 19.973 ms - 19062[0m
[0mGET /users/signUp [31m500[0m 10.410 ms - 2965[0m
[0mGET / [36m304[0m 198.969 ms - -[0m
[0mGET /users/signUp [32m200[0m 8.238 ms - 11855[0m
[0mGET /users/signUp [36m304[0m 9.485 ms - -[0m
[0mGET /users/signUp [36m304[0m 15.082 ms - -[0m
[0mGET / [32m200[0m 27.618 ms - 19062[0m
[0mGET /users/signIn [32m200[0m 13.365 ms - 11854[0m
[0mGET /users/auth/google [36m302[0m 9.081 ms - 0[0m
[0mGET /users/signIn [32m200[0m 13.027 ms - 11468[0m
[0mGET /users/signUp [32m200[0m 5.845 ms - 11469[0m
[0mGET /users/auth/google [36m302[0m 4.771 ms - 0[0m
[0mGET /users/auth/google/callback?code=4/4QEuiWYPZb2louFrPZVavX85vvVudd1dVXMBDY8oeijkrC1WOMN8PDvxU0YtN4xX3igpmIH5AQVOOlh9NWQhUrg&scope=email%20profile%20https://www.googleapis.com/auth/calendar%20https://www.googleapis.com/auth/userinfo.profile%20https://www.googleapis.com/auth/userinfo.email%20openid&authuser=1&hd=iiitkota.ac.in&prompt=consent [32m200[0m 1092.083 ms - 11474[0m
[0mGET / [36m304[0m 36.633 ms - -[0m
[0mGET /users/signIn [32m200[0m 11.817 ms - 11474[0m
[0mGET /users/auth/google/callback?code=4/4QEuiWYPZb2louFrPZVavX85vvVudd1dVXMBDY8oeijkrC1WOMN8PDvxU0YtN4xX3igpmIH5AQVOOlh9NWQhUrg&scope=email%20profile%20https://www.googleapis.com/auth/calendar%20https://www.googleapis.com/auth/userinfo.profile%20https://www.googleapis.com/auth/userinfo.email%20openid&authuser=1&hd=iiitkota.ac.in&prompt=consent [31m500[0m 1489.034 ms - 1089[0m
[0mGET / [36m304[0m 42.131 ms - -[0m
[0mGET /users/signIn [31m500[0m 10.574 ms - 2229[0m
[0mGET /users/signIn [32m200[0m 13.499 ms - 11620[0m
[0mGET /users/signIn [36m304[0m 15.256 ms - -[0m
[0mGET /users/signIn [32m200[0m 19.212 ms - 11377[0m
[0mGET /users/signIn [32m200[0m 8.976 ms - 11379[0m
[0mGET /users/signIn [32m200[0m 16.843 ms - 11424[0m
[0mGET /users/signIn [36m304[0m 15.163 ms - -[0m
[0mGET /users/signIn [36m304[0m 17.328 ms - -[0m
[0mGET /users/signIn [32m200[0m 16.630 ms - 11412[0m
[0mGET /users/signIn [32m200[0m 17.352 ms - 11424[0m
[0mGET /users/signIn [32m200[0m 28.359 ms - 11416[0m
[0mGET /users/signIn [32m200[0m 15.185 ms - 11416[0m
[0mGET /users/signIn [32m200[0m 15.061 ms - 11408[0m
[0mGET /users/signIn [32m200[0m 15.274 ms - 11145[0m
[0mGET /users/signIn [32m200[0m 18.468 ms - 11153[0m
[0mGET /users/signIn [36m304[0m 91.619 ms - -[0m
[0mGET /users/signIn [32m200[0m 16.886 ms - 11189[0m
[0mGET /users/signIn [32m200[0m 20.250 ms - 11198[0m
[0mGET /users/signIn [32m200[0m 18.811 ms - 11198[0m
[0mGET /users/signIn [32m200[0m 15.351 ms - 11212[0m
[0mGET /users/signIn [36m304[0m 15.965 ms - -[0m
[0mGET /users/signIn [36m304[0m 14.960 ms - -[0m
[0mGET /users/signIn [32m200[0m 15.684 ms - 11242[0m
[0mGET /users/signIn [32m200[0m 14.545 ms - 11249[0m
[0mGET /users/signIn [32m200[0m 17.764 ms - 11238[0m
[0mGET /users/signIn [32m200[0m 14.039 ms - 11232[0m
[0mGET /users/signIn [36m304[0m 15.210 ms - -[0m
[0mGET /users/signIn [32m200[0m 17.544 ms - 10978[0m
[0mGET /users/signIn [32m200[0m 17.766 ms - 11249[0m
[0mPOST /users/signIn [33m404[0m 10.906 ms - 152[0m
[0mPOST /users/signIn [33m404[0m 7.226 ms - 152[0m
[0mGET /users/signIn [32m200[0m 16.305 ms - 11306[0m
[0mGET /users/signIn [36m304[0m 11.390 ms - -[0m
[0mPOST /create_user [33m404[0m 5.396 ms - 151[0m
[0mGET /users/signIn [32m200[0m 9.704 ms - 11311[0m
[0mPOST /users/users/create_user [33m404[0m 7.237 ms - 163[0m
[0mPOST /users/users/create_user [33m404[0m 6.668 ms - 163[0m
[0mGET /users/signIn [32m200[0m 11.466 ms - 11306[0m
[0mPOST /create_user [33m404[0m 9.568 ms - 151[0m
[0mGET /users/signIn [32m200[0m 9.732 ms - 11312[0m
[0mPOST /users/create_user [36m302[0m 26.670 ms - 112[0m
[0mGET /users/signIn [36m304[0m 9.476 ms - -[0m
[0mGET /users/signIn [32m200[0m 15.043 ms - 11588[0m
[0mGET /users/signIn [36m304[0m 13.353 ms - -[0m
[0mGET /users/signIn [32m200[0m 12.943 ms - 11607[0m
[0mGET /users/signIn [32m200[0m 13.021 ms - 11626[0m
[0mGET /users/signIn [36m304[0m 12.415 ms - -[0m
[0mGET /users/signIn [32m200[0m 9.196 ms - 11610[0m
[0mGET /users/signIn [36m304[0m 10.219 ms - -[0m
[0mGET /users/signIn [36m304[0m 9.506 ms - -[0m
[0mGET /users/signIn [32m200[0m 8.863 ms - 11922[0m
[0mGET /users/signIn [36m304[0m 14.072 ms - -[0m
[0mGET /users/signIn [36m304[0m 8.942 ms - -[0m
[0mGET /users/signIn [36m304[0m 14.259 ms - -[0m
[0mGET /users/signIn [36m304[0m 26.602 ms - -[0m
[0mGET /users/signIn [32m200[0m 13.470 ms - 11941[0m
[0mGET /users/signIn [36m304[0m 8.335 ms - -[0m
[0mGET /users/signIn [32m200[0m 8.639 ms - 11946[0m
[0mGET /users/signIn [32m200[0m 13.990 ms - 11913[0m
[0mGET /users/signIn [32m200[0m 15.579 ms - 11921[0m
[0mGET /users/signIn [36m304[0m 10.789 ms - -[0m
[0mGET /users/signIn [36m304[0m 10.241 ms - -[0m
[0mGET /users/signIn [32m200[0m 9.969 ms - 11635[0m
[0mGET /users/signIn [36m304[0m 9.741 ms - -[0m
[0mGET /users/signIn [36m304[0m 12.952 ms - -[0m
[0mGET /users/signIn [36m304[0m 15.044 ms - -[0m
[0mGET /users/signIn [36m304[0m 10.737 ms - -[0m
[0mGET /users/signIn [32m200[0m 13.080 ms - 11922[0m
[0mGET /users/signIn [36m304[0m 16.367 ms - -[0m
[0mGET /users/signIn [32m200[0m 9.302 ms - 11396[0m
[0mGET /users/signIn [32m200[0m 13.981 ms - 11979[0m
[0mGET /users/signIn [36m304[0m 14.421 ms - -[0m
[0mGET /users/signIn [32m200[0m 11.892 ms - 11454[0m
[0mGET /users/signIn [32m200[0m 10.708 ms - 10638[0m
[0mGET /users/signIn [32m200[0m 11.749 ms - 9310[0m
[0mGET / [36m304[0m 50.071 ms - -[0m
[0mGET /users/signIn [32m200[0m 7.831 ms - 11960[0m
[0mGET /users/signIn [32m200[0m 15.655 ms - 11959[0m
[0mGET /users/signIn [32m200[0m 11.766 ms - 11962[0m
[0mGET /users/signIn [36m304[0m 11.848 ms - -[0m
[0mGET /users/signIn [36m304[0m 10.647 ms - -[0m
[0mGET /users/signIn [36m304[0m 12.119 ms - -[0m
[0mGET /users/signIn [36m304[0m 15.540 ms - -[0m
[0mGET /users/signIn [36m304[0m 12.687 ms - -[0m
[0mGET /users/signIn [32m200[0m 6.588 ms - 11962[0m
[0mGET /users/signIn [36m304[0m 10.603 ms - -[0m
[0mGET /users/signIn [32m200[0m 7.806 ms - 11989[0m
[0mGET /users/signIn [36m304[0m 10.574 ms - -[0m
[0mGET /users/signIn [36m304[0m 11.463 ms - -[0m
[0mGET /users/signIn [32m200[0m 15.211 ms - 11987[0m
[0mGET /users/signIn [32m200[0m 15.838 ms - 11991[0m
[0mGET /users/signIn [32m200[0m 11.657 ms - 11990[0m
[0mPOST /users/create_user [36m302[0m 9.772 ms - 112[0m
[0mGET /users/signIn [36m304[0m 11.123 ms - -[0m
[0mGET /users/signIn [36m304[0m 39.201 ms - -[0m
[0mGET /users/signIn [32m200[0m 16.710 ms - 12001[0m
[0mPOST /users/create_user [36m302[0m 40.190 ms - 112[0m
[0mGET /users/signIn [32m200[0m 12.042 ms - 11990[0m
[0mPOST /users/create_user [36m302[0m 50.478 ms - 112[0m
[0mGET /users/signIn [36m304[0m 15.560 ms - -[0m
[0mGET /users/signIn [36m304[0m 69.425 ms - -[0m
[0mPOST /users/create_user [36m302[0m 68.461 ms - 112[0m
[0mGET /users/signIn [36m304[0m 17.770 ms - -[0m
[0mPOST /users/create_user [36m302[0m 42.968 ms - 112[0m
[0mGET /users/signIn [32m200[0m 19.640 ms - 12194[0m
[0mGET /users/signIn [32m200[0m 29.184 ms - 8963[0m
[0mGET /users/signUp [32m200[0m 16.903 ms - 8964[0m
[0mGET /users/signUp [36m304[0m 10.888 ms - -[0m
[0mGET /users/signUp [36m304[0m 13.424 ms - -[0m
[0mGET /users/signIn [32m200[0m 56.854 ms - 11978[0m
[0mPOST /users/create_user [36m302[0m 32.975 ms - 112[0m
[0mGET /users/signIn [36m304[0m 13.730 ms - -[0m
[0mGET /users/signIn [32m200[0m 23.814 ms - 8963[0m
[0mGET /users/signIn [36m304[0m 13.041 ms - -[0m
[0mGET /users/signIn [36m304[0m 16.726 ms - -[0m
[0mGET /users/signUp [32m200[0m 8.447 ms - 8964[0m
[0mGET /users/auth/google [36m302[0m 10.205 ms - 0[0m
[0mGET /users/auth/google/callback?code=4/4QEsymQxtLF7_ioAwh-PAUOiLmsG39b5eNu8ZOZJ4RO-Yg4YiTFpNqHy834MdUqS-PmUiZKYbjmCzHItiJ35t3M&scope=email%20profile%20https://www.googleapis.com/auth/calendar%20https://www.googleapis.com/auth/userinfo.profile%20https://www.googleapis.com/auth/userinfo.email%20openid&authuser=1&hd=iiitkota.ac.in&prompt=consent [32m200[0m 1845.088 ms - 8969[0m
[0mGET /users/auth/google/callback?code=4/4QEsymQxtLF7_ioAwh-PAUOiLmsG39b5eNu8ZOZJ4RO-Yg4YiTFpNqHy834MdUqS-PmUiZKYbjmCzHItiJ35t3M&scope=email%20profile%20https://www.googleapis.com/auth/calendar%20https://www.googleapis.com/auth/userinfo.profile%20https://www.googleapis.com/auth/userinfo.email%20openid&authuser=1&hd=iiitkota.ac.in&prompt=consent [31m500[0m 405.646 ms - 1089[0m
[0mGET /users/auth/google/callback?code=4/4QEji7gzFNKs7BhiEEeHJUvpOWVmnWp55GNlEqcWI1hyx1cUJ2agIbukch0vACzPgWnJ8C_FQVLCNTRae3VixtA&scope=email%20profile%20https://www.googleapis.com/auth/calendar%20https://www.googleapis.com/auth/userinfo.profile%20https://www.googleapis.com/auth/userinfo.email%20openid&authuser=1&hd=iiitkota.ac.in&prompt=consent [32m200[0m 951.022 ms - 11978[0m
[0mGET / [36m304[0m 44.817 ms - -[0m
[0mGET /users/signIn [36m304[0m 7.623 ms - -[0m
[0mPOST /users/signIn [33m404[0m 2.720 ms - 152[0m
[0mGET /users/signUp [36m304[0m 9.226 ms - -[0m
[0mGET /users/auth/google [36m302[0m 2.845 ms - 0[0m
[0mGET /users/auth/google/callback?code=4/4QGwaCqwvAjSNgUkkoeLXFs9ROPaAhvPnrG42WuPPkUUjsnTtIJbQVlCWfsXYHGypOKfipRHETh4n7eSnoj_Gtw&scope=email%20profile%20https://www.googleapis.com/auth/calendar%20https://www.googleapis.com/auth/userinfo.profile%20https://www.googleapis.com/auth/userinfo.email%20openid&authuser=1&hd=iiitkota.ac.in&prompt=consent [32m200[0m 1224.344 ms - 8969[0m
[0mGET / [36m304[0m 21.044 ms - -[0m
[0mGET /users/signIn [32m200[0m 8.256 ms - 9170[0m
[0mGET /users/signUp [32m200[0m 6.678 ms - 9171[0m
[0mGET /users/auth/google [36m302[0m 6.356 ms - 0[0m
[0mGET /users/auth/google/callback?code=4/4QFDjCQH-Tph13iTCMLYraQgbYg6P5F6kDPfwW6IGELGg-XUUuzF8RXSvzYa7YnCVM3vBEP8UeatdoCXaiaplkc&scope=email%20profile%20https://www.googleapis.com/auth/calendar%20https://www.googleapis.com/auth/userinfo.profile%20https://www.googleapis.com/auth/userinfo.email%20openid&authuser=1&hd=iiitkota.ac.in&prompt=consent [32m200[0m 862.728 ms - 9176[0m
[0mGET /users/auth/google/callback?code=4/4QFDjCQH-Tph13iTCMLYraQgbYg6P5F6kDPfwW6IGELGg-XUUuzF8RXSvzYa7YnCVM3vBEP8UeatdoCXaiaplkc&scope=email%20profile%20https://www.googleapis.com/auth/calendar%20https://www.googleapis.com/auth/userinfo.profile%20https://www.googleapis.com/auth/userinfo.email%20openid&authuser=1&hd=iiitkota.ac.in&prompt=consent [31m500[0m 376.349 ms - 1089[0m
[0mGET /users/auth/google/callback?code=4/4QFPaCpwXOIOeb-eepWpMfGUUg-y2XCVUx310jVPWGYwy2tGGgbsy6l5RSKc0x4w9F06uUy0ZvDJccz0rcXB7Co&scope=email%20profile%20https://www.googleapis.com/auth/calendar%20https://www.googleapis.com/auth/userinfo.profile%20https://www.googleapis.com/auth/userinfo.email%20openid&authuser=1&hd=iiitkota.ac.in&prompt=consent [32m200[0m 857.677 ms - 12185[0m
[0mGET / [36m304[0m 27.571 ms - -[0m
[0mGET /users/signUp [32m200[0m 8.976 ms - 12185[0m
[0mPOST /users/create_user [0m-[0m - ms - -[0m
[0mPOST /users/create_user [0m-[0m - ms - -[0m
[0mPOST /users/create_user [0m-[0m - ms - -[0m
[0mGET / [36m304[0m 165.420 ms - -[0m
[0mGET /users/signIn [32m200[0m 16.317 ms - 12185[0m
[0mGET /users/signIn [32m200[0m 20.126 ms - 9170[0m
[0mGET /users/signIn [36m304[0m 9.875 ms - -[0m
[0mGET /users/signUp [32m200[0m 8.045 ms - 9171[0m
[0mGET /users/auth/google [36m302[0m 5.325 ms - 0[0m
[0mGET /users/auth/google/callback?code=4/4QGLWeKhWsQOCSXuimcrAEd172Tfu5nIycCSMBnzBVhfDM3WwXAM3LbbGKTqheMqX8xNMmePoEbGT2U1WlWbgL0&scope=email%20profile%20https://www.googleapis.com/auth/calendar%20https://www.googleapis.com/auth/userinfo.profile%20https://www.googleapis.com/auth/userinfo.email%20openid&authuser=1&hd=iiitkota.ac.in&prompt=consent [32m200[0m 1135.854 ms - 9176[0m
[0mGET /users/auth/google/callback?code=4/4QGLWeKhWsQOCSXuimcrAEd172Tfu5nIycCSMBnzBVhfDM3WwXAM3LbbGKTqheMqX8xNMmePoEbGT2U1WlWbgL0&scope=email%20profile%20https://www.googleapis.com/auth/calendar%20https://www.googleapis.com/auth/userinfo.profile%20https://www.googleapis.com/auth/userinfo.email%20openid&authuser=1&hd=iiitkota.ac.in&prompt=consent [31m500[0m 447.526 ms - 1089[0m
[0mGET /users/auth/google/callback?code=4/4QFd9RhDQYmeLmR0-rFvNjEgblTRXqdc65ofUHUDsCNp0t4hCgtvJDzzr8UgpL1ZahP0ZpxM2Y4gKo1LgDNsIY8&scope=email%20profile%20https://www.googleapis.com/auth/calendar%20https://www.googleapis.com/auth/userinfo.profile%20https://www.googleapis.com/auth/userinfo.email%20openid&authuser=1&hd=iiitkota.ac.in&prompt=consent [32m200[0m 1066.641 ms - 12185[0m
[0mPOST /users/create_user [31m500[0m 20.925 ms - 790[0m
[0mPOST /users/create_user [31m500[0m 89.173 ms - 790[0m
[0mPOST /users/create_user [31m500[0m 20.056 ms - 790[0m
[0mGET /users/auth/google/callback?code=4/4QFd9RhDQYmeLmR0-rFvNjEgblTRXqdc65ofUHUDsCNp0t4hCgtvJDzzr8UgpL1ZahP0ZpxM2Y4gKo1LgDNsIY8&scope=email%20profile%20https://www.googleapis.com/auth/calendar%20https://www.googleapis.com/auth/userinfo.profile%20https://www.googleapis.com/auth/userinfo.email%20openid&authuser=1&hd=iiitkota.ac.in&prompt=consent [31m500[0m 588.102 ms - 1089[0m
[0mGET /users/auth/google/callback?code=4/4QFd9RhDQYmeLmR0-rFvNjEgblTRXqdc65ofUHUDsCNp0t4hCgtvJDzzr8UgpL1ZahP0ZpxM2Y4gKo1LgDNsIY8&scope=email%20profile%20https://www.googleapis.com/auth/calendar%20https://www.googleapis.com/auth/userinfo.profile%20https://www.googleapis.com/auth/userinfo.email%20openid&authuser=1&hd=iiitkota.ac.in&prompt=consent [31m500[0m 363.042 ms - 1089[0m
[0mGET /users/auth/google/callback?code=4/4QFd9RhDQYmeLmR0-rFvNjEgblTRXqdc65ofUHUDsCNp0t4hCgtvJDzzr8UgpL1ZahP0ZpxM2Y4gKo1LgDNsIY8&scope=email%20profile%20https://www.googleapis.com/auth/calendar%20https://www.googleapis.com/auth/userinfo.profile%20https://www.googleapis.com/auth/userinfo.email%20openid&authuser=1&hd=iiitkota.ac.in&prompt=consent [31m500[0m 498.659 ms - 1089[0m
[0mGET /users/auth/google/callback?code=4/4QGtBAspiq8WemrZIrudi06kpFVhF8rZElQB6rBs_dqSaDLEYuKj8fOF8g45NjhotgvKt4Dtd8cEIDVFGo65SY8&scope=email%20profile%20https://www.googleapis.com/auth/calendar%20https://www.googleapis.com/auth/userinfo.profile%20https://www.googleapis.com/auth/userinfo.email%20openid&authuser=1&hd=iiitkota.ac.in&prompt=consent [31m500[0m 920.314 ms - 2052[0m
[0mGET /users/auth/google/callback?code=4/4QGtBAspiq8WemrZIrudi06kpFVhF8rZElQB6rBs_dqSaDLEYuKj8fOF8g45NjhotgvKt4Dtd8cEIDVFGo65SY8&scope=email%20profile%20https://www.googleapis.com/auth/calendar%20https://www.googleapis.com/auth/userinfo.profile%20https://www.googleapis.com/auth/userinfo.email%20openid&authuser=1&hd=iiitkota.ac.in&prompt=consent [31m500[0m 463.495 ms - 1089[0m
[0mGET / [36m304[0m 87.002 ms - -[0m
[0mGET /users/signIn [36m302[0m 17.930 ms - 72[0m
[0mGET /users/profile [33m404[0m 7.619 ms - 152[0m
[0mGET /users/signUp [36m302[0m 8.391 ms - 72[0m
[0mGET /users/profile [33m404[0m 6.504 ms - 152[0m
[0mGET / [32m200[0m 77.667 ms - 19073[0m
[0mGET /users/signIn [36m302[0m 51.449 ms - 72[0m
[0mGET /users/profile [33m404[0m 10.824 ms - 152[0m
[0mGET /users/profile [33m404[0m 4.315 ms - 152[0m
[0mGET /users/profile [33m404[0m 2.363 ms - 152[0m
[0mGET / [32m200[0m 52.983 ms - 19062[0m
[0mGET /users/signIn [32m200[0m 13.269 ms - 9170[0m
[0mGET /users/signUp [32m200[0m 15.375 ms - 9171[0m
[0mGET /favicon.ico [33m404[0m 3.913 ms - 150[0m
[0mGET /users/auth/google [36m302[0m 8.691 ms - 0[0m
[0mGET /users/auth/google/callback?code=4/4QGNwTzrrgj1s_ZhvEdMcG_D1Cx3Aoo-EYPGLmP-REKZv6Hj8LoRbSvxKrm8xSzA20OvK6vUt1_bPXq7-PQzv98&scope=email%20profile%20https://www.googleapis.com/auth/calendar%20https://www.googleapis.com/auth/userinfo.profile%20https://www.googleapis.com/auth/userinfo.email%20openid&authuser=1&hd=iiitkota.ac.in&prompt=consent [32m200[0m 1070.072 ms - 9176[0m
[0mGET /users/auth/google/callback?code=4/4QGNwTzrrgj1s_ZhvEdMcG_D1Cx3Aoo-EYPGLmP-REKZv6Hj8LoRbSvxKrm8xSzA20OvK6vUt1_bPXq7-PQzv98&scope=email%20profile%20https://www.googleapis.com/auth/calendar%20https://www.googleapis.com/auth/userinfo.profile%20https://www.googleapis.com/auth/userinfo.email%20openid&authuser=1&hd=iiitkota.ac.in&prompt=consent [31m500[0m 354.619 ms - 1089[0m
[0mGET /users/auth/google/callback?code=4/4QHjPDki9UMp88W1V7owqzM5Alqv_rkqdDymk6BdX-HXtXvUBgvdRYQwmFiyOjei5z6J23c_Z5hCYjnd6o8mXNg&scope=email%20profile%20https://www.googleapis.com/auth/calendar%20https://www.googleapis.com/auth/userinfo.profile%20https://www.googleapis.com/auth/userinfo.email%20openid&authuser=1&hd=iiitkota.ac.in&prompt=consent [32m200[0m 965.377 ms - 12185[0m
[0mPOST /users/create_user [31m500[0m 30.955 ms - 844[0m
[0mGET / [32m200[0m 93.980 ms - 19284[0m
[0mGET /users/signIn [36m302[0m 17.052 ms - 72[0m
[0mGET /users/profile [33m404[0m 9.190 ms - 152[0m
[0mGET / [32m200[0m 25.806 ms - 19062[0m
[0mGET / [36m304[0m 27.467 ms - -[0m
[0mGET /users/signIn [32m200[0m 13.803 ms - 9170[0m
[0mGET /users/signUp [36m304[0m 13.535 ms - -[0m
[0mGET /users/auth/google [36m302[0m 6.057 ms - 0[0m
[0mGET /users/auth/google/callback?code=4/4QFOi9FzGVVJ9ElEKk3AEaE_yK6wjMyVseEOi1X7zmf4WqzEH8Gb6q7_Vgqi5NoHvM7LfsOPCTpb-nFRfmkDPs4&scope=email%20profile%20https://www.googleapis.com/auth/calendar%20https://www.googleapis.com/auth/userinfo.profile%20https://www.googleapis.com/auth/userinfo.email%20openid&authuser=1&hd=iiitkota.ac.in&prompt=consent [32m200[0m 1113.252 ms - 9176[0m
[0mGET / [36m304[0m 24.452 ms - -[0m
[0mGET /users/signIn [32m200[0m 14.135 ms - 12185[0m
[0mGET / [36m304[0m 28.678 ms - -[0m
[0mGET /users/signIn [36m304[0m 13.807 ms - -[0m
[0mPOST /users/create_user [36m302[0m 11.471 ms - 112[0m
[0mGET /users/signIn [36m304[0m 14.569 ms - -[0m
[0mPOST /users/create_user [31m500[0m 28.499 ms - 848[0m
[0mPOST /users/create_user [31m500[0m 10.990 ms - 848[0m
[0mPOST /users/create_user [31m500[0m 62.817 ms - 790[0m
[0mPOST /users/create_user [31m500[0m 24.304 ms - 790[0m
[0mPOST /users/create_user [31m500[0m 64.966 ms - 791[0m
[0mPOST /users/create_user [31m500[0m 48.494 ms - 793[0m
[0mPOST /users/create_user [36m302[0m 45.561 ms - 46[0m
[0mGET / [32m200[0m 47.404 ms - 19284[0m
[0mGET /users/signIn [36m302[0m 45.295 ms - 72[0m
[0mGET /users/profile [33m404[0m 16.067 ms - 152[0m
[0mGET /users/signIn [36m302[0m 11.891 ms - 72[0m
[0mGET /users/profile [33m404[0m 9.728 ms - 152[0m
[0mGET / [32m200[0m 50.612 ms - 19062[0m
[0mGET /users/signIn [36m302[0m 4.741 ms - 72[0m
[0mGET /users/profile [33m404[0m 4.483 ms - 152[0m
[0mGET /users/signIn [32m200[0m 19.222 ms - 9170[0m
[0mGET /users/signIn [32m200[0m 16.601 ms - 9190[0m
[0mGET /users/reset-password [33m404[0m 2.331 ms - 159[0m
[0mGET /users/signIn [32m200[0m 48.877 ms - 9199[0m
[0mGET /users/forgotPasswordEnterMail [32m200[0m 14.101 ms - 3547[0m
[0mGET /users/forgotPasswordEnterMail [36m304[0m 9.970 ms - -[0m
[0mPOST /users/reset-password [36m302[0m 15.632 ms - 146[0m
[0mGET /users/forgotPasswordEnterMail [32m200[0m 10.360 ms - 3775[0m
[0mGET / [36m304[0m 34.666 ms - -[0m
[0mGET /users/forgotPasswordEnterMail [32m200[0m 6.948 ms - 3547[0m
[0mGET /users/forgotPasswordEnterMail [36m304[0m 8.785 ms - -[0m
[0mGET /users/forgotPasswordEnterMail [32m200[0m 9.657 ms - 8419[0m
[0mGET /users/vendor/fontawesome-free/css/all.min.css [33m404[0m 7.043 ms - 184[0m
[0mGET /users/vendor/jquery/jquery.min.js [33m404[0m 2.793 ms - 172[0m
[0mGET /users/vendor/bootstrap/js/bootstrap.bundle.min.js [33m404[0m 6.776 ms - 188[0m
[0mGET /users/vendor/fontawesome-free/css/all.min.css [33m404[0m 4.945 ms - 184[0m
[0mGET /users/vendor/jquery-easing/jquery.easing.min.js [33m404[0m 8.300 ms - 186[0m
[0mGET /users/js/sb-admin-2.min.js [33m404[0m 9.165 ms - 165[0m
[0mGET /users/vendor/jquery/jquery.min.js [33m404[0m 5.734 ms - 172[0m
[0mGET /users/vendor/bootstrap/js/bootstrap.bundle.min.js [33m404[0m 4.849 ms - 188[0m
[0mGET /users/vendor/jquery-easing/jquery.easing.min.js [33m404[0m 4.812 ms - 186[0m
[0mGET /users/js/sb-admin-2.min.js [33m404[0m 4.632 ms - 165[0m
[0mPOST /users/reset-password [36m302[0m 5.620 ms - 146[0m
[0mGET /users/forgotPasswordEnterMail [32m200[0m 9.799 ms - 8647[0m
[0mGET /users/vendor/fontawesome-free/css/all.min.css [33m404[0m 3.194 ms - 184[0m
[0mGET /users/vendor/jquery/jquery.min.js [33m404[0m 2.880 ms - 172[0m
[0mGET /users/vendor/bootstrap/js/bootstrap.bundle.min.js [33m404[0m 3.861 ms - 188[0m
[0mGET /users/vendor/jquery-easing/jquery.easing.min.js [33m404[0m 3.622 ms - 186[0m
[0mGET /users/js/sb-admin-2.min.js [33m404[0m 4.366 ms - 165[0m
[0mGET /users/vendor/fontawesome-free/css/all.min.css [33m404[0m 2.015 ms - 184[0m
[0mGET /users/vendor/jquery/jquery.min.js [33m404[0m 2.946 ms - 172[0m
[0mGET /users/vendor/bootstrap/js/bootstrap.bundle.min.js [33m404[0m 3.566 ms - 188[0m
[0mGET /users/vendor/jquery-easing/jquery.easing.min.js [33m404[0m 2.369 ms - 186[0m
[0mGET /users/js/sb-admin-2.min.js [33m404[0m 2.875 ms - 165[0m
[0mGET /users/vendor/fontawesome-free/css/all.min.css [33m404[0m 3.818 ms - 184[0m
[0mGET /users/forgotPasswordEnterMail [32m200[0m 8.724 ms - 8419[0m
[0mGET /users/vendor/fontawesome-free/css/all.min.css [33m404[0m 5.331 ms - 184[0m
[0mGET /users/vendor/jquery/jquery.min.js [33m404[0m 17.345 ms - 172[0m
[0mGET /users/vendor/bootstrap/js/bootstrap.bundle.min.js [33m404[0m 17.234 ms - 188[0m
[0mGET /users/js/sb-admin-2.min.js [33m404[0m 18.628 ms - 165[0m
[0mGET /users/vendor/jquery-easing/jquery.easing.min.js [33m404[0m 12.461 ms - 186[0m
[0mGET /users/js/sb-admin-2.min.js [33m404[0m 2.516 ms - 165[0m
[0mGET /users/forgotPasswordEnterMail [36m304[0m 12.357 ms - -[0m
[0mGET /users/vendor/fontawesome-free/css/all.min.css [33m404[0m 12.979 ms - 184[0m
[0mGET /users/vendor/jquery/jquery.min.js [33m404[0m 8.468 ms - 172[0m
[0mGET /users/vendor/bootstrap/js/bootstrap.bundle.min.js [33m404[0m 2.792 ms - 188[0m
[0mGET /users/vendor/jquery-easing/jquery.easing.min.js [33m404[0m 3.394 ms - 186[0m
[0mGET /users/js/sb-admin-2.min.js [33m404[0m 7.337 ms - 165[0m
[0mGET /users/vendor/fontawesome-free/css/all.min.css [33m404[0m 2.351 ms - 184[0m
[0mGET /users/vendor/jquery/jquery.min.js [33m404[0m 4.179 ms - 172[0m
[0mGET /users/vendor/bootstrap/js/bootstrap.bundle.min.js [33m404[0m 4.292 ms - 188[0m
[0mGET /users/vendor/jquery-easing/jquery.easing.min.js [33m404[0m 4.046 ms - 186[0m
[0mGET /users/js/sb-admin-2.min.js [33m404[0m 3.974 ms - 165[0m
[0mGET /users/vendor/jquery/jquery.min.js [33m404[0m 12.932 ms - 172[0m
[0mGET /users/vendor/bootstrap/js/bootstrap.bundle.min.js [33m404[0m 11.430 ms - 188[0m
[0mGET /users/vendor/jquery-easing/jquery.easing.min.js [33m404[0m 2.469 ms - 186[0m
[0mGET /users/signIn [36m304[0m 7.082 ms - -[0m
[0mGET /users/signUp [32m200[0m 10.810 ms - 9200[0m
[0mGET /users/signUp [36m304[0m 23.880 ms - -[0m
[0mGET /users/auth/google [36m302[0m 9.941 ms - 0[0m
[0mGET /users/auth/google/callback?code=4/4QGn_Lyj1bfOFMcx4FJuKnWA6MN1u2MD6CjPUy_Flqgzig2L3Tn0A7wBY98-nwXFlZTv55orCRLcEvOSQr5Dup0&scope=email%20profile%20https://www.googleapis.com/auth/calendar%20https://www.googleapis.com/auth/userinfo.profile%20https://www.googleapis.com/auth/userinfo.email%20openid&authuser=1&hd=iiitkota.ac.in&prompt=consent [32m200[0m 1225.807 ms - 9205[0m
[0mGET /users/auth/google/callback?code=4/4QGn_Lyj1bfOFMcx4FJuKnWA6MN1u2MD6CjPUy_Flqgzig2L3Tn0A7wBY98-nwXFlZTv55orCRLcEvOSQr5Dup0&scope=email%20profile%20https://www.googleapis.com/auth/calendar%20https://www.googleapis.com/auth/userinfo.profile%20https://www.googleapis.com/auth/userinfo.email%20openid&authuser=1&hd=iiitkota.ac.in&prompt=consent [31m500[0m 1131.980 ms - 1089[0m
[0mGET /users/auth/google/callback?code=4/4QGScAvlx4_3IA6LWmwND6bYMRRVjXrxLFDzYTJ02iQsPSDKdO-pkU91uNTspT-Aml92OJD6nzeWPeyevvRzkfg&scope=email%20profile%20https://www.googleapis.com/auth/calendar%20https://www.googleapis.com/auth/userinfo.profile%20https://www.googleapis.com/auth/userinfo.email%20openid&authuser=1&hd=iiitkota.ac.in&prompt=consent [32m200[0m 1410.976 ms - 12543[0m
[0mGET /users/auth/google/callback?code=4/4QGScAvlx4_3IA6LWmwND6bYMRRVjXrxLFDzYTJ02iQsPSDKdO-pkU91uNTspT-Aml92OJD6nzeWPeyevvRzkfg&scope=email%20profile%20https://www.googleapis.com/auth/calendar%20https://www.googleapis.com/auth/userinfo.profile%20https://www.googleapis.com/auth/userinfo.email%20openid&authuser=1&hd=iiitkota.ac.in&prompt=consent [31m500[0m 524.104 ms - 1089[0m
[0mGET /users/auth/google/callback?code=4/4QGScAvlx4_3IA6LWmwND6bYMRRVjXrxLFDzYTJ02iQsPSDKdO-pkU91uNTspT-Aml92OJD6nzeWPeyevvRzkfg&scope=email%20profile%20https://www.googleapis.com/auth/calendar%20https://www.googleapis.com/auth/userinfo.profile%20https://www.googleapis.com/auth/userinfo.email%20openid&authuser=1&hd=iiitkota.ac.in&prompt=consent [31m500[0m 531.742 ms - 1089[0m
[0mGET / [31m500[0m 33.747 ms - 1828[0m
[0mGET / [31m500[0m 68.795 ms - 1774[0m
[0mGET / [32m200[0m 45.555 ms - 19185[0m
[0mGET /users/signIn [32m200[0m 18.145 ms - 12543[0m
[0mGET /users/signIn [32m200[0m 26.489 ms - 12552[0m
[0mGET /users/signIn [32m200[0m 18.130 ms - 12559[0m
[0mGET /users/signIn [36m304[0m 17.182 ms - -[0m
[0mGET /users/signIn [32m200[0m 8.559 ms - 12612[0m
[0mGET /users/signIn [32m200[0m 17.571 ms - 12629[0m
[0mGET /users/signIn [32m200[0m 26.519 ms - 12617[0m
[0mGET /users/signIn [32m200[0m 19.940 ms - 12621[0m
[0mGET /users/signIn [32m200[0m 20.521 ms - 12625[0m
[0mGET /users/signIn [32m200[0m 15.571 ms - 12626[0m
[0mGET /users/signIn [32m200[0m 18.108 ms - 12657[0m
[0mGET /users/signIn [32m200[0m 21.196 ms - 12656[0m
[0mGET /users/signIn [32m200[0m 20.600 ms - 12683[0m
[0mGET /users/signIn [32m200[0m 16.990 ms - 12724[0m
[0mGET /users/signIn [32m200[0m 18.540 ms - 12725[0m
[0mPOST /users/create_user [36m302[0m 43.114 ms - 46[0m
[0mGET / [32m200[0m 21.327 ms - 19407[0m
[0mGET /users/signIn [36m302[0m 47.109 ms - 72[0m
[0mGET /users/profile [33m404[0m 8.673 ms - 152[0m
[0mGET / [32m200[0m 42.415 ms - 19185[0m
[0mGET / [36m304[0m 35.251 ms - -[0m
[0mGET / [36m304[0m 20.643 ms - -[0m
[0mGET /users/signIn [36m302[0m 10.405 ms - 72[0m
[0mGET /users/profile [33m404[0m 7.675 ms - 152[0m
[0mGET / [32m200[0m 34.942 ms - 19205[0m
[0mGET / [32m200[0m 37.712 ms - 19211[0m
[0mGET / [36m304[0m 23.447 ms - -[0m
[0mGET / [36m304[0m 13.397 ms - -[0m
[0mGET / [32m200[0m 26.678 ms - 20040[0m
[0mGET / [32m200[0m 25.970 ms - 20054[0m
[0mGET / [32m200[0m 25.048 ms - 20061[0m
[0mGET / [32m200[0m 31.993 ms - 20071[0m
[0mGET / [31m500[0m 18.578 ms - 2168[0m
[0mGET / [32m200[0m 21.873 ms - 19223[0m
[0mGET /users/signIn [32m200[0m 11.396 ms - 9247[0m
[0mPOST /users/signIn [33m404[0m 2.130 ms - 152[0m
[0mGET /users/signUp [32m200[0m 5.657 ms - 9248[0m
[0mGET /users/auth/google [36m302[0m 4.581 ms - 0[0m
[0mGET /users/auth/google/callback?code=4/4QH6LdiHuHZ_uJ6gyiPfG_pX_5NA7s15A9ANWVoc9ngF8TDvwdk1RhbsH0CshsWg4Y01VZZLUgKDdI-niV7E7go&scope=email%20profile%20https://www.googleapis.com/auth/calendar%20https://www.googleapis.com/auth/userinfo.profile%20https://www.googleapis.com/auth/userinfo.email%20openid&authuser=1&hd=iiitkota.ac.in&prompt=consent [32m200[0m 1098.894 ms - 9253[0m
[0mGET /users/auth/google/callback?code=4/4QGqY8iH1Vv9WnB7YoxUCleDZKRYigJChS2HP-taQLbATX9ys55t7VxCcodUW-inVjtV5vCZUZVdF2tWnFnFIt8&scope=email%20profile%20https://www.googleapis.com/auth/calendar%20https://www.googleapis.com/auth/userinfo.profile%20https://www.googleapis.com/auth/userinfo.email%20openid&authuser=1&hd=iiitkota.ac.in&prompt=consent [32m200[0m 991.442 ms - 12725[0m
[0mPOST /users/create_user [36m302[0m 26.713 ms - 46[0m
[0mGET / [32m200[0m 22.588 ms - 19445[0m
[0mGET / [32m200[0m 19.732 ms - 19223[0m
[0mGET / [36m304[0m 25.563 ms - -[0m
[0mGET / [31m500[0m 13.314 ms - 1829[0m
[0mGET / [32m200[0m 34.054 ms - 20098[0m
[0mGET / [32m200[0m 32.604 ms - 18954[0m
[0mGET /users/signIn [36m302[0m 10.663 ms - 72[0m
[0mGET /users/profile [33m404[0m 5.799 ms - 152[0m
[0mGET / [36m304[0m 17.004 ms - -[0m
[0mGET /users/signIn [36m302[0m 8.368 ms - 72[0m
[0mGET /users/profile [33m404[0m 8.117 ms - 152[0m
[0mGET / [32m200[0m 26.769 ms - 19221[0m
[0mGET /users/SignOut [36m302[0m 6.067 ms - 46[0m
[0mGET / [32m200[0m 19.834 ms - 19450[0m
[0mGET /users/signIn [32m200[0m 10.992 ms - 9247[0m
[0mPOST /users/signIn [33m404[0m 2.544 ms - 152[0m
[0mPOST /users/signIn [33m404[0m 9.483 ms - 152[0m
[0mGET / [32m200[0m 22.280 ms - 19239[0m
[0mGET /users/signUp [36m304[0m 11.882 ms - -[0m
[0mGET /users/signIn [36m304[0m 5.844 ms - -[0m
[0mGET /users/signUp [36m304[0m 9.047 ms - -[0m
[0mGET /users/signIn [36m304[0m 7.155 ms - -[0m
[0mPOST /users/signIn [33m404[0m 2.532 ms - 152[0m
[0mGET /users/signIn [32m200[0m 5.866 ms - 9269[0m
[0mPOST /users/users/signIn [33m404[0m 1.601 ms - 158[0m
[0mGET /users/signIn [32m200[0m 9.328 ms - 9270[0m
[0mPOST /users/signIn [33m404[0m 2.393 ms - 152[0m
[0mGET /users/signIn [32m200[0m 8.451 ms - 9278[0m
[0mPOST /users/create_session [36m302[0m 5.812 ms - 70[0m
[0mGET /users/signIn [36m304[0m 11.566 ms - -[0m
[0mPOST /users/create_session [36m302[0m 3.725 ms - 70[0m
[0mGET /users/signIn [36m304[0m 5.350 ms - -[0m
[0mPOST /users/create_session [36m302[0m 6.838 ms - 70[0m
[0mGET /users/signIn [36m304[0m 8.085 ms - -[0m
[0mPOST /users/create_session [36m302[0m 1.915 ms - 70[0m
[0mGET /users/signIn [36m304[0m 5.616 ms - -[0m
[0mPOST /users/create_session [36m302[0m 18.567 ms - 70[0m
[0mGET /users/signIn [36m304[0m 13.807 ms - -[0m
[0mPOST /users/create_session [36m302[0m 3.739 ms - 70[0m
[0mGET /users/signIn [36m304[0m 13.321 ms - -[0m
[0mGET /users/signIn [36m304[0m 10.493 ms - -[0m
[0mPOST /users/create_session [36m302[0m 2.778 ms - 70[0m
[0mGET /users/signIn [36m304[0m 11.397 ms - -[0m
[0mGET /users/signIn [32m200[0m 14.630 ms - 9307[0m
[0mPOST /users/create_session [31m500[0m 41.935 ms - 2053[0m
[0mPOST /users/create_session [36m302[0m 35.939 ms - 46[0m
[0mGET / [32m200[0m 40.600 ms - 19220[0m
[0mGET /users/SignOut [36m302[0m 10.551 ms - 46[0m
[0mGET / [32m200[0m 18.342 ms - 19450[0m
[0mGET /users/signIn [36m304[0m 15.046 ms - -[0m
[0mPOST /users/create_session [36m302[0m 6.915 ms - 70[0m
[0mGET /users/signIn [32m200[0m 9.452 ms - 9523[0m
[0mPOST /users/create_session [36m302[0m 6.744 ms - 70[0m
[0mGET /users/signIn [36m304[0m 10.396 ms - -[0m
[0mPOST /users/create_session [36m302[0m 10.505 ms - 70[0m
[0mGET /users/signIn [36m304[0m 9.910 ms - -[0m
[0mPOST /users/create_session [36m302[0m 5.075 ms - 46[0m
[0mGET / [32m200[0m 31.194 ms - 19220[0m
[0mGET /users/signIn [36m302[0m 11.492 ms - 72[0m
[0mGET /users/profile [33m404[0m 9.868 ms - 152[0m
[0mGET / [32m200[0m 115.025 ms - 19226[0m
[0mGET / [36m304[0m 30.079 ms - -[0m
[0mGET /dashboard/student [32m200[0m 16.686 ms - 7652[0m
[0mGET /dashboard/images/logo.png [33m404[0m 30.001 ms - 164[0m
[0mGET /dashboard/images/discussion_logo.png [33m404[0m 23.201 ms - 175[0m
[0mGET /dashboard/student [36m304[0m 58.877 ms - -[0m
[0mGET /dashboard/images/logo.png [33m404[0m 15.640 ms - 164[0m
[0mGET /dashboard/images/discussion_logo.png [33m404[0m 16.731 ms - 175[0m
[0mGET /dashboard/student [36m304[0m 25.150 ms - -[0m
[0mGET /dashboard/images/logo.png [33m404[0m 12.549 ms - 164[0m
[0mGET /dashboard/images/discussion_logo.png [33m404[0m 12.878 ms - 175[0m
[0mGET / [36m304[0m 38.454 ms - -[0m
[0mGET /dashboard/student [36m304[0m 16.537 ms - -[0m
[0mGET /dashboard/images/logo.png [33m404[0m 17.234 ms - 164[0m
[0mGET /dashboard/images/discussion_logo.png [33m404[0m 17.135 ms - 175[0m
[0mGET /dashboard/student [32m200[0m 15.801 ms - 7651[0m
[0mGET /dashboard/css/student_dashboard.css [33m404[0m 18.659 ms - 174[0m
[0mGET /dashboard/images/logo.png [33m404[0m 17.710 ms - 164[0m
[0mGET /dashboard/images/discussion_logo.png [33m404[0m 14.788 ms - 175[0m
[0mGET /dashboard/student [36m304[0m 8.450 ms - -[0m
[0mGET /dashboard/css/student_dashboard.css [33m404[0m 7.576 ms - 174[0m
[0mGET /dashboard/images/logo.png [33m404[0m 13.017 ms - 164[0m
[0mGET /dashboard/images/discussion_logo.png [33m404[0m 13.499 ms - 175[0m
[0mGET /dashboard/student [32m200[0m 11.901 ms - 7652[0m
[0mGET /dashboard/images/logo.png [33m404[0m 16.380 ms - 164[0m
[0mGET /dashboard/images/discussion_logo.png [33m404[0m 17.810 ms - 175[0m
[0mGET /dashboard/student [36m304[0m 53.619 ms - -[0m
[0mGET /dashboard/images/logo.png [33m404[0m 19.275 ms - 164[0m
[0mGET /dashboard/images/discussion_logo.png [33m404[0m 27.846 ms - 175[0m
[0mGET /dashboard/student [36m304[0m 15.916 ms - -[0m
[0mGET /dashboard/images/logo.png [33m404[0m 11.938 ms - 164[0m
[0mGET /dashboard/images/discussion_logo.png [33m404[0m 14.281 ms - 175[0m
[0mGET /dashboard/student [36m304[0m 26.872 ms - -[0m
[0mGET /dashboard/images/logo.png [33m404[0m 15.758 ms - 164[0m
[0mGET /dashboard/images/discussion_logo.png [33m404[0m 16.246 ms - 175[0m
[0mGET /dashboard/student [36m304[0m 64.570 ms - -[0m
[0mGET /dashboard/images/logo.png [33m404[0m 33.223 ms - 164[0m
[0mGET /dashboard/images/discussion_logo.png [33m404[0m 34.096 ms - 175[0m
[0mGET /dashboard/student [36m304[0m 56.829 ms - -[0m
[0mGET /dashboard/images/logo.png [33m404[0m 9.947 ms - 164[0m
[0mGET /dashboard/images/discussion_logo.png [33m404[0m 12.621 ms - 175[0m
[0mGET /dashboard/student [36m304[0m 16.914 ms - -[0m
[0mGET /dashboard/images/logo.png [33m404[0m 14.016 ms - 164[0m
[0mGET /dashboard/images/discussion_logo.png [33m404[0m 11.964 ms - 175[0m
[0mGET /dashboard/student [36m304[0m 53.895 ms - -[0m
[0mGET /dashboard/images/logo.png [33m404[0m 15.726 ms - 164[0m
[0mGET /dashboard/images/discussion_logo.png [33m404[0m 9.426 ms - 175[0m
[0mGET /dashboard/student [32m200[0m 18.312 ms - 7651[0m
[0mGET /dashboard/images/logo.png [33m404[0m 40.554 ms - 164[0m
[0mGET /dashboard/images/discussion_logo.png [33m404[0m 36.277 ms - 175[0m
[0mGET /dashboard/images/logo.png [33m404[0m 4.842 ms - 164[0m
[0mGET /dashboard/student [36m304[0m 16.553 ms - -[0m
[0mGET /dashboard/images/logo.png [33m404[0m 8.699 ms - 164[0m
[0mGET /dashboard/images/discussion_logo.png [33m404[0m 9.361 ms - 175[0m
[0mGET /dashboard/student [32m200[0m 19.429 ms - 7652[0m
[0mGET /dashboard/images/logo.png [33m404[0m 9.335 ms - 164[0m
[0mGET /dashboard/images/discussion_logo.png [33m404[0m 6.695 ms - 175[0m
[0mGET /dashboard/student [36m304[0m 12.307 ms - -[0m
[0mGET /dashboard/images/logo.png [33m404[0m 14.076 ms - 164[0m
[0mGET /dashboard/images/discussion_logo.png [33m404[0m 18.084 ms - 175[0m
[0mGET /dashboard/student [36m304[0m 11.950 ms - -[0m
[0mGET /dashboard/images/logo.png [33m404[0m 14.662 ms - 164[0m
[0mGET /dashboard/images/discussion_logo.png [33m404[0m 14.780 ms - 175[0m
[0mGET /dashboard/student [32m200[0m 9.533 ms - 7651[0m
[0mGET /dashboard/images/logo.png [33m404[0m 15.484 ms - 164[0m
[0mGET /dashboard/images/discussion_logo.png [33m404[0m 16.048 ms - 175[0m
[0mGET /dashboard/student [32m200[0m 14.142 ms - 7621[0m
[0mGET /dashboard/images/logo.png [33m404[0m 15.774 ms - 164[0m
[0mGET /dashboard/images/discussion_logo.png [33m404[0m 16.045 ms - 175[0m
[0mGET /dashboard/student [36m304[0m 9.162 ms - -[0m
[0mGET /dashboard/images/logo.png [33m404[0m 13.951 ms - 164[0m
[0mGET /dashboard/images/discussion_logo.png [33m404[0m 14.381 ms - 175[0m
[0mGET /dashboard/student [36m304[0m 7.223 ms - -[0m
[0mGET /dashboard/images/logo.png [33m404[0m 19.280 ms - 164[0m
[0mGET /dashboard/images/discussion_logo.png [33m404[0m 19.326 ms - 175[0m
[0mGET /dashboard/student [36m304[0m 8.856 ms - -[0m
[0mGET /dashboard/images/logo.png [33m404[0m 13.829 ms - 164[0m
[0mGET /dashboard/images/discussion_logo.png [33m404[0m 13.239 ms - 175[0m
[0mGET /dashboard/student [32m200[0m 18.304 ms - 7620[0m
[0mGET /dashboard/images/logo.png [33m404[0m 16.339 ms - 164[0m
[0mGET /dashboard/images/discussion_logo.png [33m404[0m 14.049 ms - 175[0m
[0mGET /dashboard/student [36m304[0m 11.901 ms - -[0m
[0mGET /dashboard/images/logo.png [33m404[0m 12.051 ms - 164[0m
[0mGET /dashboard/images/discussion_logo.png [33m404[0m 9.651 ms - 175[0m
[0mGET /dashboard/student [36m304[0m 20.512 ms - -[0m
[0mGET /dashboard/images/logo.png [33m404[0m 12.821 ms - 164[0m
[0mGET /dashboard/images/discussion_logo.png [33m404[0m 13.183 ms - 175[0m
[0mGET /dashboard/student [36m304[0m 10.768 ms - -[0m
[0mGET /dashboard/images/logo.png [33m404[0m 9.988 ms - 164[0m
[0mGET /dashboard/images/discussion_logo.png [33m404[0m 10.363 ms - 175[0m
[0mGET /dashboard/student [36m304[0m 10.197 ms - -[0m
[0mGET /dashboard/images/logo.png [33m404[0m 19.837 ms - 164[0m
[0mGET /dashboard/images/discussion_logo.png [33m404[0m 20.312 ms - 175[0m
[0mGET /dashboard/student [36m304[0m 13.761 ms - -[0m
[0mGET /dashboard/images/logo.png [33m404[0m 12.582 ms - 164[0m
[0mGET /dashboard/images/discussion_logo.png [33m404[0m 9.607 ms - 175[0m
[0mGET /dashboard/student [32m200[0m 13.876 ms - 7660[0m
[0mGET /dashboard/images/logo.png [33m404[0m 19.222 ms - 164[0m
[0mGET /dashboard/images/discussion_logo.png [33m404[0m 19.192 ms - 175[0m
[0mGET /dashboard/student [36m304[0m 10.666 ms - -[0m
[0mGET /dashboard/images/logo.png [33m404[0m 20.073 ms - 164[0m
[0mGET /dashboard/images/discussion_logo.png [33m404[0m 20.587 ms - 175[0m
[0mGET /dashboard/student [36m304[0m 23.157 ms - -[0m
[0mGET /dashboard/images/logo.png [33m404[0m 19.067 ms - 164[0m
[0mGET /dashboard/images/discussion_logo.png [33m404[0m 19.080 ms - 175[0m
[0mGET /dashboard/student [36m304[0m 12.374 ms - -[0m
[0mGET /dashboard/images/logo.png [33m404[0m 8.341 ms - 164[0m
[0mGET /dashboard/images/discussion_logo.png [33m404[0m 8.793 ms - 175[0m
[0mGET /dashboard/student [32m200[0m 14.968 ms - 7597[0m
[0mGET /dashboard/images/logo.png [33m404[0m 19.515 ms - 164[0m
[0mGET /dashboard/images/discussion_logo.png [33m404[0m 11.794 ms - 175[0m
[0mGET /dashboard/student [32m200[0m 17.634 ms - 7588[0m
[0mGET /dashboard/images/logo.png [33m404[0m 17.909 ms - 164[0m
[0mGET /dashboard/images/discussion_logo.png [33m404[0m 17.833 ms - 175[0m
[0mGET /dashboard/student [36m304[0m 14.198 ms - -[0m
[0mGET /dashboard/images/logo.png [33m404[0m 22.917 ms - 164[0m
[0mGET /dashboard/images/discussion_logo.png [33m404[0m 26.529 ms - 175[0m
[0mGET /dashboard/student [32m200[0m 12.799 ms - 7567[0m
[0mGET /dashboard/images/logo.png [33m404[0m 17.579 ms - 164[0m
[0mGET /dashboard/images/discussion_logo.png [33m404[0m 17.867 ms - 175[0m
[0mGET /assets/images/logo.png [33m404[0m 8.205 ms - 161[0m
[0mGET /dashboard/student [36m304[0m 14.808 ms - -[0m
[0mGET /dashboard/images/logo.png [33m404[0m 13.255 ms - 164[0m
[0mGET /dashboard/images/discussion_logo.png [33m404[0m 14.353 ms - 175[0m
[0mGET /dashboard/student [36m304[0m 14.682 ms - -[0m
[0mGET /dashboard/images/logo.png [33m404[0m 13.684 ms - 164[0m
[0mGET /dashboard/images/discussion_logo.png [33m404[0m 12.622 ms - 175[0m
[0mGET /dashboard/student [32m200[0m 15.136 ms - 7568[0m
[0mGET /dashboard/images/logo.png [33m404[0m 15.510 ms - 164[0m
[0mGET /dashboard/images/discussion_logo.png [33m404[0m 15.563 ms - 175[0m
[0mGET /assets/images/logo2.png [33m404[0m 7.799 ms - 162[0m
[0mGET /dashboard/student [36m304[0m 11.482 ms - -[0m
[0mGET /dashboard/images/logo.png [33m404[0m 11.694 ms - 164[0m
[0mGET /dashboard/images/discussion_logo.png [33m404[0m 9.450 ms - 175[0m
[0mGET /dashboard/student [32m200[0m 14.369 ms - 7564[0m
[0mGET /dashboard/images/logo.png [33m404[0m 16.130 ms - 164[0m
[0mGET /dashboard/images/discussion_logo.png [33m404[0m 16.150 ms - 175[0m
[0mGET /dashboard/assets/images/logo.png [33m404[0m 7.948 ms - 171[0m
[0mGET /dashboard/student [32m200[0m 15.358 ms - 7566[0m
[0mGET /dashboard/images/logo.png [33m404[0m 21.411 ms - 164[0m
[0mGET /dashboard/images/discussion_logo.png [33m404[0m 18.969 ms - 175[0m
[0mGET /dashboard/student [36m304[0m 12.003 ms - -[0m
[0mGET /dashboard/images/logo.png [33m404[0m 11.138 ms - 164[0m
[0mGET /dashboard/images/discussion_logo.png [33m404[0m 10.957 ms - 175[0m
[0mGET /dashboard/student [32m200[0m 14.595 ms - 7564[0m
[0mGET /dashboard/images/logo.png [33m404[0m 14.860 ms - 164[0m
[0mGET /dashboard/images/discussion_logo.png [33m404[0m 15.909 ms - 175[0m
[0mGET /dashboard/student [32m200[0m 10.960 ms - 7558[0m
[0mGET /dashboard/images/logo.png [33m404[0m 9.607 ms - 164[0m
[0mGET /dashboard/images/discussion_logo.png [33m404[0m 12.301 ms - 175[0m
[0mGET /dashboard/student [32m200[0m 16.032 ms - 7559[0m
[0mGET /dashboard/images/logo.png [33m404[0m 14.839 ms - 164[0m
[0mGET /dashboard/images/discussion_logo.png [33m404[0m 21.985 ms - 175[0m
[0mGET /dashboard/student [32m200[0m 18.595 ms - 7552[0m
[0mGET /dashboard/images/logo.png [33m404[0m 12.495 ms - 164[0m
[0mGET /dashboard/images/discussion_logo.png [33m404[0m 15.630 ms - 175[0m
[0mGET /dashboard/logo.png [33m404[0m 12.643 ms - 157[0m
[0mGET /dashboard/student [32m200[0m 9.019 ms - 7551[0m
[0mGET /dashboard/images/logo.png [33m404[0m 14.687 ms - 164[0m
[0mGET /dashboard/images/discussion_logo.png [33m404[0m 14.458 ms - 175[0m
[0mGET /logo.png [33m404[0m 9.382 ms - 147[0m
[0mGET /dashboard/student [32m200[0m 12.521 ms - 7550[0m
[0mGET /dashboard/images/logo.png [33m404[0m 9.762 ms - 164[0m
[0mGET /dashboard/images/discussion_logo.png [33m404[0m 11.252 ms - 175[0m
[0mGET /dashboard/student [32m200[0m 14.685 ms - 7588[0m
[0mGET /dashboard/images/logo.png [33m404[0m 14.730 ms - 164[0m
[0mGET /dashboard/images/discussion_logo.png [33m404[0m 14.367 ms - 175[0m
[0mGET /dashboard/student [32m200[0m 14.309 ms - 7555[0m
[0mGET /dashboard/images/logo.png [33m404[0m 8.300 ms - 164[0m
[0mGET /dashboard/images/discussion_logo.png [33m404[0m 12.894 ms - 175[0m
[0mGET /dashboard/student [36m304[0m 7.216 ms - -[0m
[0mGET /dashboard/images/logo.png [33m404[0m 13.289 ms - 164[0m
[0mGET /dashboard/images/discussion_logo.png [33m404[0m 18.240 ms - 175[0m
[0mGET /dashboard/student [32m200[0m 12.692 ms - 7340[0m
[0mGET /dashboard/images/logo.png [33m404[0m 18.176 ms - 164[0m
[0mGET /dashboard/images/discussion_logo.png [33m404[0m 18.419 ms - 175[0m
[0mGET /dashboard/student [36m304[0m 13.462 ms - -[0m
[0mGET /dashboard/images/logo.png [33m404[0m 14.533 ms - 164[0m
[0mGET /dashboard/images/discussion_logo.png [33m404[0m 14.204 ms - 175[0m
[0mGET /dashboard/student [36m304[0m 14.212 ms - -[0m
[0mGET /dashboard/images/logo.png [33m404[0m 11.650 ms - 164[0m
[0mGET /dashboard/images/discussion_logo.png [33m404[0m 13.477 ms - 175[0m
[0mGET /dashboard/student [36m304[0m 13.223 ms - -[0m
[0mGET /dashboard/images/logo.png [33m404[0m 11.220 ms - 164[0m
[0mGET /dashboard/images/discussion_logo.png [33m404[0m 11.696 ms - 175[0m
[0mGET /dashboard/student [36m304[0m 14.070 ms - -[0m
[0mGET /dashboard/images/logo.png [33m404[0m 9.838 ms - 164[0m
[0mGET /dashboard/images/discussion_logo.png [33m404[0m 12.378 ms - 175[0m
[0mGET /dashboard/student [36m304[0m 9.740 ms - -[0m
[0mGET /dashboard/images/logo.png [33m404[0m 13.638 ms - 164[0m
[0mGET /dashboard/images/discussion_logo.png [33m404[0m 14.318 ms - 175[0m
[0mGET /dashboard/student [36m304[0m 13.882 ms - -[0m
[0mGET /dashboard/images/logo.png [33m404[0m 15.383 ms - 164[0m
[0mGET /dashboard/images/discussion_logo.png [33m404[0m 14.632 ms - 175[0m
[0mGET /dashboard/student [36m304[0m 17.057 ms - -[0m
[0mGET /dashboard/images/logo.png [33m404[0m 9.047 ms - 164[0m
[0mGET /dashboard/images/discussion_logo.png [33m404[0m 9.725 ms - 175[0m
[0mGET /dashboard/student [32m200[0m 18.840 ms - 7555[0m
[0mGET /dashboard/images/logo.png [33m404[0m 14.354 ms - 164[0m
[0mGET /dashboard/images/discussion_logo.png [33m404[0m 15.699 ms - 175[0m
[0mGET /dashboard/student [36m304[0m 14.569 ms - -[0m
[0mGET /dashboard/images/logo.png [33m404[0m 10.659 ms - 164[0m
[0mGET /dashboard/images/discussion_logo.png [33m404[0m 12.889 ms - 175[0m
[0mGET /dashboard/student [36m304[0m 11.627 ms - -[0m
[0mGET /dashboard/images/logo.png [33m404[0m 16.606 ms - 164[0m
[0mGET /dashboard/images/discussion_logo.png [33m404[0m 14.396 ms - 175[0m
[0mGET /dashboard/student [36m304[0m 11.188 ms - -[0m
[0mGET /dashboard/images/logo.png [33m404[0m 11.544 ms - 164[0m
[0mGET /dashboard/images/discussion_logo.png [33m404[0m 12.978 ms - 175[0m
[0mGET /dashboard/student [32m200[0m 8.888 ms - 7340[0m
[0mGET /dashboard/images/logo.png [33m404[0m 11.459 ms - 164[0m
[0mGET /dashboard/images/discussion_logo.png [33m404[0m 8.826 ms - 175[0m
[0mGET /dashboard/student [32m200[0m 13.994 ms - 7555[0m
[0mGET /dashboard/images/logo.png [33m404[0m 14.629 ms - 164[0m
[0mGET /dashboard/images/discussion_logo.png [33m404[0m 15.205 ms - 175[0m
[0mGET /dashboard/student [32m200[0m 13.442 ms - 7556[0m
[0mGET /dashboard/images/logo.png [33m404[0m 15.811 ms - 164[0m
[0mGET /dashboard/images/discussion_logo.png [33m404[0m 18.094 ms - 175[0m
[0mGET /dashboard/student [32m200[0m 15.486 ms - 7555[0m
[0mGET /dashboard/images/logo.png [33m404[0m 8.782 ms - 164[0m
[0mGET /dashboard/images/discussion_logo.png [33m404[0m 13.449 ms - 175[0m
[0mGET /dashboard/student [32m200[0m 24.378 ms - 7556[0m
[0mGET /dashboard/images/discussion_logo.png [33m404[0m 10.641 ms - 175[0m
[0mGET /dashboard/student [36m304[0m 12.580 ms - -[0m
[0mGET /dashboard/images/discussion_logo.png [33m404[0m 16.824 ms - 175[0m
[0mGET /dashboard/student [36m304[0m 18.363 ms - -[0m
[0mGET /dashboard/images/discussion_logo.png [33m404[0m 5.114 ms - 175[0m
[0mGET /dashboard/student [36m304[0m 14.763 ms - -[0m
[0mGET /dashboard/images/discussion_logo.png [33m404[0m 9.283 ms - 175[0m
[0mGET /dashboard/student [32m200[0m 12.105 ms - 7557[0m
[0mGET /dashboard/student [36m304[0m 23.290 ms - -[0m
[0mGET /dashboard/student [32m200[0m 27.489 ms - 8415[0m
[0mGET /dashboard/student [32m200[0m 17.635 ms - 7691[0m
[0mGET /dashboard/student [32m200[0m 19.105 ms - 7654[0m
[0mGET /dashboard/student [36m304[0m 7.400 ms - -[0m
[0mGET /dashboard/student [32m200[0m 17.492 ms - 7643[0m
[0mGET /dashboard/student [31m500[0m 10.823 ms - 1932[0m
[0mGET /dashboard/student [31m500[0m 10.833 ms - 1932[0m
[0mGET /dashboard/student [32m200[0m 9.259 ms - 7649[0m
[0mGET /dashboard/student [32m200[0m 14.490 ms - 7647[0m
[0mGET /dashboard/student [32m200[0m 24.373 ms - 7782[0m
[0mGET /dashboard/student [32m200[0m 17.061 ms - 7754[0m
[0mGET /dashboard/student [32m200[0m 13.368 ms - 7775[0m
[0mGET /dashboard/student [32m200[0m 22.703 ms - 7775[0m
[0mGET /dashboard/student [32m200[0m 15.826 ms - 7788[0m
[0mGET /dashboard/student [36m304[0m 12.081 ms - -[0m
[0mGET /dashboard/student [36m304[0m 6.772 ms - -[0m
[0mGET /dashboard/student [32m200[0m 17.219 ms - 7795[0m
[0mGET /dashboard/student [32m200[0m 14.720 ms - 7795[0m
[0mGET /dashboard/student [32m200[0m 22.019 ms - 7795[0m
[0mGET /dashboard/student [32m200[0m 17.243 ms - 7795[0m
[0mGET /dashboard/student [32m200[0m 24.091 ms - 7816[0m
[0mGET /dashboard/student [36m304[0m 9.720 ms - -[0m
[0mGET /dashboard/student [32m200[0m 16.763 ms - 7816[0m
[0mGET /dashboard/student [36m304[0m 6.750 ms - -[0m
[0mGET /dashboard/student [36m304[0m 11.475 ms - -[0m
[0mGET /dashboard/student [36m304[0m 10.131 ms - -[0m
[0mGET /dashboard/student [32m200[0m 9.708 ms - 7836[0m
[0mGET /dashboard/student [36m304[0m 8.843 ms - -[0m
[0mGET /dashboard/student [36m304[0m 10.133 ms - -[0m
[0mGET /dashboard/student [32m200[0m 14.857 ms - 7837[0m
[0mGET /dashboard/student [36m304[0m 7.574 ms - -[0m
[0mGET /dashboard/student [36m304[0m 9.755 ms - -[0m
[0mGET /dashboard/student [36m304[0m 10.553 ms - -[0m
[0mGET /dashboard/student [36m304[0m 18.652 ms - -[0m
[0mGET /dashboard/student [36m304[0m 9.689 ms - -[0m
[0mGET /dashboard/student [32m200[0m 13.934 ms - 7647[0m
[0mGET / [32m200[0m 95.150 ms - 19239[0m
[0mGET /users/signIn [32m200[0m 17.031 ms - 9307[0m
[0mPOST /users/create_session [36m302[0m 20.966 ms - 70[0m
[0mGET /users/signIn [32m200[0m 7.399 ms - 9523[0m
[0mPOST /users/create_session [36m302[0m 8.290 ms - 70[0m
[0mGET /users/signIn [36m304[0m 8.377 ms - -[0m
[0mPOST /users/create_session [36m302[0m 5.187 ms - 46[0m
[0mGET / [32m200[0m 18.137 ms - 19226[0m
[0mGET /dashboard/student [36m304[0m 19.103 ms - -[0m
[0mGET / [36m304[0m 48.061 ms - -[0m
[0mGET / [32m200[0m 21.575 ms - 19261[0m
[0mGET / [36m304[0m 20.907 ms - -[0m
[0mGET /users/signIn [36m302[0m 42.429 ms - 72[0m
[0mGET /users/profile [33m404[0m 6.733 ms - 152[0m
[0mGET / [32m200[0m 45.901 ms - 19284[0m
[0mGET /dashboard/student [36m304[0m 8.421 ms - -[0m
[0mGET /organizations/register [33m404[0m 5.039 ms - 161[0m
[0mGET / [32m200[0m 29.042 ms - 19283[0m
[0mGET /organizations/register [33m404[0m 9.900 ms - 161[0m
[0mGET /organizations/register [33m404[0m 6.367 ms - 161[0m
[0mGET /dashboard/student [36m304[0m 47.798 ms - -[0m
[0mGET /organizations/register [33m404[0m 8.568 ms - 161[0m
[0mGET / [36m304[0m 93.389 ms - -[0m
[0mGET /organizations/register [32m200[0m 16.245 ms - 3085[0m
[0mGET /organizations/register [36m304[0m 11.800 ms - -[0m
[0mGET /organizations/register [32m200[0m 9.813 ms - 3183[0m
[0mGET /organizations/register [32m200[0m 10.779 ms - 3211[0m
[0mGET / [36m304[0m 51.013 ms - -[0m
[0mGET /users/SignOut [36m302[0m 18.181 ms - 46[0m
[0mGET / [32m200[0m 34.359 ms - 19507[0m
[0mGET /users/signIn [32m200[0m 9.124 ms - 9307[0m
[0mGET /users/signIn [36m304[0m 5.570 ms - -[0m
[0mGET /users/signUp [32m200[0m 8.744 ms - 9308[0m
[0mGET /users/auth/google [36m302[0m 5.774 ms - 0[0m
[0mGET /users/auth/google/callback?code=4/4QGCEj0shDQho0H7k6l4iNdmXcopKcUQSWXQCgO8zOGdOHe6ynmhty-Fbsb2H3FW2Z37SezeIZ5eposBcazjUY4&scope=email%20profile%20https://apps-apis.google.com/a/feeds/domain/%20https://www.googleapis.com/auth/calendar%20https://www.googleapis.com/auth/userinfo.profile%20https://www.googleapis.com/auth/userinfo.email%20openid&authuser=1&hd=iiitkota.ac.in&prompt=consent [32m200[0m 1076.295 ms - 9313[0m
[0mGET /users/auth/google/callback?code=4/4QGCEj0shDQho0H7k6l4iNdmXcopKcUQSWXQCgO8zOGdOHe6ynmhty-Fbsb2H3FW2Z37SezeIZ5eposBcazjUY4&scope=email%20profile%20https://apps-apis.google.com/a/feeds/domain/%20https://www.googleapis.com/auth/calendar%20https://www.googleapis.com/auth/userinfo.profile%20https://www.googleapis.com/auth/userinfo.email%20openid&authuser=1&hd=iiitkota.ac.in&prompt=consent [31m500[0m 488.178 ms - 1089[0m
[0mGET / [32m200[0m 54.804 ms - 19296[0m
[0mGET /users/signIn [36m304[0m 12.788 ms - -[0m
[0mGET /users/signUp [36m304[0m 5.033 ms - -[0m
[0mGET /users/auth/google [36m302[0m 8.571 ms - 0[0m
[0mGET /users/auth/google/callback?code=4/4QEOLtHy0OON0Q-lbEafnUWt75ckIXwjCdoG0lfI-sMy2HFtrRN-V9j7fscFsOMNEY_x5QbX_K3cmVSR53u5wLA&scope=email%20profile%20https://www.googleapis.com/auth/user.organization.read%20https://apps-apis.google.com/a/feeds/domain/%20https://www.googleapis.com/auth/calendar%20https://www.googleapis.com/auth/userinfo.profile%20https://www.googleapis.com/auth/userinfo.email%20openid&authuser=1&hd=iiitkota.ac.in&prompt=consent [32m200[0m 1019.363 ms - 9313[0m
[0mGET /users/auth/google/callback?code=4/4QEOLtHy0OON0Q-lbEafnUWt75ckIXwjCdoG0lfI-sMy2HFtrRN-V9j7fscFsOMNEY_x5QbX_K3cmVSR53u5wLA&scope=email%20profile%20https://www.googleapis.com/auth/user.organization.read%20https://apps-apis.google.com/a/feeds/domain/%20https://www.googleapis.com/auth/calendar%20https://www.googleapis.com/auth/userinfo.profile%20https://www.googleapis.com/auth/userinfo.email%20openid&authuser=1&hd=iiitkota.ac.in&prompt=consent [31m500[0m 377.666 ms - 1089[0m
[0mGET / [36m304[0m 38.848 ms - -[0m
[0mGET /organizations/register [32m200[0m 16.479 ms - 3312[0m
[0mGET /organizations/register [32m200[0m 8.114 ms - 3306[0m
[0mGET /organizations/register [32m200[0m 9.803 ms - 4686[0m
[0mGET /organizations/register [32m200[0m 12.077 ms - 4632[0m
[0mGET /organizations/register [32m200[0m 10.830 ms - 4638[0m
[0mGET /organizations/register [32m200[0m 11.905 ms - 4647[0m
[0mGET /organizations/register [32m200[0m 9.143 ms - 4622[0m
[0mGET /organizations/register [32m200[0m 14.766 ms - 5677[0m
[0mGET /organizations/register [32m200[0m 13.690 ms - 5677[0m
[0mGET /organizations/register [32m200[0m 5.441 ms - 5692[0m
[0mGET /organizations/register [32m200[0m 9.329 ms - 5694[0m
[0mGET /organizations/register [32m200[0m 7.335 ms - 5327[0m
[0mGET /organizations/register [32m200[0m 14.356 ms - 5608[0m
[0mGET /organizations/register [32m200[0m 12.346 ms - 5631[0m
[0mGET / [36m304[0m 18.113 ms - -[0m
[0mGET /organizations/register [36m304[0m 7.491 ms - -[0m
[0mGET /organizations/register [32m200[0m 4.985 ms - 5643[0m
[0mGET /organizations/register [36m304[0m 6.873 ms - -[0m
[0mGET /organizations/register [32m200[0m 4.752 ms - 5631[0m
[0mGET /organizations/register [32m200[0m 13.438 ms - 5631[0m
[0mGET /organizations/register [32m200[0m 12.971 ms - 5635[0m
[0mGET /organizations/register [32m200[0m 10.675 ms - 5757[0m
[0mGET /organizations/register [32m200[0m 5.206 ms - 5811[0m
[0mGET /organizations/register [32m200[0m 11.712 ms - 6073[0m
[0mGET /organizations/register [32m200[0m 8.468 ms - 5257[0m
[0mGET /organizations/register [32m200[0m 14.556 ms - 5265[0m
[0mGET /organizations/register [36m304[0m 6.030 ms - -[0m
[0mGET /organizations/register [32m200[0m 14.128 ms - 5265[0m
[0mGET /organizations/register [36m304[0m 5.102 ms - -[0m
[0mGET /organizations/register [32m200[0m 7.954 ms - 5265[0m
[0mGET /organizations/register [36m304[0m 12.742 ms - -[0m
[0mGET /organizations/register?admin=you%40gmail.com&name=Sumit+Kumar&organization=iiitk.ac.in&acronym=IIITK&motto=nothing+for+now&address=badbar%2C+jhunjhunu%2C+rajasthan+%28333502%29&other=on&other=on [32m200[0m 72.302 ms - 5284[0m
[0mGET /organizations/organization/instituteDetails?admin=you%40gmail.com&name=Sumit+Kumar&organization=iiitk.ac.in&acronym=IIITK&motto=nothing+for+now&address=badbar%2C+jhunjhunu%2C+rajasthan+%28333502%29&other=on&other=on [33m404[0m 57.451 ms - 182[0m
[0mGET /organizations/organization/instituteDetails?admin=you%40gmail.com&name=Sumit+Kumar&organization=iiitk.ac.in&acronym=IIITK&motto=nothing+for+now&address=badbar%2C+jhunjhunu%2C+rajasthan+%28333502%29&other=on&other=on [33m404[0m 12.025 ms - 182[0m
[0mGET /organizations/organization/instituteDetails?admin=you%40gmail.com&name=Sumit+Kumar&organization=iiitk.ac.in&acronym=IIITK&motto=nothing+for+now&address=badbar%2C+jhunjhunu%2C+rajasthan+%28333502%29&other=on&other=on [33m404[0m 5.150 ms - 182[0m
[0mGET /organizations/register?admin=you%40gmail.com&name=Sumit+Kumar&organization=iiitk.ac.in&acronym=IIITK&motto=nothing+for+now&address=badbar%2C+jhunjhunu%2C+rajasthan+%28333502%29&other=on&other=on [32m200[0m 16.654 ms - 5285[0m
[0mGET /organization/instituteDetails?admin=you%40gmail.com&name=Sumit+Kumar&organization=iiitk.ac.in&acronym=IIITK&motto=nothing+for+now&address=badbar%2C+jhunjhunu%2C+rajasthan+%28333502%29&other=on&other=on [33m404[0m 8.499 ms - 168[0m
[0mGET /organization/instituteDetails?admin=you%40gmail.com&name=Sumit+Kumar&organization=iiitk.ac.in&acronym=IIITK&motto=nothing+for+now&address=badbar%2C+jhunjhunu%2C+rajasthan+%28333502%29&other=on&other=on [33m404[0m 4.589 ms - 168[0m
[0mGET /organization/instituteDetails?admin=you%40gmail.com&name=Sumit+Kumar&organization=iiitk.ac.in&acronym=IIITK&motto=nothing+for+now&address=badbar%2C+jhunjhunu%2C+rajasthan+%28333502%29&other=on&other=on [33m404[0m 10.853 ms - 168[0m
[0mGET /organization/instituteDetails?admin=you%40gmail.com&name=Sumit+Kumar&organization=iiitk.ac.in&acronym=IIITK&motto=nothing+for+now&address=badbar%2C+jhunjhunu%2C+rajasthan+%28333502%29&other=on&other=on [33m404[0m 6.832 ms - 168[0m
[0mGET /organizations/register?admin=you%40gmail.com&name=Sumit+Kumar&organization=iiitk.ac.in&acronym=IIITK&motto=nothing+for+now&address=badbar%2C+jhunjhunu%2C+rajasthan+%28333502%29&other=on&other=on [32m200[0m 11.808 ms - 5299[0m
[0mPOST /organization/instituteDetails [33m404[0m 4.207 ms - 169[0m
[0mPOST /organization/instituteDetails [33m404[0m 7.350 ms - 169[0m
[0mPOST /organization/instituteDetails [33m404[0m 8.400 ms - 169[0m
[0mGET /organizations/register?admin=you%40gmail.com&name=Sumit+Kumar&organization=iiitk.ac.in&acronym=IIITK&motto=nothing+for+now&address=badbar%2C+jhunjhunu%2C+rajasthan+%28333502%29&other=on&other=on [32m200[0m 10.052 ms - 5298[0m
[0mPOST /organizations/organization/instituteDetails [33m404[0m 7.089 ms - 183[0m
[0mPOST /organizations/organization/instituteDetails [33m404[0m 6.270 ms - 183[0m
[0mGET /organizations/register?admin=you%40gmail.com&name=Sumit+Kumar&organization=iiitk.ac.in&acronym=IIITK&motto=nothing+for+now&address=badbar%2C+jhunjhunu%2C+rajasthan+%28333502%29&other=on&other=on [32m200[0m 6.876 ms - 5286[0m
[0mPOST /instituteDetails [33m404[0m 6.806 ms - 156[0m
[0mPOST /instituteDetails [33m404[0m 3.155 ms - 156[0m
[0mPOST /instituteDetails [33m404[0m 12.245 ms - 156[0m
[0mGET /organizations/register?admin=you%40gmail.com&name=Sumit+Kumar&organization=iiitk.ac.in&acronym=IIITK&motto=nothing+for+now&address=badbar%2C+jhunjhunu%2C+rajasthan+%28333502%29&other=on&other=on [32m200[0m 10.705 ms - 5300[0m
[0mPOST /organizations/instituteDetails [0m-[0m - ms - -[0m
[0mPOST /organizations/instituteDetails [0m-[0m - ms - -[0m
[0mPOST /organizations/instituteDetails [0m-[0m - ms - -[0m
[0mPOST /organizations/instituteDetails [0m-[0m - ms - -[0m
[0mGET /organizations/register?admin=you%40gmail.com&name=Sumit+Kumar&organization=iiitk.ac.in&acronym=IIITK&motto=nothing+for+now&address=badbar%2C+jhunjhunu%2C+rajasthan+%28333502%29&other=on&other=on [32m200[0m 24.372 ms - 5295[0m
[0mGET /organizations/register?admin=you%40gmail.com&name=Sumit+Kumar&organization=iiitk.ac.in&acronym=IIITK&motto=nothing+for+now&address=badbar%2C+jhunjhunu%2C+rajasthan+%28333502%29&other=on&other=on [32m200[0m 60.505 ms - 5304[0m
[0mGET /organizations/register?admin=you%40gmail.com&name=Sumit+Kumar&organization=iiitk.ac.in&acronym=IIITK&motto=nothing+for+now&address=badbar%2C+jhunjhunu%2C+rajasthan+%28333502%29&other=on&other=on [36m304[0m 38.613 ms - -[0m
[0mGET /organizations/register?admin=you%40gmail.com&name=Sumit+Kumar&organization=iiitk.ac.in&acronym=IIITK&motto=nothing+for+now&address=badbar%2C+jhunjhunu%2C+rajasthan+%28333502%29&other=on&other=on [36m304[0m 71.127 ms - -[0m
[0mPOST /organizations/instituteDetails [36m302[0m 35.589 ms - 46[0m
[0mGET / [32m200[0m 38.488 ms - 19587[0m
[0mGET /organizations/register [32m200[0m 49.123 ms - 5304[0m
[0mPOST /organizations/instituteDetails [36m302[0m 49.996 ms - 46[0m
[0mGET / [36m304[0m 35.497 ms - -[0m
[0mGET /organizations/register [36m304[0m 52.799 ms - -[0m
[0mPOST /organizations/instituteDetails [36m302[0m 34.011 ms - 46[0m
[0mGET / [36m304[0m 46.356 ms - -[0m
[0mGET /organizations/register [36m304[0m 82.254 ms - -[0m
[0mPOST /organizations/instituteDetails [36m302[0m 45.442 ms - 46[0m
[0mGET / [36m304[0m 28.343 ms - -[0m
[0mGET /organizations/register [36m304[0m 50.314 ms - -[0m
[0mGET /organizations/register [36m304[0m 10.365 ms - -[0m
[0mPOST /organizations/instituteDetails [36m302[0m 60.885 ms - 132[0m
[0mGET /organizations/register [32m200[0m 19.897 ms - 5557[0m
[0mGET /organizations/register [32m200[0m 39.862 ms - 5304[0m
[0mPOST /organizations/instituteDetails [36m302[0m 40.675 ms - 132[0m
[0mGET /organizations/register [32m200[0m 33.192 ms - 5557[0m
[0mGET / [32m200[0m 67.212 ms - 19296[0m
[0mGET /users/signUp [32m200[0m 14.699 ms - 12785[0m
[0mGET /users/signIn [32m200[0m 13.526 ms - 12785[0m
[0mGET /users/signIn [36m304[0m 6.105 ms - -[0m
[0mGET / [36m304[0m 48.707 ms - -[0m
[0mGET /organizations/register [32m200[0m 12.930 ms - 5304[0m
[0mPOST /organizations/instituteDetails [36m302[0m 40.276 ms - 132[0m
[0mGET /organizations/register [32m200[0m 12.504 ms - 5557[0m
[0mGET / [36m304[0m 16.199 ms - -[0m
[0mGET / [36m304[0m 59.392 ms - -[0m
[0mGET /organizations/register [32m200[0m 15.997 ms - 5304[0m
[0mPOST /organizations/instituteDetails [36m302[0m 35.782 ms - 132[0m
[0mGET /organizations/register [32m200[0m 63.994 ms - 5557[0m
