[0mGET /dashboard/teacher [31m500[0m 32.014 ms - 2830[0m
[0mGET /dashboard/teacher [31m500[0m 13.250 ms - 2830[0m
[0mGET /dashboard/teacher [31m500[0m 21.301 ms - 2830[0m
[0mGET /dashboard/teacher [31m500[0m 17.832 ms - 2830[0m
[0mGET /dashboard/teacher [31m500[0m 11.788 ms - 2830[0m
[0mGET / [32m200[0m 95.923 ms - 19296[0m
[0mGET /users/signIn [32m200[0m 20.648 ms - 9307[0m
[0mGET /users/signUp [36m304[0m 14.629 ms - -[0m
[0mGET /users/signUp [36m304[0m 6.594 ms - -[0m
[0mGET /users/auth/google [36m302[0m 5.649 ms - 0[0m
[0mGET /users/auth/google/callback?code=4/4QG0lt14Vr_eWK8RiKDsRXE5gLdnv08Th2gP21JqJlguzS5yfnptJy41dh2M86ULhV371MRMOjKHp-sMCS89VUY&scope=email%20profile%20https://www.googleapis.com/auth/userinfo.profile%20https://www.googleapis.com/auth/userinfo.email%20https://www.googleapis.com/auth/calendar%20https://apps-apis.google.com/a/feeds/domain/%20https://www.googleapis.com/auth/user.organization.read%20openid&authuser=2&prompt=consent [36m302[0m 1446.773 ms - 46[0m
[0mGET / [32m200[0m 33.035 ms - 19312[0m
[0mGET /users/SignOut [36m302[0m 14.235 ms - 46[0m
[0mGET / [32m200[0m 56.024 ms - 19507[0m
[0mGET /users/signIn [36m304[0m 13.363 ms - -[0m
[0mPOST /users/create_session [36m302[0m 8.482 ms - 70[0m
[0mGET /users/signIn [32m200[0m 6.824 ms - 9523[0m
[0mPOST /users/create_session [36m302[0m 7.664 ms - 46[0m
[0mGET / [32m200[0m 32.397 ms - 19312[0m
[0mGET /dashboard/teacher [32m200[0m 16.630 ms - 7726[0m
[0mGET /dashboard/teacher [32m200[0m 17.511 ms - 11139[0m
[0mGET /dashboard/images/logo.png [33m404[0m 83.290 ms - 164[0m
[0mGET /dashboard/images/discussion_logo.png [33m404[0m 131.219 ms - 175[0m
[0mGET /dashboard/teacher?year=year&branch=branch [32m200[0m 12.914 ms - 11139[0m
[0mGET /dashboard/images/logo.png [33m404[0m 32.923 ms - 164[0m
[0mGET /dashboard/images/discussion_logo.png [33m404[0m 60.280 ms - 175[0m
[0mGET /dashboard/teacher?year=year&branch=branch [36m304[0m 7.416 ms - -[0m
[0mGET /dashboard/images/logo.png [33m404[0m 17.845 ms - 164[0m
[0mGET /dashboard/images/discussion_logo.png [33m404[0m 19.655 ms - 175[0m
[0mGET /dashboard/teacher?year=year&branch=branch [32m200[0m 32.598 ms - 11140[0m
[0mGET /dashboard/images/discussion_logo.png [33m404[0m 3.436 ms - 175[0m
[0mGET /dashboard/teacher?year=year&branch=branch [36m304[0m 18.187 ms - -[0m
[0mGET /dashboard/images/discussion_logo.png [33m404[0m 28.874 ms - 175[0m
[0mGET /dashboard/teacher?year=year&branch=branch [31m500[0m 9.728 ms - 1932[0m
[0mGET /dashboard/teacher?year=year&branch=branch [31m500[0m 8.014 ms - 1932[0m
[0mGET /dashboard/teacher?year=year&branch=branch [32m200[0m 32.869 ms - 11197[0m
[0mGET /dashboard/teacher?year=year&branch=branch [36m304[0m 8.693 ms - -[0m
[0mGET /dashboard/teacher?year=year&branch=branch [36m304[0m 7.427 ms - -[0m
[0mGET /dashboard/teacher?year=year&branch=branch [36m304[0m 8.697 ms - -[0m
[0mGET /dashboard/teacher?year=year&branch=branch [36m304[0m 6.543 ms - -[0m
[0mGET /dashboard/teacher?year=year&branch=branch [36m304[0m 13.025 ms - -[0m
[0mGET /dashboard/teacher?year=year&branch=branch [36m304[0m 6.795 ms - -[0m
[0mGET /dashboard/teacher?year=year&branch=branch [36m304[0m 5.495 ms - -[0m
[0mGET /dashboard/teacher?year=year&branch=branch [32m200[0m 10.367 ms - 12754[0m
[0mGET /dashboard/images/logo.png [33m404[0m 3.274 ms - 164[0m
[0mGET /dashboard/images/discussion_logo.png [33m404[0m 10.885 ms - 175[0m
[0mGET /dashboard/teacher?year=year&branch=branch [36m304[0m 10.383 ms - -[0m
[0mGET /dashboard/images/logo.png [33m404[0m 4.758 ms - 164[0m
[0mGET /dashboard/images/discussion_logo.png [33m404[0m 14.199 ms - 175[0m
[0mGET /dashboard/teacher?year=year&branch=branch [36m304[0m 8.508 ms - -[0m
[0mGET /dashboard/images/logo.png [33m404[0m 30.293 ms - 164[0m
[0mGET /dashboard/images/discussion_logo.png [33m404[0m 49.152 ms - 175[0m
[0mGET /dashboard/teacher?year=year&branch=branch [32m200[0m 14.720 ms - 12753[0m
[0mGET /dashboard/css/student_dashboard.css [33m404[0m 32.807 ms - 174[0m
[0mGET /dashboard/images/logo.png [33m404[0m 7.561 ms - 164[0m
[0mGET /dashboard/images/discussion_logo.png [33m404[0m 5.432 ms - 175[0m
[0mGET /dashboard/css/student_dashboard.css [33m404[0m 4.975 ms - 174[0m
[0mGET /dashboard/teacher?year=year&branch=branch [32m200[0m 10.226 ms - 12754[0m
[0mGET /dashboard/images/logo.png [33m404[0m 30.452 ms - 164[0m
[0mGET /dashboard/images/discussion_logo.png [33m404[0m 12.417 ms - 175[0m
[0mGET /dashboard/teacher?year=year&branch=branch [36m304[0m 15.397 ms - -[0m
[0mGET /dashboard/images/logo.png [33m404[0m 7.870 ms - 164[0m
[0mGET /dashboard/images/discussion_logo.png [33m404[0m 9.407 ms - 175[0m
[0mGET /dashboard/teacher?year=year&branch=branch [36m304[0m 5.655 ms - -[0m
[0mGET /dashboard/images/logo.png [33m404[0m 11.320 ms - 164[0m
[0mGET /dashboard/images/discussion_logo.png [33m404[0m 13.851 ms - 175[0m
[0mGET /dashboard/teacher?year=year&branch=branch [36m304[0m 10.039 ms - -[0m
[0mGET /dashboard/images/logo.png [33m404[0m 14.078 ms - 164[0m
[0mGET /dashboard/images/discussion_logo.png [33m404[0m 24.969 ms - 175[0m
[0mGET /dashboard/teacher?year=year&branch=branch [36m304[0m 7.536 ms - -[0m
[0mGET /dashboard/images/logo.png [33m404[0m 15.143 ms - 164[0m
[0mGET /dashboard/images/discussion_logo.png [33m404[0m 31.967 ms - 175[0m
[0mGET /dashboard/teacher?year=year&branch=branch [36m304[0m 6.189 ms - -[0m
[0mGET /dashboard/images/logo.png [33m404[0m 9.809 ms - 164[0m
[0mGET /dashboard/images/discussion_logo.png [33m404[0m 4.354 ms - 175[0m
[0mGET /dashboard/teacher?year=year&branch=branch [36m304[0m 12.420 ms - -[0m
[0mGET /dashboard/images/logo.png [33m404[0m 13.563 ms - 164[0m
[0mGET /dashboard/images/discussion_logo.png [33m404[0m 15.952 ms - 175[0m
[0mGET /dashboard/teacher?year=year&branch=branch [36m304[0m 8.586 ms - -[0m
[0mGET /dashboard/images/logo.png [33m404[0m 13.066 ms - 164[0m
[0mGET /dashboard/images/discussion_logo.png [33m404[0m 11.338 ms - 175[0m
[0mGET /dashboard/teacher?year=year&branch=branch [36m304[0m 12.424 ms - -[0m
[0mGET /dashboard/images/logo.png [33m404[0m 5.352 ms - 164[0m
[0mGET /dashboard/images/discussion_logo.png [33m404[0m 13.428 ms - 175[0m
[0mGET /dashboard/teacher?year=year&branch=branch [36m304[0m 12.195 ms - -[0m
[0mGET /dashboard/images/logo.png [33m404[0m 5.663 ms - 164[0m
[0mGET /dashboard/images/discussion_logo.png [33m404[0m 15.178 ms - 175[0m
[0mGET /dashboard/teacher?year=year&branch=branch [36m304[0m 7.249 ms - -[0m
[0mGET /dashboard/images/logo.png [33m404[0m 13.523 ms - 164[0m
[0mGET /dashboard/images/discussion_logo.png [33m404[0m 23.326 ms - 175[0m
[0mGET /dashboard/teacher?year=year&branch=branch [36m304[0m 8.107 ms - -[0m
[0mGET /dashboard/images/logo.png [33m404[0m 18.170 ms - 164[0m
[0mGET /dashboard/images/discussion_logo.png [33m404[0m 31.961 ms - 175[0m
[0mGET /dashboard/teacher?year=year&branch=branch [36m304[0m 10.948 ms - -[0m
[0mGET /dashboard/images/logo.png [33m404[0m 8.791 ms - 164[0m
[0mGET /dashboard/images/discussion_logo.png [33m404[0m 4.894 ms - 175[0m
[0mGET /dashboard/teacher?year=year&branch=branch [36m304[0m 9.098 ms - -[0m
[0mGET /dashboard/images/logo.png [33m404[0m 5.757 ms - 164[0m
[0mGET /dashboard/images/discussion_logo.png [33m404[0m 18.452 ms - 175[0m
[0mGET /dashboard/teacher?year=year&branch=branch [32m200[0m 13.409 ms - 12771[0m
[0mGET /dashboard/images/logo.png [33m404[0m 4.711 ms - 164[0m
[0mGET /dashboard/images/discussion_logo.png [33m404[0m 9.448 ms - 175[0m
[0mGET /dashboard/teacher?year=year&branch=branch [36m304[0m 9.387 ms - -[0m
[0mGET /dashboard/images/logo.png [33m404[0m 12.191 ms - 164[0m
[0mGET /dashboard/images/discussion_logo.png [33m404[0m 27.607 ms - 175[0m
[0mGET /dashboard/teacher?year=year&branch=branch [36m304[0m 9.245 ms - -[0m
[0mGET /dashboard/images/logo.png [33m404[0m 7.647 ms - 164[0m
[0mGET /dashboard/images/discussion_logo.png [33m404[0m 15.080 ms - 175[0m
[0mGET /dashboard/teacher?year=year&branch=branch [32m200[0m 13.752 ms - 12760[0m
[0mGET /dashboard/images/logo.png [33m404[0m 19.326 ms - 164[0m
[0mGET /dashboard/images/discussion_logo.png [33m404[0m 27.316 ms - 175[0m
[0mGET /dashboard/teacher?year=year&branch=branch [36m304[0m 8.771 ms - -[0m
[0mGET /dashboard/images/logo.png [33m404[0m 10.098 ms - 164[0m
[0mGET /dashboard/images/discussion_logo.png [33m404[0m 4.557 ms - 175[0m
[0mGET /dashboard/teacher?year=year&branch=branch [32m200[0m 16.722 ms - 12758[0m
[0mGET /dashboard/images/logo.png [33m404[0m 33.120 ms - 164[0m
[0mGET /dashboard/images/discussion_logo.png [33m404[0m 34.814 ms - 175[0m
[0mGET /dashboard/teacher?year=year&branch=branch [36m304[0m 10.956 ms - -[0m
[0mGET /dashboard/images/logo.png [33m404[0m 3.181 ms - 164[0m
[0mGET /dashboard/images/discussion_logo.png [33m404[0m 6.840 ms - 175[0m
[0mGET /dashboard/teacher?year=year&branch=branch [32m200[0m 13.575 ms - 12764[0m
[0mGET /dashboard/images/logo.png [33m404[0m 14.039 ms - 164[0m
[0mGET /dashboard/images/discussion_logo.png [33m404[0m 21.109 ms - 175[0m
[0mGET /dashboard/teacher?year=year&branch=branch [32m200[0m 17.783 ms - 12783[0m
[0mGET /dashboard/images/logo.png [33m404[0m 6.931 ms - 164[0m
[0mGET /dashboard/images/discussion_logo.png [33m404[0m 12.032 ms - 175[0m
[0mGET /dashboard/teacher?year=year&branch=branch [36m304[0m 10.941 ms - -[0m
[0mGET /dashboard/images/logo.png [33m404[0m 14.956 ms - 164[0m
[0mGET /dashboard/images/discussion_logo.png [33m404[0m 20.027 ms - 175[0m
[0mGET /dashboard/teacher?year=year&branch=branch [32m200[0m 14.916 ms - 12791[0m
[0mGET /dashboard/images/logo.png [33m404[0m 20.567 ms - 164[0m
[0mGET /dashboard/images/discussion_logo.png [33m404[0m 19.429 ms - 175[0m
[0mGET /dashboard/teacher?year=year&branch=branch [36m304[0m 12.756 ms - -[0m
[0mGET /dashboard/images/logo.png [33m404[0m 16.495 ms - 164[0m
[0mGET /dashboard/images/discussion_logo.png [33m404[0m 17.420 ms - 175[0m
[0mGET /dashboard/teacher?year=year&branch=branch [36m304[0m 9.624 ms - -[0m
[0mGET /dashboard/images/logo.png [33m404[0m 7.974 ms - 164[0m
[0mGET /dashboard/images/discussion_logo.png [33m404[0m 16.864 ms - 175[0m
[0mGET /dashboard/teacher?year=year&branch=branch [36m304[0m 5.316 ms - -[0m
[0mGET /dashboard/images/logo.png [33m404[0m 7.094 ms - 164[0m
[0mGET /dashboard/images/discussion_logo.png [33m404[0m 9.044 ms - 175[0m
[0mGET /dashboard/teacher?year=year&branch=branch [36m304[0m 17.537 ms - -[0m
[0mGET /dashboard/images/logo.png [33m404[0m 16.914 ms - 164[0m
[0mGET /dashboard/images/discussion_logo.png [33m404[0m 29.332 ms - 175[0m
[0mGET /dashboard/teacher?year=year&branch=branch [36m304[0m 10.056 ms - -[0m
[0mGET /dashboard/images/logo.png [33m404[0m 10.880 ms - 164[0m
[0mGET /dashboard/images/discussion_logo.png [33m404[0m 16.230 ms - 175[0m
[0mGET /dashboard/teacher?year=year&branch=branch [36m304[0m 10.574 ms - -[0m
[0mGET /dashboard/images/logo.png [33m404[0m 16.825 ms - 164[0m
[0mGET /dashboard/images/discussion_logo.png [33m404[0m 19.298 ms - 175[0m
[0mGET /dashboard/teacher?year=year&branch=branch [36m304[0m 17.238 ms - -[0m
[0mGET /dashboard/images/logo.png [33m404[0m 24.791 ms - 164[0m
[0mGET /dashboard/images/discussion_logo.png [33m404[0m 19.564 ms - 175[0m
[0mGET /dashboard/teacher?year=year&branch=branch [36m304[0m 7.580 ms - -[0m
[0mGET /dashboard/images/logo.png [33m404[0m 11.320 ms - 164[0m
[0mGET /dashboard/images/discussion_logo.png [33m404[0m 24.875 ms - 175[0m
[0mGET /dashboard/teacher?year=year&branch=branch [36m304[0m 9.296 ms - -[0m
[0mGET /dashboard/images/logo.png [33m404[0m 11.748 ms - 164[0m
[0mGET /dashboard/images/discussion_logo.png [33m404[0m 19.638 ms - 175[0m
[0mGET /dashboard/teacher?year=year&branch=branch [36m304[0m 11.868 ms - -[0m
[0mGET /dashboard/images/logo.png [33m404[0m 7.013 ms - 164[0m
[0mGET /dashboard/images/discussion_logo.png [33m404[0m 16.421 ms - 175[0m
[0mGET /dashboard/teacher?year=year&branch=branch [36m304[0m 8.244 ms - -[0m
[0mGET /dashboard/images/logo.png [33m404[0m 14.163 ms - 164[0m
[0mGET /dashboard/images/discussion_logo.png [33m404[0m 14.819 ms - 175[0m
[0mGET /dashboard/teacher?year=year&branch=branch [32m200[0m 6.643 ms - 12821[0m
[0mGET /dashboard/images/logo.png [33m404[0m 16.547 ms - 164[0m
[0mGET /dashboard/images/discussion_logo.png [33m404[0m 33.513 ms - 175[0m
[0mGET /dashboard/teacher?year=year&branch=branch [36m304[0m 5.192 ms - -[0m
[0mGET /dashboard/images/logo.png [33m404[0m 6.318 ms - 164[0m
[0mGET /dashboard/images/discussion_logo.png [33m404[0m 12.122 ms - 175[0m
[0mGET /dashboard/teacher?year=year&branch=branch [36m304[0m 5.380 ms - -[0m
[0mGET /dashboard/images/logo.png [33m404[0m 13.349 ms - 164[0m
[0mGET /dashboard/images/discussion_logo.png [33m404[0m 11.220 ms - 175[0m
[0mGET /dashboard/teacher?year=year&branch=branch [36m304[0m 4.520 ms - -[0m
[0mGET /dashboard/images/logo.png [33m404[0m 5.211 ms - 164[0m
[0mGET /dashboard/images/discussion_logo.png [33m404[0m 11.056 ms - 175[0m
[0mGET /dashboard/teacher?year=year&branch=branch [32m200[0m 30.350 ms - 12812[0m
[0mGET /dashboard/images/logo.png [33m404[0m 32.490 ms - 164[0m
[0mGET /dashboard/images/discussion_logo.png [33m404[0m 39.259 ms - 175[0m
[0mGET /dashboard/teacher?year=year&branch=branch [36m304[0m 7.948 ms - -[0m
[0mGET /dashboard/images/logo.png [33m404[0m 9.314 ms - 164[0m
[0mGET /dashboard/images/discussion_logo.png [33m404[0m 15.072 ms - 175[0m
[0mGET /dashboard/teacher?year=year&branch=branch [32m200[0m 9.727 ms - 12210[0m
[0mGET /dashboard/images/logo.png [33m404[0m 6.981 ms - 164[0m
[0mGET /dashboard/images/discussion_logo.png [33m404[0m 19.348 ms - 175[0m
[0mGET /dashboard/teacher?year=year&branch=branch [36m304[0m 5.629 ms - -[0m
[0mGET /dashboard/images/logo.png [33m404[0m 10.860 ms - 164[0m
[0mGET /dashboard/images/discussion_logo.png [33m404[0m 13.703 ms - 175[0m
[0mGET /dashboard/teacher?year=year&branch=branch [32m200[0m 17.139 ms - 12721[0m
[0mGET /dashboard/images/logo.png [33m404[0m 24.773 ms - 164[0m
[0mGET /dashboard/images/discussion_logo.png [33m404[0m 56.004 ms - 175[0m
[0mGET /dashboard/teacher?year=year&branch=branch [36m304[0m 15.828 ms - -[0m
[0mGET /dashboard/images/logo.png [33m404[0m 16.828 ms - 164[0m
[0mGET /dashboard/images/discussion_logo.png [33m404[0m 14.045 ms - 175[0m
[0mGET /dashboard/teacher?year=year&branch=branch [36m304[0m 9.136 ms - -[0m
[0mGET /dashboard/images/logo.png [33m404[0m 16.122 ms - 164[0m
[0mGET /dashboard/images/discussion_logo.png [33m404[0m 14.132 ms - 175[0m
[0mGET /dashboard/teacher?year=year&branch=branch [32m200[0m 17.819 ms - 12681[0m
[0mGET /dashboard/images/logo.png [33m404[0m 14.528 ms - 164[0m
[0mGET /dashboard/images/discussion_logo.png [33m404[0m 15.149 ms - 175[0m
[0mGET /dashboard/teacher?year=year&branch=branch [36m304[0m 5.322 ms - -[0m
[0mGET /dashboard/images/logo.png [33m404[0m 5.908 ms - 164[0m
[0mGET /dashboard/images/discussion_logo.png [33m404[0m 5.469 ms - 175[0m
[0mGET /dashboard/teacher?year=year&branch=branch [32m200[0m 17.238 ms - 16763[0m
[0mGET /dashboard/images/logo.png [33m404[0m 31.744 ms - 164[0m
[0mGET /dashboard/images/discussion_logo.png [33m404[0m 16.377 ms - 175[0m
[0mGET /dashboard/teacher?year=year&branch=branch [36m304[0m 7.046 ms - -[0m
[0mGET /dashboard/images/logo.png [33m404[0m 14.995 ms - 164[0m
[0mGET /dashboard/images/discussion_logo.png [33m404[0m 5.261 ms - 175[0m
[0mGET /dashboard/teacher?year=year&branch=branch [36m304[0m 49.101 ms - -[0m
[0mGET /dashboard/images/logo.png [33m404[0m 11.153 ms - 164[0m
[0mGET /dashboard/images/discussion_logo.png [33m404[0m 14.897 ms - 175[0m
[0mGET /dashboard/teacher?year=year&branch=branch [36m304[0m 14.646 ms - -[0m
[0mGET /dashboard/images/logo.png [33m404[0m 12.843 ms - 164[0m
[0mGET /dashboard/images/discussion_logo.png [33m404[0m 5.214 ms - 175[0m
[0mGET /dashboard/teacher?year=year&branch=branch [36m304[0m 11.987 ms - -[0m
[0mGET /dashboard/images/logo.png [33m404[0m 13.709 ms - 164[0m
[0mGET /dashboard/images/discussion_logo.png [33m404[0m 9.849 ms - 175[0m
[0mGET /dashboard/teacher?year=year&branch=branch [36m304[0m 4.947 ms - -[0m
[0mGET /dashboard/images/logo.png [33m404[0m 16.234 ms - 164[0m
[0mGET /dashboard/images/discussion_logo.png [33m404[0m 4.865 ms - 175[0m
[0mGET /dashboard/teacher?year=year&branch=branch [36m304[0m 16.908 ms - -[0m
[0mGET /dashboard/images/logo.png [33m404[0m 27.664 ms - 164[0m
[0mGET /dashboard/images/discussion_logo.png [33m404[0m 30.418 ms - 175[0m
[0mGET /dashboard/teacher?year=year&branch=branch [36m304[0m 10.324 ms - -[0m
[0mGET /dashboard/images/logo.png [33m404[0m 18.738 ms - 164[0m
[0mGET /dashboard/images/discussion_logo.png [33m404[0m 7.952 ms - 175[0m
[0mGET /dashboard/teacher?year=year&branch=branch [32m200[0m 23.831 ms - 16740[0m
[0mGET /dashboard/images/logo.png [33m404[0m 18.685 ms - 164[0m
[0mGET /dashboard/images/discussion_logo.png [33m404[0m 32.917 ms - 175[0m
[0mGET /dashboard/teacher?year=year&branch=branch [36m304[0m 6.290 ms - -[0m
[0mGET /dashboard/images/logo.png [33m404[0m 9.464 ms - 164[0m
[0mGET /dashboard/images/discussion_logo.png [33m404[0m 11.931 ms - 175[0m
[0mGET /dashboard/teacher?year=year&branch=branch [32m200[0m 9.664 ms - 10977[0m
[0mGET /dashboard/images/logo.png [33m404[0m 8.423 ms - 164[0m
[0mGET /dashboard/images/discussion_logo.png [33m404[0m 9.745 ms - 175[0m
[0mGET /dashboard/teacher?year=year&branch=branch [36m304[0m 13.587 ms - -[0m
[0mGET /dashboard/images/logo.png [33m404[0m 8.175 ms - 164[0m
[0mGET /dashboard/images/discussion_logo.png [33m404[0m 11.080 ms - 175[0m
[0mGET /dashboard/teacher?year=year&branch=branch [36m304[0m 11.117 ms - -[0m
[0mGET /dashboard/images/logo.png [33m404[0m 16.917 ms - 164[0m
[0mGET /dashboard/images/discussion_logo.png [33m404[0m 12.045 ms - 175[0m
[0mGET /dashboard/teacher?year=year&branch=branch [32m200[0m 18.618 ms - 16792[0m
[0mGET /dashboard/images/logo.png [33m404[0m 47.035 ms - 164[0m
[0mGET /dashboard/images/discussion_logo.png [33m404[0m 44.228 ms - 175[0m
[0mGET /dashboard/teacher?year=year&branch=branch [36m304[0m 13.834 ms - -[0m
[0mGET /dashboard/images/logo.png [33m404[0m 7.177 ms - 164[0m
[0mGET /dashboard/images/discussion_logo.png [33m404[0m 4.377 ms - 175[0m
[0mGET /dashboard/teacher?year=year&branch=branch [32m200[0m 8.680 ms - 16226[0m
[0mGET /dashboard/images/logo.png [33m404[0m 19.578 ms - 164[0m
[0mGET /dashboard/images/discussion_logo.png [33m404[0m 60.305 ms - 175[0m
[0mGET /dashboard/teacher?year=year&branch=branch [32m200[0m 20.295 ms - 16644[0m
[0mGET /dashboard/images/logo.png [33m404[0m 17.275 ms - 164[0m
[0mGET /dashboard/images/discussion_logo.png [33m404[0m 8.296 ms - 175[0m
[0mGET /dashboard/teacher?year=year&branch=branch [32m200[0m 11.260 ms - 16642[0m
[0mGET /dashboard/images/logo.png [33m404[0m 15.343 ms - 164[0m
[0mGET /dashboard/images/discussion_logo.png [33m404[0m 14.325 ms - 175[0m
[0mGET /dashboard/teacher?year=year&branch=branch [36m304[0m 9.678 ms - -[0m
[0mGET /dashboard/images/logo.png [33m404[0m 13.577 ms - 164[0m
[0mGET /dashboard/images/discussion_logo.png [33m404[0m 4.327 ms - 175[0m
[0mGET /dashboard/teacher?year=year&branch=branch [36m304[0m 8.445 ms - -[0m
[0mGET /dashboard/images/logo.png [33m404[0m 19.495 ms - 164[0m
[0mGET /dashboard/images/discussion_logo.png [33m404[0m 15.681 ms - 175[0m
[0mGET /dashboard/teacher?year=year&branch=branch [36m304[0m 7.262 ms - -[0m
[0mGET /dashboard/images/logo.png [33m404[0m 14.750 ms - 164[0m
[0mGET /dashboard/images/discussion_logo.png [33m404[0m 6.937 ms - 175[0m
[0mGET / [32m200[0m 85.466 ms - 19081[0m
[0mGET / [36m304[0m 20.676 ms - -[0m
[0mGET /dashboard/teacher [32m200[0m 6.898 ms - 16642[0m
[0mGET /dashboard/images/logo.png [33m404[0m 7.025 ms - 164[0m
[0mGET /dashboard/images/discussion_logo.png [33m404[0m 14.168 ms - 175[0m
[0mGET /users/SignOut [36m302[0m 33.867 ms - 46[0m
[0mGET / [32m200[0m 20.391 ms - 19276[0m
[0mGET /users/signUp [32m200[0m 6.857 ms - 9077[0m
[0mGET /users/signIn [32m200[0m 7.090 ms - 9076[0m
[0mGET /users/signIn [36m304[0m 4.659 ms - -[0m
[0mPOST /users/create_session [36m302[0m 4.285 ms - 70[0m
[0mGET /users/signIn [32m200[0m 4.446 ms - 9292[0m
[0mGET /users/signIn [32m200[0m 5.925 ms - 9076[0m
[0mGET /users/signIn [32m200[0m 13.927 ms - 8868[0m
[0mGET /users/signIn [36m304[0m 3.860 ms - -[0m
[0mGET /users/signIn [36m304[0m 3.158 ms - -[0m
[0mGET /users/signIn [36m304[0m 5.788 ms - -[0m
[0mGET /users/signIn [36m304[0m 7.686 ms - -[0m
[0mGET /users/signIn [36m304[0m 3.135 ms - -[0m
[0mGET /users/signIn [36m304[0m 3.114 ms - -[0m
[0mGET /users/signIn [36m304[0m 14.708 ms - -[0m
[0mGET /users/signIn [36m304[0m 6.683 ms - -[0m
[0mGET /users/signIn [36m304[0m 16.337 ms - -[0m
[0mGET /users/signIn [32m200[0m 4.442 ms - 9076[0m
[0mGET /users/signIn [36m304[0m 5.030 ms - -[0m
[0mGET /users/signUp [36m304[0m 13.026 ms - -[0m
[0mGET /organizations/register [32m200[0m 5.165 ms - 5073[0m
[0mGET /organizations/register [36m304[0m 5.232 ms - -[0m
[0mGET /organizations/register [36m304[0m 8.755 ms - -[0m
[0mGET /organizations/register [36m304[0m 2.843 ms - -[0m
[0mGET /organizations/register [36m304[0m 3.950 ms - -[0m
[0mGET /organizations/register [36m304[0m 6.169 ms - -[0m
[0mGET /organizations/register [32m200[0m 11.564 ms - 5223[0m
[0mGET /organizations/register [32m200[0m 4.696 ms - 5223[0m
[0mGET /organizations/register [36m304[0m 3.349 ms - -[0m
[0mGET /organizations/register [36m304[0m 6.362 ms - -[0m
[0mGET /users/signIn [36m304[0m 8.109 ms - -[0m
[0mPOST /users/create_session [36m302[0m 3.941 ms - 70[0m
[0mGET /users/signIn [32m200[0m 7.592 ms - 9292[0m
[0mPOST /users/create_session [36m302[0m 6.440 ms - 46[0m
[0mGET / [32m200[0m 18.329 ms - 19081[0m
[0mGET /dashboard/teacher [36m304[0m 10.284 ms - -[0m
[0mGET /dashboard/images/logo.png [33m404[0m 16.113 ms - 164[0m
[0mGET /dashboard/images/discussion_logo.png [33m404[0m 3.737 ms - 175[0m
[0mGET /dashboard/teacher [36m304[0m 4.793 ms - -[0m
[0mGET /dashboard/images/logo.png [33m404[0m 26.162 ms - 164[0m
[0mGET /dashboard/images/discussion_logo.png [33m404[0m 17.181 ms - 175[0m
[0mGET /dashboard/teacher [36m304[0m 5.531 ms - -[0m
[0mGET /dashboard/images/logo.png [33m404[0m 9.774 ms - 164[0m
[0mGET /dashboard/images/discussion_logo.png [33m404[0m 8.428 ms - 175[0m
[0mGET /dashboard/teacher [36m304[0m 8.666 ms - -[0m
[0mGET /dashboard/images/logo.png [33m404[0m 25.590 ms - 164[0m
[0mGET /dashboard/images/discussion_logo.png [33m404[0m 8.329 ms - 175[0m
[0mGET /dashboard/teacher [36m304[0m 6.559 ms - -[0m
[0mGET /dashboard/images/logo.png [33m404[0m 12.555 ms - 164[0m
[0mGET /dashboard/images/discussion_logo.png [33m404[0m 5.405 ms - 175[0m
[0mGET /dashboard/teacher?year=year&branch=branch [36m304[0m 15.995 ms - -[0m
[0mGET /dashboard/teacher [36m304[0m 26.156 ms - -[0m
[0mGET /dashboard/images/logo.png [33m404[0m 26.351 ms - 164[0m
[0mGET /dashboard/images/discussion_logo.png [33m404[0m 24.825 ms - 175[0m
[0mGET /dashboard/images/logo.png [33m404[0m 9.281 ms - 164[0m
[0mGET /dashboard/images/discussion_logo.png [33m404[0m 11.750 ms - 175[0m
[0mGET /dashboard/teacher [36m304[0m 27.703 ms - -[0m
[0mGET /dashboard/images/logo.png [33m404[0m 58.431 ms - 164[0m
[0mGET /dashboard/images/discussion_logo.png [33m404[0m 71.229 ms - 175[0m
[0mGET /dashboard/teacher [36m304[0m 9.101 ms - -[0m
[0mGET /dashboard/images/logo.png [33m404[0m 13.281 ms - 164[0m
[0mGET /dashboard/images/discussion_logo.png [33m404[0m 18.084 ms - 175[0m
[0mGET /dashboard/teacher [36m304[0m 5.233 ms - -[0m
[0mGET /dashboard/images/logo.png [33m404[0m 5.764 ms - 164[0m
[0mGET /dashboard/images/discussion_logo.png [33m404[0m 15.082 ms - 175[0m
[0mGET /dashboard/teacher [36m304[0m 13.479 ms - -[0m
[0mGET /dashboard/images/logo.png [33m404[0m 17.934 ms - 164[0m
[0mGET /dashboard/images/discussion_logo.png [33m404[0m 16.308 ms - 175[0m
[0mGET /dashboard/teacher [32m200[0m 9.399 ms - 12076[0m
[0mGET /dashboard/images/logo.png [33m404[0m 13.992 ms - 164[0m
[0mGET /dashboard/images/discussion_logo.png [33m404[0m 16.250 ms - 175[0m
[0mGET /dashboard/teacher [36m304[0m 9.760 ms - -[0m
[0mGET /dashboard/images/logo.png [33m404[0m 6.447 ms - 164[0m
[0mGET /dashboard/images/discussion_logo.png [33m404[0m 17.131 ms - 175[0m
[0mGET /dashboard/teacher [32m200[0m 13.309 ms - 12560[0m
[0mGET /dashboard/images/logo.png [33m404[0m 8.581 ms - 164[0m
[0mGET /dashboard/images/discussion_logo.png [33m404[0m 15.057 ms - 175[0m
[0mGET /dashboard/teacher [36m304[0m 10.547 ms - -[0m
[0mGET /dashboard/images/logo.png [33m404[0m 10.894 ms - 164[0m
[0mGET /dashboard/images/discussion_logo.png [33m404[0m 19.690 ms - 175[0m
[0mGET /dashboard/teacher [32m200[0m 11.018 ms - 12561[0m
[0mGET /dashboard/images/discussion_logo.png [33m404[0m 15.707 ms - 175[0m
[0mGET /dashboard/teacher [32m200[0m 25.818 ms - 12618[0m
[0mGET /dashboard/teacher [36m304[0m 6.592 ms - -[0m
[0mGET /dashboard/teacher [36m304[0m 4.405 ms - -[0m
[0mGET /dashboard/teacher [36m304[0m 5.010 ms - -[0m
[0mGET /dashboard/teacher [36m304[0m 11.933 ms - -[0m
[0mGET /dashboard/teacher?year=year&branch=branch [32m200[0m 4.642 ms - 12618[0m
[0mGET /dashboard/teacher?year=year&branch=branch [36m304[0m 10.477 ms - -[0m
[0mGET /dashboard/teacher?year=year&branch=branch [36m304[0m 7.466 ms - -[0m
[0mGET /dashboard/teacher?year=year&branch=branch [36m304[0m 11.187 ms - -[0m
[0mGET /dashboard/teacher?year=year&branch=branch [32m200[0m 10.659 ms - 12618[0m
[0mGET /dashboard/teacher?year=year&branch=branch [36m304[0m 9.450 ms - -[0m
[0mGET /dashboard/teacher?year=year&branch=branch [32m200[0m 15.360 ms - 12617[0m
[0mGET /dashboard/teacher?year=year&branch=branch [36m304[0m 6.818 ms - -[0m
[0mGET /dashboard/teacher?year=year&branch=branch [32m200[0m 8.422 ms - 12618[0m
[0mGET /dashboard/teacher?year=year&branch=branch [32m200[0m 8.037 ms - 12617[0m
[0mGET /dashboard/teacher?year=year&branch=branch [32m200[0m 11.734 ms - 12618[0m
[0mGET /dashboard/teacher?year=year&branch=branch [36m304[0m 4.617 ms - -[0m
[0mGET /dashboard/teacher?year=year&branch=branch [36m304[0m 14.695 ms - -[0m
[0mGET /dashboard/teacher?year=year&branch=branch [31m500[0m 4.266 ms - 1932[0m
[0mGET /dashboard/teacher?year=year&branch=branch [32m200[0m 8.161 ms - 12535[0m
[0mGET /dashboard/teacher?year=year&branch=branch [36m304[0m 43.991 ms - -[0m
[0mGET /dashboard/teacher?year=year&branch=branch [32m200[0m 10.089 ms - 12618[0m
[0mGET /dashboard/teacher?year=year&branch=branch [32m200[0m 7.754 ms - 7430[0m
[0mGET /dashboard/images/logo.png [33m404[0m 11.126 ms - 164[0m
[0mGET /dashboard/images/discussion_logo.png [33m404[0m 5.845 ms - 175[0m
[0mGET /dashboard/teacher?year=year&branch=branch [32m200[0m 4.573 ms - 7487[0m
[0mGET /dashboard/images/logo.png [33m404[0m 4.954 ms - 164[0m
[0mGET /dashboard/teacher?year=year&branch=branch [32m200[0m 8.152 ms - 12618[0m
[0mGET /dashboard/teacher?year=year&branch=branch [36m304[0m 13.520 ms - -[0m
[0mGET /dashboard/teacher?year=year&branch=branch [36m304[0m 9.154 ms - -[0m
[0mGET /dashboard/teacher?year=year&branch=branch [36m304[0m 7.309 ms - -[0m
[0mGET /dashboard/teacher?year=year&branch=branch [36m304[0m 5.284 ms - -[0m
[0mGET /dashboard/teacher?year=year&branch=branch [32m200[0m 18.103 ms - 12618[0m
[0mGET /dashboard/teacher?year=year&branch=branch [36m304[0m 12.975 ms - -[0m
[0mGET /dashboard/teacher?year=year&branch=branch [36m304[0m 4.473 ms - -[0m
[0mGET /dashboard/teacher?year=year&branch=branch [32m200[0m 11.190 ms - 12617[0m
[0mGET /dashboard/teacher?year=year&branch=branch [32m200[0m 10.122 ms - 12616[0m
[0mGET /dashboard/teacher?year=year&branch=branch [32m200[0m 8.104 ms - 12612[0m
[0mGET /dashboard/teacher?year=year&branch=branch [36m304[0m 8.120 ms - -[0m
[0mGET /dashboard/teacher?year=year&branch=branch [36m304[0m 4.642 ms - -[0m
[0mGET /dashboard/teacher?year=year&branch=branch [32m200[0m 6.109 ms - 12618[0m
[0mGET /dashboard/teacher?year=year&branch=branch [32m200[0m 29.323 ms - 12617[0m
[0mGET /dashboard/teacher?year=III&branch=CSE [32m200[0m 6.234 ms - 12617[0m
[0mGET /dashboard/teacher?year=III&branch=CSE [32m200[0m 6.799 ms - 12622[0m
[0mGET /dashboard/teacher?year=III&branch=CSE [36m304[0m 5.262 ms - -[0m
[0mGET /dashboard/teacher?year=III&branch=CSE [36m304[0m 5.920 ms - -[0m
[0mGET /dashboard/teacher?year=III&branch=CSE [32m200[0m 4.949 ms - 12624[0m
[0mGET /dashboard/teacher?year=III&branch=CSE [36m304[0m 8.511 ms - -[0m
[0mGET /dashboard/teacher?year=III&branch=CSE [32m200[0m 11.337 ms - 12622[0m
[0mGET /dashboard/teacher?year=III&branch=CSE [36m304[0m 8.698 ms - -[0m
[0mGET /dashboard/teacher?year=III&branch=CSE [32m200[0m 13.118 ms - 12642[0m
[0mGET /dashboard/teacher?year=III&branch=CSE [36m304[0m 4.592 ms - -[0m
[0mGET /dashboard/teacher?year=III&branch=CSE [32m200[0m 16.815 ms - 12643[0m
[0mGET /dashboard/teacher?year=III&branch=CSE [36m304[0m 13.342 ms - -[0m
[0mGET /dashboard/teacher?year=III&branch=CSE [32m200[0m 11.553 ms - 12643[0m
[0mGET /dashboard/teacher?year=III&branch=CSE [36m304[0m 13.191 ms - -[0m
[0mGET /dashboard/teacher?year=III&branch=CSE [36m304[0m 18.174 ms - -[0m
[0mGET /dashboard/teacher?year=III&branch=CSE [36m304[0m 7.506 ms - -[0m
[0mGET / [36m304[0m 21.493 ms - -[0m
[0mGET / [36m304[0m 11.753 ms - -[0m
[0mGET /users/SignOut [36m302[0m 34.004 ms - 46[0m
[0mGET / [32m200[0m 48.566 ms - 19276[0m
[0mGET /users/signUp [36m304[0m 15.073 ms - -[0m
[0mGET /users/auth/google [36m302[0m 4.545 ms - 0[0m
[0mGET /dashboard/teacher?year=year&branch=branch [0m-[0m - ms - -[0m
[0mGET / [32m200[0m 16.625 ms - 19065[0m
[0mGET /users/signIn [32m200[0m 4.549 ms - 9076[0m
[0mGET /users/signUp [36m304[0m 9.983 ms - -[0m
[0mGET /users/auth/google [36m302[0m 2.781 ms - 0[0m
[0mGET / [36m304[0m 41.022 ms - -[0m
[0mGET /users/auth/google/callback?code=4/4QHChag1p5eRY9BLMfx0MwCxasyoLtY9BycsBL5V5oBAV6-JycFtQcZf_tYEcUZHl7niRy2x9IbLpHw4pDFK-2M&scope=email%20profile%20https://www.googleapis.com/auth/user.organization.read%20https://apps-apis.google.com/a/feeds/domain/%20https://www.googleapis.com/auth/calendar%20https://www.googleapis.com/auth/userinfo.profile%20https://www.googleapis.com/auth/userinfo.email%20openid&authuser=1&hd=iiitkota.ac.in&prompt=consent [32m200[0m 1750.771 ms - 9082[0m
[0mGET /users/signIn [32m200[0m 13.601 ms - 13325[0m
[0mGET /users/signIn [32m200[0m 9.397 ms - 14119[0m
[0mGET /users/signIn [36m304[0m 148.590 ms - -[0m
[0mGET /users/signIn [32m200[0m 17.788 ms - 9076[0m
[0mGET /users/signUp [36m304[0m 4.730 ms - -[0m
[0mGET /users/auth/google [36m302[0m 8.707 ms - 0[0m
[0mGET /users/auth/google/callback?code=4/4QEkwGdsvKsIWW_ww9DVLykiEUUqkjwAjJMX5n7Bgrc-7HXSFR_L1FIk7HMQwStrA-bcYv9CX2Ou6bQ6pXy-B-Q&scope=email%20profile%20https://www.googleapis.com/auth/user.organization.read%20https://apps-apis.google.com/a/feeds/domain/%20https://www.googleapis.com/auth/calendar%20https://www.googleapis.com/auth/userinfo.profile%20https://www.googleapis.com/auth/userinfo.email%20openid&authuser=1&hd=iiitkota.ac.in&prompt=consent [32m200[0m 1701.943 ms - 9082[0m
[0mGET / [36m304[0m 92.398 ms - -[0m
[0mGET /users/signIn [32m200[0m 21.080 ms - 14152[0m
[0mGET /users/signIn [32m200[0m 11.906 ms - 14441[0m
[0mGET /users/signIn [32m200[0m 16.861 ms - 14467[0m
[0mGET /users/signIn [32m200[0m 11.951 ms - 13640[0m
[0mPOST /users/create_user [36m302[0m 29.033 ms - 46[0m
[0mGET / [32m200[0m 26.969 ms - 19283[0m
[0mGET / [32m200[0m 29.512 ms - 19065[0m
[0mGET / [36m304[0m 39.228 ms - -[0m
[0mGET /users/signIn [36m304[0m 12.620 ms - -[0m
[0mGET / [36m304[0m 11.163 ms - -[0m
[0mGET / [36m304[0m 32.771 ms - -[0m
[0mGET /users/signIn [36m304[0m 16.700 ms - -[0m
[0mGET / [32m200[0m 33.459 ms - 19877[0m
[0mGET /users/signIn [36m304[0m 13.178 ms - -[0m
[0mPOST /users/create_user [36m302[0m 6.344 ms - 46[0m
[0mGET / [32m200[0m 18.117 ms - 20095[0m
[0mGET /users/signIn [36m304[0m 11.793 ms - -[0m
[0mGET / [32m200[0m 11.021 ms - 19073[0m
[0mGET /users/signIn [32m200[0m 7.452 ms - 9076[0m
[0mGET /users/signUp [36m304[0m 8.520 ms - -[0m
[0mGET /users/auth/google [36m302[0m 8.129 ms - 0[0m
[0mGET /users/auth/google/callback?code=4/4QEL42UBnsEkmu21uxPHX7bUns-Qm5RaHRJ1E66Vr-0Jk-kddgH782i9AiQcghJSlHDHsp_Wxi5GfHUbyel9nM0&scope=email%20profile%20https://www.googleapis.com/auth/user.organization.read%20https://apps-apis.google.com/a/feeds/domain/%20https://www.googleapis.com/auth/calendar%20https://www.googleapis.com/auth/userinfo.profile%20https://www.googleapis.com/auth/userinfo.email%20openid&authuser=1&hd=iiitkota.ac.in&prompt=consent [32m200[0m 1104.151 ms - 9082[0m
[0mGET / [32m200[0m 23.160 ms - 19877[0m
[0mGET /users/signIn [32m200[0m 11.051 ms - 13640[0m
[0mPOST /users/create_user [36m302[0m 8.780 ms - 46[0m
[0mGET / [32m200[0m 12.687 ms - 20095[0m
[0mGET /users/signIn [36m304[0m 54.440 ms - -[0m
[0mPOST /users/create_user [36m302[0m 20.759 ms - 46[0m
[0mGET / [32m200[0m 23.812 ms - 20174[0m
[0mGET / [32m200[0m 25.763 ms - 19952[0m
[0mGET /dashboard/student [32m200[0m 13.280 ms - 7416[0m
[0mGET /users/SignOut [36m302[0m 10.579 ms - 46[0m
[0mGET / [32m200[0m 16.398 ms - 19284[0m
[0mGET /users/signUp [36m304[0m 5.494 ms - -[0m
[0mGET /users/auth/google [36m302[0m 5.870 ms - 0[0m
[0mGET /users/auth/google/callback?code=4/4QFwPK2fF7mHPW6RsVnppXJXDCEUt_nqo2mRIl9K1VA8JYkYefVqRmLnY04GTx5D6HJrrQYsln-loXX3rxJz5_4&scope=email%20profile%20https://www.googleapis.com/auth/userinfo.profile%20https://www.googleapis.com/auth/userinfo.email%20https://www.googleapis.com/auth/calendar%20https://apps-apis.google.com/a/feeds/domain/%20https://www.googleapis.com/auth/user.organization.read%20openid&authuser=0&prompt=consent [32m200[0m 1328.884 ms - 9082[0m
[0mGET / [32m200[0m 43.748 ms - 19813[0m
[0mGET /users/signIn [32m200[0m 15.971 ms - 13627[0m
[0mGET /users/signIn [32m200[0m 18.794 ms - 13679[0m
[0mGET /users/signIn [32m200[0m 15.219 ms - 13679[0m
[0mGET /users/signIn [36m304[0m 12.075 ms - -[0m
[0mGET /users/signIn [32m200[0m 9.495 ms - 13695[0m
[0mGET /users/signIn [32m200[0m 4.356 ms - 9092[0m
[0mGET /users/signIn [36m304[0m 3.533 ms - -[0m
[0mGET /users/signUp [32m200[0m 5.239 ms - 9093[0m
[0mGET /users/auth/google [36m302[0m 7.775 ms - 0[0m
[0mGET /users/auth/google/callback?code=4/4QGUqjoVnPOum_k4Qk8x-2emeHqfKj-S_mRJ_FzDRRWLSF3TWisS73VKtH9aWzdsg4VIDDe-PjDs7RsgpG0ERQk&scope=email%20profile%20https://www.googleapis.com/auth/user.organization.read%20https://apps-apis.google.com/a/feeds/domain/%20https://www.googleapis.com/auth/calendar%20https://www.googleapis.com/auth/userinfo.profile%20https://www.googleapis.com/auth/userinfo.email%20openid&authuser=1&hd=iiitkota.ac.in&prompt=consent [32m200[0m 1398.975 ms - 9098[0m
[0mGET /users/auth/google/callback?code=4/4QGUqjoVnPOum_k4Qk8x-2emeHqfKj-S_mRJ_FzDRRWLSF3TWisS73VKtH9aWzdsg4VIDDe-PjDs7RsgpG0ERQk&scope=email%20profile%20https://www.googleapis.com/auth/user.organization.read%20https://apps-apis.google.com/a/feeds/domain/%20https://www.googleapis.com/auth/calendar%20https://www.googleapis.com/auth/userinfo.profile%20https://www.googleapis.com/auth/userinfo.email%20openid&authuser=1&hd=iiitkota.ac.in&prompt=consent [31m500[0m 911.705 ms - 1089[0m
[0mGET / [32m200[0m 16.697 ms - 19073[0m
[0mGET /users/signIn [32m200[0m 3.493 ms - 9131[0m
[0mGET /users/signIn [36m304[0m 3.332 ms - -[0m
[0mGET /users/signIn [32m200[0m 10.968 ms - 8356[0m
[0mGET /users/auth/google [36m302[0m 8.053 ms - 0[0m
[0mGET /users/auth/google/callback?code=4/4QGpytb0NPCW7yXKAFp-2kOOSH6NCD-oImIS0Xm4CrgHJRe9CnPcDrLGKUg2QXMQ8WJ1nM48Ae-M6aSafgC3Fvg&scope=email%20profile%20https://www.googleapis.com/auth/user.organization.read%20https://apps-apis.google.com/a/feeds/domain/%20https://www.googleapis.com/auth/calendar%20https://www.googleapis.com/auth/userinfo.profile%20https://www.googleapis.com/auth/userinfo.email%20openid&authuser=1&hd=iiitkota.ac.in&prompt=consent [32m200[0m 1131.214 ms - 8362[0m
[0mGET / [32m200[0m 53.737 ms - 19877[0m
[0mGET /users/signIn [32m200[0m 10.749 ms - 12972[0m
[0mGET /users/signIn [32m200[0m 7.266 ms - 6898[0m
[0mGET /users/signIn [36m304[0m 8.707 ms - -[0m
[0mGET /users/signIn [36m304[0m 7.871 ms - -[0m
[0mGET /users/signIn [32m200[0m 8.714 ms - 8310[0m
[0mGET /users/signIn [32m200[0m 7.827 ms - 6848[0m
[0mGET /users/signIn [36m304[0m 5.497 ms - -[0m
[0mGET /users/signIn [32m200[0m 10.686 ms - 6251[0m
[0mGET /users/signIn [36m304[0m 7.775 ms - -[0m
[0mGET /users/signIn [32m200[0m 148.332 ms - 9476[0m
[0mGET / [36m304[0m 27.529 ms - -[0m
[0mGET /users/signIn [36m304[0m 18.717 ms - -[0m
[0mGET /users/signUp [32m200[0m 14.864 ms - 9476[0m
[0mGET /users/auth/google/callback?code=4/4QGpytb0NPCW7yXKAFp-2kOOSH6NCD-oImIS0Xm4CrgHJRe9CnPcDrLGKUg2QXMQ8WJ1nM48Ae-M6aSafgC3Fvg&scope=email%20profile%20https://www.googleapis.com/auth/user.organization.read%20https://apps-apis.google.com/a/feeds/domain/%20https://www.googleapis.com/auth/calendar%20https://www.googleapis.com/auth/userinfo.profile%20https://www.googleapis.com/auth/userinfo.email%20openid&authuser=1&hd=iiitkota.ac.in&prompt=consent [31m500[0m 561.098 ms - 1089[0m
[0mGET /users/signIn [32m200[0m 4.175 ms - 6311[0m
[0mGET /users/signUp [32m200[0m 6.638 ms - 6843[0m
[0mGET /users/signIn [36m304[0m 3.621 ms - -[0m
[0mGET /users/signUp [36m304[0m 5.817 ms - -[0m
[0mGET /users/signUp [36m304[0m 2.921 ms - -[0m
[0mGET /users/signIn [36m304[0m 4.114 ms - -[0m
[0mGET / [32m200[0m 22.679 ms - 19073[0m
[0mGET /users/signIn [36m304[0m 11.002 ms - -[0m
[0mGET /users/signUp [36m304[0m 3.449 ms - -[0m
[0mGET /users/auth/google [36m302[0m 4.856 ms - 0[0m
[0mGET /users/auth/google/callback?code=4/4QGS8NxdoqlKF7eqhd6tb5DaWsAaytAlOJh-Q4-WxxNoQPVCUv6sWWuxpWxIRJlYHtYVi7rzxvAFAjnr1TfU-sw&scope=email%20profile%20https://www.googleapis.com/auth/user.organization.read%20https://apps-apis.google.com/a/feeds/domain/%20https://www.googleapis.com/auth/calendar%20https://www.googleapis.com/auth/userinfo.profile%20https://www.googleapis.com/auth/userinfo.email%20openid&authuser=1&hd=iiitkota.ac.in&prompt=consent [32m200[0m 1215.807 ms - 4866[0m
[0mGET /users/auth/google/callback?code=4/4QHT85DXqny7SsTNt-56IXQqxtl64CAc_F9uL4XpbiTJUsAHFzLM8PKOl0b9L25hSXgKN54tbaX-DlkDKozXOR8&scope=email%20profile%20https://www.googleapis.com/auth/user.organization.read%20https://apps-apis.google.com/a/feeds/domain/%20https://www.googleapis.com/auth/calendar%20https://www.googleapis.com/auth/userinfo.profile%20https://www.googleapis.com/auth/userinfo.email%20openid&authuser=1&hd=iiitkota.ac.in&prompt=consent [32m200[0m 1334.962 ms - 9476[0m
[0mGET /users/signUp [32m200[0m 7.287 ms - 9476[0m
[0mGET / [32m200[0m 68.112 ms - 19877[0m
[0mGET /users/signIn [32m200[0m 13.361 ms - 9476[0m
[0mGET /users/signIn [32m200[0m 5.326 ms - 6311[0m
[0mGET /users/signUp [32m200[0m 5.229 ms - 6843[0m
[0mGET /users/auth/google [36m302[0m 5.486 ms - 0[0m
[0mGET /users/auth/google/callback?code=4/4QHX6WlmKFpowwsWTjzXJoG8019FmOH__KLNj3iGLgIVqjFjEsmJ-OepkHLSyB_b6H601F-RS3aYylKS6PKlpMQ&scope=email%20profile%20https://www.googleapis.com/auth/user.organization.read%20https://apps-apis.google.com/a/feeds/domain/%20https://www.googleapis.com/auth/calendar%20https://www.googleapis.com/auth/userinfo.profile%20https://www.googleapis.com/auth/userinfo.email%20openid&authuser=1&hd=iiitkota.ac.in&prompt=consent [32m200[0m 1040.924 ms - 4866[0m
[0mGET /users/auth/google/callback?code=4/4QHX6WlmKFpowwsWTjzXJoG8019FmOH__KLNj3iGLgIVqjFjEsmJ-OepkHLSyB_b6H601F-RS3aYylKS6PKlpMQ&scope=email%20profile%20https://www.googleapis.com/auth/user.organization.read%20https://apps-apis.google.com/a/feeds/domain/%20https://www.googleapis.com/auth/calendar%20https://www.googleapis.com/auth/userinfo.profile%20https://www.googleapis.com/auth/userinfo.email%20openid&authuser=1&hd=iiitkota.ac.in&prompt=consent [31m500[0m 520.896 ms - 1089[0m
[0mGET /users/auth/google/callback?code=4/4QHT85DXqny7SsTNt-56IXQqxtl64CAc_F9uL4XpbiTJUsAHFzLM8PKOl0b9L25hSXgKN54tbaX-DlkDKozXOR8&scope=email%20profile%20https://www.googleapis.com/auth/user.organization.read%20https://apps-apis.google.com/a/feeds/domain/%20https://www.googleapis.com/auth/calendar%20https://www.googleapis.com/auth/userinfo.profile%20https://www.googleapis.com/auth/userinfo.email%20openid&authuser=1&hd=iiitkota.ac.in&prompt=consent [31m500[0m 488.779 ms - 1089[0m
[0mGET / [32m200[0m 26.322 ms - 19073[0m
[0mGET /users/signIn [36m304[0m 7.234 ms - -[0m
[0mGET /users/signUp [36m304[0m 5.541 ms - -[0m
[0mGET /users/auth/google [36m302[0m 11.006 ms - 0[0m
[0mGET /users/auth/google/callback?code=4/4QFmE18XSXAh7JfCgPx1_n2JJTU9D0yHucuS1RzW9FIHSoi_uBCq124yt7aMfkv-n2HnSS-6CsnG0LirO1_n7Z8&scope=email%20profile%20https://www.googleapis.com/auth/user.organization.read%20https://apps-apis.google.com/a/feeds/domain/%20https://www.googleapis.com/auth/calendar%20https://www.googleapis.com/auth/userinfo.profile%20https://www.googleapis.com/auth/userinfo.email%20openid&authuser=1&hd=iiitkota.ac.in&prompt=consent [32m200[0m 1056.451 ms - 4866[0m
[0mGET /users/signUp [36m304[0m 25.332 ms - -[0m
[0mGET /users/signUp [36m304[0m 4.405 ms - -[0m
[0mGET /users/auth/google [36m302[0m 13.479 ms - 0[0m
[0mGET / [36m304[0m 88.197 ms - -[0m
[0mGET /users/signIn [36m304[0m 6.999 ms - -[0m
[0mGET /users/signUp [36m304[0m 2.976 ms - -[0m
[0mGET /users/auth/google/callback?code=4/4QFSlR6NRSqarUWXE07CpFb7Lw8ygDrTQudlX_6TAseo5x-bwA3P2ghC4S0Zcr1xqrxq-YH7c1wGE_Nzt7d6CL4&scope=email%20profile%20https://www.googleapis.com/auth/user.organization.read%20https://apps-apis.google.com/a/feeds/domain/%20https://www.googleapis.com/auth/calendar%20https://www.googleapis.com/auth/userinfo.profile%20https://www.googleapis.com/auth/userinfo.email%20openid&authuser=1&hd=iiitkota.ac.in&prompt=consent [36m302[0m 1148.857 ms - 46[0m
[0mGET / [32m200[0m 23.864 ms - 19877[0m
[0mGET / [32m200[0m 37.907 ms - 19073[0m
[0mGET /users/signIn [36m304[0m 14.061 ms - -[0m
[0mPOST /users/create_session [36m302[0m 10.129 ms - 70[0m
[0mGET /users/signIn [32m200[0m 3.676 ms - 6527[0m
[0mGET /users/signUp [36m304[0m 7.723 ms - -[0m
[0mGET /users/auth/google [36m302[0m 10.715 ms - 0[0m
[0mGET /users/auth/google/callback?code=4/4QHHCsejhyTw_NXvwraK4c26nhDbA1htFo4FVzb5nYWukeVVLO2ddbZuTwLq1OkYyV8ZPzPvdzHBODtEzTo9qvA&scope=email%20profile%20https://www.googleapis.com/auth/user.organization.read%20https://apps-apis.google.com/a/feeds/domain/%20https://www.googleapis.com/auth/calendar%20https://www.googleapis.com/auth/userinfo.profile%20https://www.googleapis.com/auth/userinfo.email%20openid&authuser=1&hd=iiitkota.ac.in&prompt=consent [36m302[0m 1077.549 ms - 46[0m
[0mGET / [32m200[0m 27.936 ms - 19877[0m
[0mGET / [32m200[0m 60.400 ms - 19073[0m
[0mGET / [36m304[0m 40.354 ms - -[0m
[0mGET /users/signIn [32m200[0m 14.948 ms - 6311[0m
[0mGET /users/signUp [36m304[0m 3.688 ms - -[0m
[0mGET /users/auth/google [36m302[0m 9.263 ms - 0[0m
[0mGET /users/auth/google/callback?code=4/4QFZ3PWIlMPRWRz6mlTnmrb885Ji7bOWswfBNuc0GpBJa7gN3bkAjJDSpRqI0FECl7-YM_4j5BCDwklnEo7Bbho&scope=email%20profile%20https://www.googleapis.com/auth/user.organization.read%20https://apps-apis.google.com/a/feeds/domain/%20https://www.googleapis.com/auth/calendar%20https://www.googleapis.com/auth/userinfo.profile%20https://www.googleapis.com/auth/userinfo.email%20openid&authuser=1&hd=iiitkota.ac.in&prompt=consent [32m200[0m 1132.536 ms - 4866[0m
[0mGET / [36m304[0m 91.136 ms - -[0m
[0mGET /users/signUp [36m304[0m 9.995 ms - -[0m
[0mGET /users/auth/google [36m302[0m 5.946 ms - 0[0m
[0mGET /users/auth/google/callback?code=4/4QFkc7l1gLW31B3-JMWTBftCc-aNAxK_O6uJjq7UA-G67L7M_6HUrZ-dS0FwCQAmYTn3I9N--4bheZMtQ_GQaeo&scope=email%20profile%20https://www.googleapis.com/auth/user.organization.read%20https://apps-apis.google.com/a/feeds/domain/%20https://www.googleapis.com/auth/calendar%20https://www.googleapis.com/auth/userinfo.profile%20https://www.googleapis.com/auth/userinfo.email%20openid&authuser=1&hd=iiitkota.ac.in&prompt=consent [32m200[0m 1101.456 ms - 4866[0m
[0mGET /users/auth/google/callback?code=4/4QGdYZlC2e618q-YkJ86K90OT2FItfY--8DZ4jjnFyVaLPamIHXEvzkOSPyNhRkwAC6i-d0TzWbUi-ymxK9iQts&scope=email%20profile%20https://www.googleapis.com/auth/user.organization.read%20https://apps-apis.google.com/a/feeds/domain/%20https://www.googleapis.com/auth/calendar%20https://www.googleapis.com/auth/userinfo.profile%20https://www.googleapis.com/auth/userinfo.email%20openid&authuser=1&hd=iiitkota.ac.in&prompt=consent [36m302[0m 1096.463 ms - 46[0m
[0mGET / [32m200[0m 54.870 ms - 19877[0m
[0mGET /users/signIn [32m200[0m 15.422 ms - 9476[0m
[0mGET / [32m200[0m 47.961 ms - 19595[0m
[0mGET / [36m304[0m 15.141 ms - -[0m
[0mGET / [32m200[0m 34.931 ms - 19598[0m
[0mGET / [36m304[0m 17.527 ms - -[0m
[0mGET /users/signIn [36m304[0m 7.356 ms - -[0m
[0mGET / [36m304[0m 24.520 ms - -[0m
[0mGET /users/signIn [36m304[0m 14.163 ms - -[0m
[0mPOST /users/create_user [36m302[0m 15.785 ms - 46[0m
[0mGET / [32m200[0m 20.348 ms - 20174[0m
[0mGET /dashboard/student [36m304[0m 15.371 ms - -[0m
[0mGET /dashboard/student [36m304[0m 9.133 ms - -[0m
[0mGET / [32m200[0m 28.098 ms - 19952[0m
[0mGET /users/SignOut [36m302[0m 5.495 ms - 46[0m
[0mGET / [32m200[0m 17.407 ms - 19027[0m
[0mGET /users/signUp [36m304[0m 6.662 ms - -[0m
[0mGET / [32m200[0m 14.624 ms - 18816[0m
[0mGET / [32m200[0m 28.012 ms - 19097[0m
[0mGET / [32m200[0m 15.677 ms - 19097[0m
[0mGET / [32m200[0m 18.518 ms - 19098[0m
[0mGET /users/signIn [32m200[0m 7.872 ms - 6311[0m
[0mGET / [32m200[0m 17.265 ms - 19096[0m
[0mGET /users/signIn [36m304[0m 5.678 ms - -[0m
[0mGET /users/signIn [36m304[0m 11.641 ms - -[0m
[0mPOST /users/create_session [36m302[0m 4.243 ms - 70[0m
[0mGET /users/signIn [32m200[0m 4.216 ms - 6527[0m
[0mPOST /users/create_session [36m302[0m 4.826 ms - 46[0m
[0mGET / [32m200[0m 20.351 ms - 19952[0m
[0mGET / [36m304[0m 16.380 ms - -[0m
[0mGET /dashboard/student [36m304[0m 10.442 ms - -[0m
[0mGET /users/SignOut [36m302[0m 3.740 ms - 46[0m
[0mGET / [32m200[0m 33.102 ms - 19307[0m
[0mGET /users/signUp [36m304[0m 15.783 ms - -[0m
[0mGET /users/auth/google [36m302[0m 12.027 ms - 0[0m
[0mGET /users/auth/google/callback?code=4/4QENDyWZYxlfeheROgk98-LXYRXZw7-uIuabTI7ehysMPIBiPDknS_QSp6IsOy87_r2hT87Y8sotgP9TTsSp_38&scope=email%20profile%20https://www.googleapis.com/auth/user.organization.read%20https://apps-apis.google.com/a/feeds/domain/%20https://www.googleapis.com/auth/calendar%20https://www.googleapis.com/auth/userinfo.profile%20https://www.googleapis.com/auth/userinfo.email%20openid&authuser=1&hd=iiitkota.ac.in&prompt=consent [36m302[0m 1017.330 ms - 46[0m
[0mGET / [32m200[0m 21.613 ms - 19952[0m
[0mGET / [36m304[0m 16.608 ms - -[0m
[0mGET /organizations/register [36m304[0m 6.082 ms - -[0m
[0mPOST /organizations/instituteDetails [36m302[0m 58.160 ms - 132[0m
[0mGET /organizations/register [32m200[0m 14.724 ms - 5476[0m
[0mGET / [36m304[0m 48.552 ms - -[0m
[0mGET /users/SignOut [36m302[0m 7.842 ms - 46[0m
[0mGET / [32m200[0m 17.850 ms - 19307[0m
[0mGET /users/signUp [36m304[0m 8.101 ms - -[0m
[0mGET /users/auth/google [36m302[0m 7.501 ms - 0[0m
[0mGET /users/auth/google/callback?code=4/4QGkl4ly0VXu8WhLukRtWMMoGBc9ymeXgHEnpaN6NGBUppkGMzzx_ERiVUtW1DkUBy2hZ89YU9y4wFLQewhUzDs&scope=email%20profile%20https://www.googleapis.com/auth/userinfo.profile%20https://www.googleapis.com/auth/userinfo.email%20https://www.googleapis.com/auth/calendar%20https://apps-apis.google.com/a/feeds/domain/%20https://www.googleapis.com/auth/user.organization.read%20openid&authuser=0&prompt=consent [36m302[0m 941.218 ms - 46[0m
[0mGET / [32m200[0m 17.758 ms - 19534[0m
[0mGET /users/signIn [32m200[0m 6.288 ms - 9463[0m
[0mPOST /users/create_user [36m302[0m 21.727 ms - 46[0m
[0mGET / [32m200[0m 13.781 ms - 20178[0m
[0mGET /dashboard/teacher [0m-[0m - ms - -[0m
[0mGET /users/signUp [36m302[0m 14.835 ms - 72[0m
[0mGET /users/profile [33m404[0m 5.602 ms - 152[0m
[0mGET /users/profile [33m404[0m 4.121 ms - 152[0m
[0mGET / [32m200[0m 49.338 ms - 19878[0m
[0mGET /dashboard/teacher [0m-[0m - ms - -[0m
[0mGET /dashboard/teacher [0m-[0m - ms - -[0m
[0mGET / [32m200[0m 47.726 ms - 19096[0m
[0mGET /organizations/register [32m200[0m 14.041 ms - 5223[0m
[0mPOST /organizations/instituteDetails [36m302[0m 70.128 ms - 132[0m
[0mGET /organizations/register [32m200[0m 12.946 ms - 5476[0m
[0mGET /organizations/register [32m200[0m 5.059 ms - 5223[0m
[0mGET /users/signUp [32m200[0m 9.179 ms - 6843[0m
[0mGET /users/auth/google [36m302[0m 5.073 ms - 0[0m
[0mGET /users/auth/google/callback?code=4/4QHr4ixdBdr_uEgymcOQsHfZm1ALR7ktjSYXI8PimpjzfClU84cl15n0bADpY3qI0PAI2PpQmiipPKKFYl85gVI&scope=email%20profile%20https://www.googleapis.com/auth/user.organization.read%20https://apps-apis.google.com/a/feeds/domain/%20https://www.googleapis.com/auth/calendar%20https://www.googleapis.com/auth/userinfo.profile%20https://www.googleapis.com/auth/userinfo.email%20openid&authuser=1&hd=iiitkota.ac.in&prompt=consent [36m302[0m 1438.118 ms - 46[0m
[0mGET / [32m200[0m 27.323 ms - 19598[0m
[0mGET /users/signIn [32m200[0m 14.040 ms - 9476[0m
[0mPOST /users/create_user [36m302[0m 20.552 ms - 46[0m
[0mGET / [32m200[0m 22.363 ms - 20174[0m
[0mGET /dashboard/student [36m304[0m 12.512 ms - -[0m
[0mGET /users/SignOut [36m302[0m 8.100 ms - 46[0m
[0mGET / [32m200[0m 14.078 ms - 19307[0m
[0mGET /users/signUp [36m304[0m 4.828 ms - -[0m
[0mGET /users/auth/google [36m302[0m 7.403 ms - 0[0m
[0mGET /users/auth/google/callback?code=4/4QE9T-bnH9QfSbRiS0OU44Oon4NsmLlWQVto2PwE100XsQ3D3Iqd1hYO5g9_PRWe6kldJcQM8TFRsuyyWgCAHh4&scope=email%20profile%20https://www.googleapis.com/auth/userinfo.profile%20https://www.googleapis.com/auth/userinfo.email%20https://www.googleapis.com/auth/calendar%20https://apps-apis.google.com/a/feeds/domain/%20https://www.googleapis.com/auth/user.organization.read%20openid&authuser=0&prompt=consent [36m302[0m 1488.143 ms - 46[0m
[0mGET / [32m200[0m 20.076 ms - 19534[0m
[0mGET /users/signIn [32m200[0m 33.037 ms - 9463[0m
[0mPOST /users/create_user [36m302[0m 47.486 ms - 46[0m
[0mGET / [32m200[0m 33.341 ms - 20239[0m
[0mGET /users/auth/google [36m302[0m 2977.192 ms - 0[0m
[0mGET /users/auth/google/callback?code=4/4QEdaSv6Pf41BMoe_BTyGh431ArzOaC1w4Cs9sD5ZYqI0ACbpHEKBIMsZNRStHvxU2EcwTCwUPIIgFX0rDrARIs&scope=email%20profile%20https://www.googleapis.com/auth/userinfo.profile%20https://www.googleapis.com/auth/userinfo.email%20https://www.googleapis.com/auth/calendar%20https://apps-apis.google.com/a/feeds/domain/%20https://www.googleapis.com/auth/user.organization.read%20openid&authuser=2&prompt=consent [36m302[0m 1641.411 ms - 46[0m
[0mGET / [32m200[0m 144.800 ms - 19531[0m
[0mGET /users/signIn [32m200[0m 122.338 ms - 9462[0m
[0mPOST /users/create_user [36m302[0m 50.091 ms - 46[0m
[0mGET / [32m200[0m 110.426 ms - 20237[0m
[0mGET /dashboard/teacher [0m-[0m - ms - -[0m
[0mGET /dashboard/teacher [0m-[0m - ms - -[0m
[0mGET /dashboard/teacher [32m200[0m 40.558 ms - 12641[0m
[0mGET /dashboard/teacher [32m200[0m 34.697 ms - 12632[0m
[0mGET /dashboard/teacher [36m304[0m 16.566 ms - -[0m
[0mGET /dashboard/teacher [36m304[0m 9.839 ms - -[0m
[0mGET /dashboard/teacher [36m304[0m 14.868 ms - -[0m
[0mGET /dashboard/teacher [32m200[0m 58.878 ms - 13479[0m
[0mGET /dashboard/teacher [36m304[0m 51.863 ms - -[0m
[0mGET /dashboard/teacher [31m500[0m 58.719 ms - 2019[0m
[0mGET /dashboard/teacher [32m200[0m 57.555 ms - 12632[0m
[0mGET / [32m200[0m 121.295 ms - 19936[0m
[0mGET /dashboard/teacher [36m304[0m 103.316 ms - -[0m
[0mGET /dashboard/teacher [36m304[0m 138.964 ms - -[0m
[0mGET /dashboard/teacher [36m304[0m 196.894 ms - -[0m
[0mGET /dashboard/teacher [36m304[0m 158.314 ms - -[0m
[0mGET /dashboard/teacher [32m200[0m 141.612 ms - 13524[0m
[0mGET /dashboard/teacher [36m304[0m 136.308 ms - -[0m
[0mGET /dashboard/teacher [36m304[0m 53.218 ms - -[0m
[0mGET / [36m304[0m 54.237 ms - -[0m
[0mGET /dashboard/teacher [36m304[0m 26.362 ms - -[0m
[0mGET /dashboard/teacher [32m200[0m 40.902 ms - 13749[0m
[0mGET /dashboard/teacher [36m304[0m 301.701 ms - -[0m
[0mGET /dashboard/teacher [32m200[0m 66.801 ms - 13524[0m
[0mGET /dashboard/teacher [32m200[0m 15.639 ms - 13749[0m
[0mGET / [32m200[0m 43.974 ms - 20161[0m
[0mGET / [32m200[0m 44.084 ms - 19936[0m
[0mGET / [36m304[0m 17.689 ms - -[0m
[0mGET /dashboard/teacher [32m200[0m 19.141 ms - 13524[0m
[0mGET /dashboard/teacher [32m200[0m 16.262 ms - 13749[0m
[0mGET /dashboard/teacher [36m304[0m 24.321 ms - -[0m
[0mGET /dashboard/teacher [36m304[0m 17.158 ms - -[0m
[0mGET /dashboard/teacher [0m-[0m - ms - -[0m
[0mGET /dashboard/teacher [32m200[0m 180.638 ms - 13749[0m
[0mGET / [32m200[0m 118.317 ms - 20161[0m
[0mGET /users/SignOut [36m302[0m 113.657 ms - 46[0m
[0mGET / [32m200[0m 116.651 ms - 19307[0m
[0mGET /users/signUp [36m304[0m 32.999 ms - -[0m
[0mGET /users/auth/google [36m302[0m 12.283 ms - 0[0m
[0mGET /users/auth/google/callback?code=4/4QEXITIKY1Twwok6QuTlakSYXZBR0AoNiJ_Op3t3UOLRqgbP5rYyhR52LaVfmxV4iqSGapqxp_U0X_IajXpsC9Q&scope=email%20profile%20openid%20https://www.googleapis.com/auth/userinfo.profile%20https://www.googleapis.com/auth/userinfo.email%20https://apps-apis.google.com/a/feeds/domain/%20https://www.googleapis.com/auth/calendar%20https://www.googleapis.com/auth/user.organization.read&authuser=3&hd=iiitkota.ac.in&prompt=consent [36m302[0m 1501.732 ms - 46[0m
[0mGET / [32m200[0m 119.312 ms - 19565[0m
[0mGET /users/signIn [32m200[0m 70.504 ms - 9479[0m
[0mPOST /users/create_user [36m302[0m 29.071 ms - 46[0m
[0mGET / [32m200[0m 60.977 ms - 20141[0m
[0mGET /dashboard/student [32m200[0m 110.352 ms - 7384[0m
[0mGET /users/SignOut [36m302[0m 19.329 ms - 46[0m
[0mGET / [32m200[0m 136.238 ms - 19307[0m
[0mGET /users/signIn [32m200[0m 14.016 ms - 6311[0m
[0mPOST /users/create_session [36m302[0m 17.755 ms - 70[0m
[0mGET /users/signIn [32m200[0m 16.132 ms - 6527[0m
[0mPOST /users/create_session [36m302[0m 7.292 ms - 46[0m
[0mGET / [32m200[0m 48.851 ms - 19936[0m
[0mGET /dashboard/teacher [32m200[0m 41.299 ms - 14384[0m
[0mGET /dashboard/teacher [32m200[0m 166.977 ms - 14726[0m
[0mGET /dashboard/teacher [36m304[0m 47.929 ms - -[0m
[0mGET /dashboard/teacher [32m200[0m 46.718 ms - 13000[0m
[0mGET /dashboard/teacher [32m200[0m 108.856 ms - 13054[0m
[0mGET /dashboard/teacher [32m200[0m 125.602 ms - 13048[0m
[0mGET /dashboard/teacher [32m200[0m 65.895 ms - 13048[0m
[0mGET /dashboard/teacher [32m200[0m 32.842 ms - 13048[0m
[0mGET /dashboard/teacher [36m304[0m 75.757 ms - -[0m
[0mGET /dashboard/teacher [32m200[0m 308.141 ms - 13112[0m
[0mGET /dashboard/teacher [36m304[0m 324.371 ms - -[0m
[0mGET /dashboard/teacher [32m200[0m 57.243 ms - 13350[0m
[0mGET /dashboard/teacher [32m200[0m 117.764 ms - 13442[0m
[0mGET /dashboard/teacher [32m200[0m 375.664 ms - 13530[0m
[0mGET /dashboard/teacher [32m200[0m 33.392 ms - 13350[0m
[0mGET /dashboard/teacher [32m200[0m 94.428 ms - 13438[0m
[0mGET /dashboard/teacher [32m200[0m 456.297 ms - 13440[0m
[0mGET /dashboard/teacher [32m200[0m 26.355 ms - 13513[0m
[0mGET /dashboard/teacher [32m200[0m 138.323 ms - 13571[0m
[0mGET /dashboard/teacher [36m304[0m 17.550 ms - -[0m
[0mGET /dashboard/teacher [36m304[0m 43.553 ms - -[0m
[0mGET /dashboard/teacher [31m500[0m 26.833 ms - 1832[0m
[0mGET /dashboard/teacher [32m200[0m 16.588 ms - 13639[0m
[0mGET /dashboard/teacher [36m304[0m 9.172 ms - -[0m
